{
  "meta": {
    "format": 3,
    "version": "7.10.0",
    "timestamp": "2025-07-29T00:06:00.972508",
    "branch_coverage": false,
    "show_contexts": false
  },
  "files": {
    "src/flext_core/__init__.py": {
      "executed_lines": [
        1, 69, 71, 72, 73, 81, 91, 99, 100, 108, 109, 110, 125, 126, 138, 139,
        153, 160, 172, 173, 177, 214, 215, 216, 217, 234, 235, 238
      ],
      "summary": {
        "covered_lines": 27,
        "num_statements": 27,
        "percent_covered": 100.0,
        "percent_covered_display": "100",
        "missing_lines": 0,
        "excluded_lines": 0
      },
      "missing_lines": [],
      "excluded_lines": [],
      "functions": {
        "": {
          "executed_lines": [
            1, 69, 71, 72, 73, 81, 91, 99, 100, 108, 109, 110, 125, 126, 138,
            139, 153, 160, 172, 173, 177, 214, 215, 216, 217, 234, 235, 238
          ],
          "summary": {
            "covered_lines": 27,
            "num_statements": 27,
            "percent_covered": 100.0,
            "percent_covered_display": "100",
            "missing_lines": 0,
            "excluded_lines": 0
          },
          "missing_lines": [],
          "excluded_lines": []
        }
      },
      "classes": {
        "": {
          "executed_lines": [
            1, 69, 71, 72, 73, 81, 91, 99, 100, 108, 109, 110, 125, 126, 138,
            139, 153, 160, 172, 173, 177, 214, 215, 216, 217, 234, 235, 238
          ],
          "summary": {
            "covered_lines": 27,
            "num_statements": 27,
            "percent_covered": 100.0,
            "percent_covered_display": "100",
            "missing_lines": 0,
            "excluded_lines": 0
          },
          "missing_lines": [],
          "excluded_lines": []
        }
      }
    },
    "src/flext_core/_builder_base.py": {
      "executed_lines": [
        1, 9, 11, 13, 15, 19, 20, 22, 29, 30, 31, 32, 34, 45, 46, 47, 49, 50,
        51, 53, 54, 56, 72, 87, 111, 143, 187, 191, 201, 210, 219, 231, 235,
        236, 240, 241, 245, 246, 250, 251, 255, 256, 261, 262, 264, 278, 292,
        308, 318, 328, 340, 345, 351
      ],
      "summary": {
        "covered_lines": 50,
        "num_statements": 119,
        "percent_covered": 42.016806722689076,
        "percent_covered_display": "42",
        "missing_lines": 69,
        "excluded_lines": 0
      },
      "missing_lines": [
        16, 67, 68, 70, 82, 83, 85, 98, 99, 100, 101, 103, 104, 105, 106, 107,
        109, 128, 129, 131, 132, 133, 138, 139, 141, 162, 163, 165, 166, 167,
        169, 170, 174, 175, 177, 178, 182, 183, 185, 189, 198, 199, 208, 217,
        226, 227, 228, 229, 233, 238, 243, 248, 253, 258, 275, 276, 289, 290,
        303, 304, 305, 306, 316, 325, 326, 335, 336, 342, 347
      ],
      "excluded_lines": [],
      "functions": {
        "_BaseBuilder.__init__": {
          "executed_lines": [29, 30, 31, 32],
          "summary": {
            "covered_lines": 4,
            "num_statements": 4,
            "percent_covered": 100.0,
            "percent_covered_display": "100",
            "missing_lines": 0,
            "excluded_lines": 0
          },
          "missing_lines": [],
          "excluded_lines": []
        },
        "_BaseBuilder._set_property": {
          "executed_lines": [45, 46, 47, 49, 50, 51, 53, 54],
          "summary": {
            "covered_lines": 8,
            "num_statements": 8,
            "percent_covered": 100.0,
            "percent_covered_display": "100",
            "missing_lines": 0,
            "excluded_lines": 0
          },
          "missing_lines": [],
          "excluded_lines": []
        },
        "_BaseBuilder._get_property": {
          "executed_lines": [],
          "summary": {
            "covered_lines": 0,
            "num_statements": 3,
            "percent_covered": 0.0,
            "percent_covered_display": "0",
            "missing_lines": 3,
            "excluded_lines": 0
          },
          "missing_lines": [67, 68, 70],
          "excluded_lines": []
        },
        "_BaseBuilder._has_property": {
          "executed_lines": [],
          "summary": {
            "covered_lines": 0,
            "num_statements": 3,
            "percent_covered": 0.0,
            "percent_covered_display": "0",
            "missing_lines": 3,
            "excluded_lines": 0
          },
          "missing_lines": [82, 83, 85],
          "excluded_lines": []
        },
        "_BaseBuilder._validate_required": {
          "executed_lines": [],
          "summary": {
            "covered_lines": 0,
            "num_statements": 10,
            "percent_covered": 0.0,
            "percent_covered_display": "0",
            "missing_lines": 10,
            "excluded_lines": 0
          },
          "missing_lines": [98, 99, 100, 101, 103, 104, 105, 106, 107, 109],
          "excluded_lines": []
        },
        "_BaseBuilder._validate_type": {
          "executed_lines": [],
          "summary": {
            "covered_lines": 0,
            "num_statements": 8,
            "percent_covered": 0.0,
            "percent_covered_display": "0",
            "missing_lines": 8,
            "excluded_lines": 0
          },
          "missing_lines": [128, 129, 131, 132, 133, 138, 139, 141],
          "excluded_lines": []
        },
        "_BaseBuilder._validate_string_length": {
          "executed_lines": [],
          "summary": {
            "covered_lines": 0,
            "num_statements": 14,
            "percent_covered": 0.0,
            "percent_covered_display": "0",
            "missing_lines": 14,
            "excluded_lines": 0
          },
          "missing_lines": [
            162, 163, 165, 166, 167, 169, 170, 174, 175, 177, 178, 182, 183, 185
          ],
          "excluded_lines": []
        },
        "_BaseBuilder._clear_errors": {
          "executed_lines": [],
          "summary": {
            "covered_lines": 0,
            "num_statements": 1,
            "percent_covered": 0.0,
            "percent_covered_display": "0",
            "missing_lines": 1,
            "excluded_lines": 0
          },
          "missing_lines": [189],
          "excluded_lines": []
        },
        "_BaseBuilder._add_error": {
          "executed_lines": [],
          "summary": {
            "covered_lines": 0,
            "num_statements": 2,
            "percent_covered": 0.0,
            "percent_covered_display": "0",
            "missing_lines": 2,
            "excluded_lines": 0
          },
          "missing_lines": [198, 199],
          "excluded_lines": []
        },
        "_BaseBuilder._is_valid": {
          "executed_lines": [],
          "summary": {
            "covered_lines": 0,
            "num_statements": 1,
            "percent_covered": 0.0,
            "percent_covered_display": "0",
            "missing_lines": 1,
            "excluded_lines": 0
          },
          "missing_lines": [208],
          "excluded_lines": []
        },
        "_BaseBuilder._get_errors": {
          "executed_lines": [],
          "summary": {
            "covered_lines": 0,
            "num_statements": 1,
            "percent_covered": 0.0,
            "percent_covered_display": "0",
            "missing_lines": 1,
            "excluded_lines": 0
          },
          "missing_lines": [217],
          "excluded_lines": []
        },
        "_BaseBuilder._reset": {
          "executed_lines": [],
          "summary": {
            "covered_lines": 0,
            "num_statements": 4,
            "percent_covered": 0.0,
            "percent_covered_display": "0",
            "missing_lines": 4,
            "excluded_lines": 0
          },
          "missing_lines": [226, 227, 228, 229],
          "excluded_lines": []
        },
        "_BaseBuilder._mark_built": {
          "executed_lines": [],
          "summary": {
            "covered_lines": 0,
            "num_statements": 1,
            "percent_covered": 0.0,
            "percent_covered_display": "0",
            "missing_lines": 1,
            "excluded_lines": 0
          },
          "missing_lines": [233],
          "excluded_lines": []
        },
        "_BaseBuilder.builder_name": {
          "executed_lines": [],
          "summary": {
            "covered_lines": 0,
            "num_statements": 1,
            "percent_covered": 0.0,
            "percent_covered_display": "0",
            "missing_lines": 1,
            "excluded_lines": 0
          },
          "missing_lines": [238],
          "excluded_lines": []
        },
        "_BaseBuilder.property_count": {
          "executed_lines": [],
          "summary": {
            "covered_lines": 0,
            "num_statements": 1,
            "percent_covered": 0.0,
            "percent_covered_display": "0",
            "missing_lines": 1,
            "excluded_lines": 0
          },
          "missing_lines": [243],
          "excluded_lines": []
        },
        "_BaseBuilder.error_count": {
          "executed_lines": [],
          "summary": {
            "covered_lines": 0,
            "num_statements": 1,
            "percent_covered": 0.0,
            "percent_covered_display": "0",
            "missing_lines": 1,
            "excluded_lines": 0
          },
          "missing_lines": [248],
          "excluded_lines": []
        },
        "_BaseBuilder.is_built": {
          "executed_lines": [],
          "summary": {
            "covered_lines": 0,
            "num_statements": 1,
            "percent_covered": 0.0,
            "percent_covered_display": "0",
            "missing_lines": 1,
            "excluded_lines": 0
          },
          "missing_lines": [253],
          "excluded_lines": []
        },
        "_BaseBuilder.property_keys": {
          "executed_lines": [],
          "summary": {
            "covered_lines": 0,
            "num_statements": 1,
            "percent_covered": 0.0,
            "percent_covered_display": "0",
            "missing_lines": 1,
            "excluded_lines": 0
          },
          "missing_lines": [258],
          "excluded_lines": []
        },
        "_BaseFluentBuilder.with_property": {
          "executed_lines": [],
          "summary": {
            "covered_lines": 0,
            "num_statements": 2,
            "percent_covered": 0.0,
            "percent_covered_display": "0",
            "missing_lines": 2,
            "excluded_lines": 0
          },
          "missing_lines": [275, 276],
          "excluded_lines": []
        },
        "_BaseFluentBuilder.when": {
          "executed_lines": [],
          "summary": {
            "covered_lines": 0,
            "num_statements": 2,
            "percent_covered": 0.0,
            "percent_covered_display": "0",
            "missing_lines": 2,
            "excluded_lines": 0
          },
          "missing_lines": [289, 290],
          "excluded_lines": []
        },
        "_BaseFluentBuilder.then_set": {
          "executed_lines": [],
          "summary": {
            "covered_lines": 0,
            "num_statements": 4,
            "percent_covered": 0.0,
            "percent_covered_display": "0",
            "missing_lines": 4,
            "excluded_lines": 0
          },
          "missing_lines": [303, 304, 305, 306],
          "excluded_lines": []
        },
        "_BaseFluentBuilder.validate": {
          "executed_lines": [],
          "summary": {
            "covered_lines": 0,
            "num_statements": 1,
            "percent_covered": 0.0,
            "percent_covered_display": "0",
            "missing_lines": 1,
            "excluded_lines": 0
          },
          "missing_lines": [316],
          "excluded_lines": []
        },
        "_BaseFluentBuilder.clear_errors": {
          "executed_lines": [],
          "summary": {
            "covered_lines": 0,
            "num_statements": 2,
            "percent_covered": 0.0,
            "percent_covered_display": "0",
            "missing_lines": 2,
            "excluded_lines": 0
          },
          "missing_lines": [325, 326],
          "excluded_lines": []
        },
        "_BaseFluentBuilder.reset": {
          "executed_lines": [],
          "summary": {
            "covered_lines": 0,
            "num_statements": 2,
            "percent_covered": 0.0,
            "percent_covered_display": "0",
            "missing_lines": 2,
            "excluded_lines": 0
          },
          "missing_lines": [335, 336],
          "excluded_lines": []
        },
        "_create_builder": {
          "executed_lines": [],
          "summary": {
            "covered_lines": 0,
            "num_statements": 1,
            "percent_covered": 0.0,
            "percent_covered_display": "0",
            "missing_lines": 1,
            "excluded_lines": 0
          },
          "missing_lines": [342],
          "excluded_lines": []
        },
        "_create_fluent_builder": {
          "executed_lines": [],
          "summary": {
            "covered_lines": 0,
            "num_statements": 1,
            "percent_covered": 0.0,
            "percent_covered_display": "0",
            "missing_lines": 1,
            "excluded_lines": 0
          },
          "missing_lines": [347],
          "excluded_lines": []
        },
        "": {
          "executed_lines": [
            1, 9, 11, 13, 15, 19, 20, 22, 34, 56, 72, 87, 111, 143, 187, 191,
            201, 210, 219, 231, 235, 236, 240, 241, 245, 246, 250, 251, 255,
            256, 261, 262, 264, 278, 292, 308, 318, 328, 340, 345, 351
          ],
          "summary": {
            "covered_lines": 38,
            "num_statements": 39,
            "percent_covered": 97.43589743589743,
            "percent_covered_display": "97",
            "missing_lines": 1,
            "excluded_lines": 0
          },
          "missing_lines": [16],
          "excluded_lines": []
        }
      },
      "classes": {
        "_BaseBuilder": {
          "executed_lines": [29, 30, 31, 32, 45, 46, 47, 49, 50, 51, 53, 54],
          "summary": {
            "covered_lines": 12,
            "num_statements": 65,
            "percent_covered": 18.46153846153846,
            "percent_covered_display": "18",
            "missing_lines": 53,
            "excluded_lines": 0
          },
          "missing_lines": [
            67, 68, 70, 82, 83, 85, 98, 99, 100, 101, 103, 104, 105, 106, 107,
            109, 128, 129, 131, 132, 133, 138, 139, 141, 162, 163, 165, 166,
            167, 169, 170, 174, 175, 177, 178, 182, 183, 185, 189, 198, 199,
            208, 217, 226, 227, 228, 229, 233, 238, 243, 248, 253, 258
          ],
          "excluded_lines": []
        },
        "_BaseFluentBuilder": {
          "executed_lines": [],
          "summary": {
            "covered_lines": 0,
            "num_statements": 13,
            "percent_covered": 0.0,
            "percent_covered_display": "0",
            "missing_lines": 13,
            "excluded_lines": 0
          },
          "missing_lines": [
            275, 276, 289, 290, 303, 304, 305, 306, 316, 325, 326, 335, 336
          ],
          "excluded_lines": []
        },
        "": {
          "executed_lines": [
            1, 9, 11, 13, 15, 19, 20, 22, 34, 56, 72, 87, 111, 143, 187, 191,
            201, 210, 219, 231, 235, 236, 240, 241, 245, 246, 250, 251, 255,
            256, 261, 262, 264, 278, 292, 308, 318, 328, 340, 345, 351
          ],
          "summary": {
            "covered_lines": 38,
            "num_statements": 41,
            "percent_covered": 92.6829268292683,
            "percent_covered_display": "93",
            "missing_lines": 3,
            "excluded_lines": 0
          },
          "missing_lines": [16, 342, 347],
          "excluded_lines": []
        }
      }
    },
    "src/flext_core/_config_base.py": {
      "executed_lines": [
        1, 70, 72, 73, 74, 75, 77, 78, 80, 91, 92, 94, 95, 109, 113, 124, 125,
        126, 130, 131, 148, 151, 152, 154, 155, 158, 159, 160, 161, 163, 167,
        168, 178, 179, 181, 182, 184, 187, 188, 190, 193, 194, 195, 197, 198,
        237, 238, 240, 241, 257, 260, 261, 262, 263, 267, 268, 294, 295, 334,
        335, 337, 338, 352, 355, 358, 360, 363, 364, 365, 367, 371, 372, 384,
        387, 388, 390, 391, 395, 397, 401, 402, 437, 438, 440, 442, 448, 449,
        450, 453, 454, 456, 457, 458, 459, 460, 463, 464, 466, 467, 492
      ],
      "summary": {
        "covered_lines": 93,
        "num_statements": 156,
        "percent_covered": 59.61538461538461,
        "percent_covered_display": "60",
        "missing_lines": 63,
        "excluded_lines": 0
      },
      "missing_lines": [
        81, 83, 110, 114, 115, 117, 118, 119, 127, 128, 149, 156, 157, 164, 165,
        185, 191, 215, 216, 218, 219, 221, 222, 224, 225, 227, 228, 229, 258,
        264, 265, 284, 285, 286, 287, 291, 292, 313, 314, 315, 319, 320, 324,
        325, 326, 353, 356, 368, 369, 385, 392, 398, 399, 416, 417, 419, 420,
        422, 423, 427, 428, 429, 476
      ],
      "excluded_lines": [],
      "functions": {
        "_BaseConfigOps.safe_load_from_dict": {
          "executed_lines": [109, 113, 124, 125, 126],
          "summary": {
            "covered_lines": 5,
            "num_statements": 13,
            "percent_covered": 38.46153846153846,
            "percent_covered_display": "38",
            "missing_lines": 8,
            "excluded_lines": 0
          },
          "missing_lines": [110, 114, 115, 117, 118, 119, 127, 128],
          "excluded_lines": []
        },
        "_BaseConfigOps.safe_get_env_var": {
          "executed_lines": [148, 151, 152, 154, 155, 158, 159, 160, 161, 163],
          "summary": {
            "covered_lines": 10,
            "num_statements": 15,
            "percent_covered": 66.66666666666667,
            "percent_covered_display": "67",
            "missing_lines": 5,
            "excluded_lines": 0
          },
          "missing_lines": [149, 156, 157, 164, 165],
          "excluded_lines": []
        },
        "_BaseConfigOps.safe_load_json_file": {
          "executed_lines": [
            178, 179, 181, 182, 184, 187, 188, 190, 193, 194, 195
          ],
          "summary": {
            "covered_lines": 11,
            "num_statements": 13,
            "percent_covered": 84.61538461538461,
            "percent_covered_display": "85",
            "missing_lines": 2,
            "excluded_lines": 0
          },
          "missing_lines": [185, 191],
          "excluded_lines": []
        },
        "_BaseConfigOps.safe_save_json_file": {
          "executed_lines": [],
          "summary": {
            "covered_lines": 0,
            "num_statements": 11,
            "percent_covered": 0.0,
            "percent_covered_display": "0",
            "missing_lines": 11,
            "excluded_lines": 0
          },
          "missing_lines": [
            215, 216, 218, 219, 221, 222, 224, 225, 227, 228, 229
          ],
          "excluded_lines": []
        },
        "_BaseConfigValidation.validate_config_value": {
          "executed_lines": [257, 260, 261, 262, 263],
          "summary": {
            "covered_lines": 5,
            "num_statements": 8,
            "percent_covered": 62.5,
            "percent_covered_display": "62",
            "missing_lines": 3,
            "excluded_lines": 0
          },
          "missing_lines": [258, 264, 265],
          "excluded_lines": []
        },
        "_BaseConfigValidation.validate_config_type": {
          "executed_lines": [],
          "summary": {
            "covered_lines": 0,
            "num_statements": 6,
            "percent_covered": 0.0,
            "percent_covered_display": "0",
            "missing_lines": 6,
            "excluded_lines": 0
          },
          "missing_lines": [284, 285, 286, 287, 291, 292],
          "excluded_lines": []
        },
        "_BaseConfigValidation.validate_config_range": {
          "executed_lines": [],
          "summary": {
            "covered_lines": 0,
            "num_statements": 8,
            "percent_covered": 0.0,
            "percent_covered_display": "0",
            "missing_lines": 8,
            "excluded_lines": 0
          },
          "missing_lines": [313, 314, 315, 319, 320, 324, 325, 326],
          "excluded_lines": []
        },
        "_BaseConfigDefaults.apply_defaults": {
          "executed_lines": [352, 355, 358, 360, 363, 364, 365, 367],
          "summary": {
            "covered_lines": 8,
            "num_statements": 12,
            "percent_covered": 66.66666666666667,
            "percent_covered_display": "67",
            "missing_lines": 4,
            "excluded_lines": 0
          },
          "missing_lines": [353, 356, 368, 369],
          "excluded_lines": []
        },
        "_BaseConfigDefaults.merge_configs": {
          "executed_lines": [384, 387, 388, 390, 391, 395, 397],
          "summary": {
            "covered_lines": 7,
            "num_statements": 11,
            "percent_covered": 63.63636363636363,
            "percent_covered_display": "64",
            "missing_lines": 4,
            "excluded_lines": 0
          },
          "missing_lines": [385, 392, 398, 399],
          "excluded_lines": []
        },
        "_BaseConfigDefaults.filter_config_keys": {
          "executed_lines": [],
          "summary": {
            "covered_lines": 0,
            "num_statements": 9,
            "percent_covered": 0.0,
            "percent_covered_display": "0",
            "missing_lines": 9,
            "excluded_lines": 0
          },
          "missing_lines": [416, 417, 419, 420, 422, 423, 427, 428, 429],
          "excluded_lines": []
        },
        "_BaseConfig.get_model_config": {
          "executed_lines": [],
          "summary": {
            "covered_lines": 0,
            "num_statements": 1,
            "percent_covered": 0.0,
            "percent_covered_display": "0",
            "missing_lines": 1,
            "excluded_lines": 0
          },
          "missing_lines": [476],
          "excluded_lines": []
        },
        "": {
          "executed_lines": [
            1, 70, 72, 73, 74, 75, 77, 78, 80, 91, 92, 94, 95, 130, 131, 167,
            168, 197, 198, 237, 238, 240, 241, 267, 268, 294, 295, 334, 335,
            337, 338, 371, 372, 401, 402, 437, 438, 440, 442, 448, 449, 450,
            453, 454, 456, 457, 458, 459, 460, 463, 464, 466, 467, 492
          ],
          "summary": {
            "covered_lines": 47,
            "num_statements": 49,
            "percent_covered": 95.91836734693878,
            "percent_covered_display": "96",
            "missing_lines": 2,
            "excluded_lines": 0
          },
          "missing_lines": [81, 83],
          "excluded_lines": []
        }
      },
      "classes": {
        "_BaseConfigOps": {
          "executed_lines": [
            109, 113, 124, 125, 126, 148, 151, 152, 154, 155, 158, 159, 160,
            161, 163, 178, 179, 181, 182, 184, 187, 188, 190, 193, 194, 195
          ],
          "summary": {
            "covered_lines": 26,
            "num_statements": 52,
            "percent_covered": 50.0,
            "percent_covered_display": "50",
            "missing_lines": 26,
            "excluded_lines": 0
          },
          "missing_lines": [
            110, 114, 115, 117, 118, 119, 127, 128, 149, 156, 157, 164, 165,
            185, 191, 215, 216, 218, 219, 221, 222, 224, 225, 227, 228, 229
          ],
          "excluded_lines": []
        },
        "_BaseConfigValidation": {
          "executed_lines": [257, 260, 261, 262, 263],
          "summary": {
            "covered_lines": 5,
            "num_statements": 22,
            "percent_covered": 22.727272727272727,
            "percent_covered_display": "23",
            "missing_lines": 17,
            "excluded_lines": 0
          },
          "missing_lines": [
            258, 264, 265, 284, 285, 286, 287, 291, 292, 313, 314, 315, 319,
            320, 324, 325, 326
          ],
          "excluded_lines": []
        },
        "_BaseConfigDefaults": {
          "executed_lines": [
            352, 355, 358, 360, 363, 364, 365, 367, 384, 387, 388, 390, 391,
            395, 397
          ],
          "summary": {
            "covered_lines": 15,
            "num_statements": 32,
            "percent_covered": 46.875,
            "percent_covered_display": "47",
            "missing_lines": 17,
            "excluded_lines": 0
          },
          "missing_lines": [
            353, 356, 368, 369, 385, 392, 398, 399, 416, 417, 419, 420, 422,
            423, 427, 428, 429
          ],
          "excluded_lines": []
        },
        "_PerformanceConfig": {
          "executed_lines": [],
          "summary": {
            "covered_lines": 0,
            "num_statements": 0,
            "percent_covered": 100.0,
            "percent_covered_display": "100",
            "missing_lines": 0,
            "excluded_lines": 0
          },
          "missing_lines": [],
          "excluded_lines": []
        },
        "_ObservabilityConfig": {
          "executed_lines": [],
          "summary": {
            "covered_lines": 0,
            "num_statements": 0,
            "percent_covered": 100.0,
            "percent_covered_display": "100",
            "missing_lines": 0,
            "excluded_lines": 0
          },
          "missing_lines": [],
          "excluded_lines": []
        },
        "_BaseConfig": {
          "executed_lines": [],
          "summary": {
            "covered_lines": 0,
            "num_statements": 1,
            "percent_covered": 0.0,
            "percent_covered_display": "0",
            "missing_lines": 1,
            "excluded_lines": 0
          },
          "missing_lines": [476],
          "excluded_lines": []
        },
        "": {
          "executed_lines": [
            1, 70, 72, 73, 74, 75, 77, 78, 80, 91, 92, 94, 95, 130, 131, 167,
            168, 197, 198, 237, 238, 240, 241, 267, 268, 294, 295, 334, 335,
            337, 338, 371, 372, 401, 402, 437, 438, 440, 442, 448, 449, 450,
            453, 454, 456, 457, 458, 459, 460, 463, 464, 466, 467, 492
          ],
          "summary": {
            "covered_lines": 47,
            "num_statements": 49,
            "percent_covered": 95.91836734693878,
            "percent_covered_display": "96",
            "missing_lines": 2,
            "excluded_lines": 0
          },
          "missing_lines": [81, 83],
          "excluded_lines": []
        }
      }
    },
    "src/flext_core/_decorators_base.py": {
      "executed_lines": [
        1, 80, 82, 83, 84, 86, 87, 88, 90, 96, 97, 99, 101, 104, 105, 107, 108,
        113, 114, 115, 116, 117, 118, 119, 127, 128, 130, 131, 137, 138, 143,
        144, 146, 147, 153, 154, 156, 158, 159, 164, 165, 167, 168, 172, 174,
        175, 177, 179, 180, 185, 186, 188, 189, 192, 193, 194, 197, 207, 209,
        210, 211, 214, 238, 240, 242, 243, 270, 271, 273, 274, 278, 279, 284,
        285, 287, 288, 292, 293, 298, 315, 316, 317, 318, 319, 321, 324, 329,
        331, 333, 336, 347, 349, 350, 351, 352, 353, 356, 358, 360, 363, 393,
        394, 396, 397, 403, 404, 410, 411, 415, 416, 423, 436, 437, 439, 440,
        442, 444, 445, 447, 450, 452, 453, 455, 456, 458, 460, 464
      ],
      "summary": {
        "covered_lines": 116,
        "num_statements": 155,
        "percent_covered": 74.83870967741936,
        "percent_covered_display": "75",
        "missing_lines": 39,
        "excluded_lines": 4
      },
      "missing_lines": [
        91, 93, 135, 140, 151, 161, 182, 222, 223, 226, 236, 246, 247, 248, 250,
        251, 252, 254, 265, 267, 276, 281, 290, 295, 325, 326, 376, 377, 378,
        380, 381, 382, 386, 388, 390, 401, 408, 413, 420
      ],
      "excluded_lines": [100, 101, 102, 103],
      "functions": {
        "_DecoratedFunction.__call__": {
          "executed_lines": [101],
          "summary": {
            "covered_lines": 0,
            "num_statements": 0,
            "percent_covered": 100.0,
            "percent_covered_display": "100",
            "missing_lines": 0,
            "excluded_lines": 1
          },
          "missing_lines": [],
          "excluded_lines": [101]
        },
        "_BaseDecoratorUtils.preserve_metadata": {
          "executed_lines": [113, 114, 115, 116, 117, 118, 119],
          "summary": {
            "covered_lines": 7,
            "num_statements": 7,
            "percent_covered": 100.0,
            "percent_covered_display": "100",
            "missing_lines": 0,
            "excluded_lines": 0
          },
          "missing_lines": [],
          "excluded_lines": []
        },
        "_BaseValidationDecorators.create_validation_decorator": {
          "executed_lines": [],
          "summary": {
            "covered_lines": 0,
            "num_statements": 1,
            "percent_covered": 0.0,
            "percent_covered_display": "0",
            "missing_lines": 1,
            "excluded_lines": 0
          },
          "missing_lines": [135],
          "excluded_lines": []
        },
        "_BaseValidationDecorators.validate_arguments": {
          "executed_lines": [],
          "summary": {
            "covered_lines": 0,
            "num_statements": 1,
            "percent_covered": 0.0,
            "percent_covered_display": "0",
            "missing_lines": 1,
            "excluded_lines": 0
          },
          "missing_lines": [140],
          "excluded_lines": []
        },
        "_BaseErrorHandlingDecorators.create_safe_decorator": {
          "executed_lines": [],
          "summary": {
            "covered_lines": 0,
            "num_statements": 1,
            "percent_covered": 0.0,
            "percent_covered_display": "0",
            "missing_lines": 1,
            "excluded_lines": 0
          },
          "missing_lines": [151],
          "excluded_lines": []
        },
        "_BaseErrorHandlingDecorators.get_safe_decorator": {
          "executed_lines": [156],
          "summary": {
            "covered_lines": 1,
            "num_statements": 1,
            "percent_covered": 100.0,
            "percent_covered_display": "100",
            "missing_lines": 0,
            "excluded_lines": 0
          },
          "missing_lines": [],
          "excluded_lines": []
        },
        "_BaseErrorHandlingDecorators.retry_decorator": {
          "executed_lines": [],
          "summary": {
            "covered_lines": 0,
            "num_statements": 1,
            "percent_covered": 0.0,
            "percent_covered_display": "0",
            "missing_lines": 1,
            "excluded_lines": 0
          },
          "missing_lines": [161],
          "excluded_lines": []
        },
        "_BasePerformanceDecorators.create_cache_decorator": {
          "executed_lines": [172],
          "summary": {
            "covered_lines": 1,
            "num_statements": 1,
            "percent_covered": 100.0,
            "percent_covered_display": "100",
            "missing_lines": 0,
            "excluded_lines": 0
          },
          "missing_lines": [],
          "excluded_lines": []
        },
        "_BasePerformanceDecorators.get_timing_decorator": {
          "executed_lines": [177],
          "summary": {
            "covered_lines": 1,
            "num_statements": 1,
            "percent_covered": 100.0,
            "percent_covered_display": "100",
            "missing_lines": 0,
            "excluded_lines": 0
          },
          "missing_lines": [],
          "excluded_lines": []
        },
        "_BasePerformanceDecorators.memoize_decorator": {
          "executed_lines": [],
          "summary": {
            "covered_lines": 0,
            "num_statements": 1,
            "percent_covered": 0.0,
            "percent_covered_display": "0",
            "missing_lines": 1,
            "excluded_lines": 0
          },
          "missing_lines": [182],
          "excluded_lines": []
        },
        "_BaseLoggingDecorators.log_calls_decorator": {
          "executed_lines": [192, 193, 240],
          "summary": {
            "covered_lines": 3,
            "num_statements": 3,
            "percent_covered": 100.0,
            "percent_covered_display": "100",
            "missing_lines": 0,
            "excluded_lines": 0
          },
          "missing_lines": [],
          "excluded_lines": []
        },
        "_BaseLoggingDecorators.log_calls_decorator.wrapper": {
          "executed_lines": [194, 197, 207, 209, 210, 211, 214, 238],
          "summary": {
            "covered_lines": 8,
            "num_statements": 12,
            "percent_covered": 66.66666666666667,
            "percent_covered_display": "67",
            "missing_lines": 4,
            "excluded_lines": 0
          },
          "missing_lines": [222, 223, 226, 236],
          "excluded_lines": []
        },
        "_BaseLoggingDecorators.log_exceptions_decorator": {
          "executed_lines": [],
          "summary": {
            "covered_lines": 0,
            "num_statements": 3,
            "percent_covered": 0.0,
            "percent_covered_display": "0",
            "missing_lines": 3,
            "excluded_lines": 0
          },
          "missing_lines": [246, 247, 267],
          "excluded_lines": []
        },
        "_BaseLoggingDecorators.log_exceptions_decorator.wrapper": {
          "executed_lines": [],
          "summary": {
            "covered_lines": 0,
            "num_statements": 6,
            "percent_covered": 0.0,
            "percent_covered_display": "0",
            "missing_lines": 6,
            "excluded_lines": 0
          },
          "missing_lines": [248, 250, 251, 252, 254, 265],
          "excluded_lines": []
        },
        "_BaseImmutabilityDecorators.immutable_decorator": {
          "executed_lines": [],
          "summary": {
            "covered_lines": 0,
            "num_statements": 1,
            "percent_covered": 0.0,
            "percent_covered_display": "0",
            "missing_lines": 1,
            "excluded_lines": 0
          },
          "missing_lines": [276],
          "excluded_lines": []
        },
        "_BaseImmutabilityDecorators.freeze_args_decorator": {
          "executed_lines": [],
          "summary": {
            "covered_lines": 0,
            "num_statements": 1,
            "percent_covered": 0.0,
            "percent_covered_display": "0",
            "missing_lines": 1,
            "excluded_lines": 0
          },
          "missing_lines": [281],
          "excluded_lines": []
        },
        "_BaseFunctionalDecorators.curry_decorator": {
          "executed_lines": [],
          "summary": {
            "covered_lines": 0,
            "num_statements": 1,
            "percent_covered": 0.0,
            "percent_covered_display": "0",
            "missing_lines": 1,
            "excluded_lines": 0
          },
          "missing_lines": [290],
          "excluded_lines": []
        },
        "_BaseFunctionalDecorators.compose_decorator": {
          "executed_lines": [],
          "summary": {
            "covered_lines": 0,
            "num_statements": 1,
            "percent_covered": 0.0,
            "percent_covered_display": "0",
            "missing_lines": 1,
            "excluded_lines": 0
          },
          "missing_lines": [295],
          "excluded_lines": []
        },
        "_safe_call_decorator": {
          "executed_lines": [315, 316, 333],
          "summary": {
            "covered_lines": 3,
            "num_statements": 3,
            "percent_covered": 100.0,
            "percent_covered_display": "100",
            "missing_lines": 0,
            "excluded_lines": 0
          },
          "missing_lines": [],
          "excluded_lines": []
        },
        "_safe_call_decorator.decorator": {
          "executed_lines": [317, 331],
          "summary": {
            "covered_lines": 2,
            "num_statements": 2,
            "percent_covered": 100.0,
            "percent_covered_display": "100",
            "missing_lines": 0,
            "excluded_lines": 0
          },
          "missing_lines": [],
          "excluded_lines": []
        },
        "_safe_call_decorator.decorator.wrapper": {
          "executed_lines": [318, 321, 324, 329],
          "summary": {
            "covered_lines": 4,
            "num_statements": 6,
            "percent_covered": 66.66666666666667,
            "percent_covered_display": "67",
            "missing_lines": 2,
            "excluded_lines": 0
          },
          "missing_lines": [325, 326],
          "excluded_lines": []
        },
        "_safe_call_decorator.decorator.wrapper.call_func": {
          "executed_lines": [319],
          "summary": {
            "covered_lines": 1,
            "num_statements": 1,
            "percent_covered": 100.0,
            "percent_covered_display": "100",
            "missing_lines": 0,
            "excluded_lines": 0
          },
          "missing_lines": [],
          "excluded_lines": []
        },
        "_timing_decorator": {
          "executed_lines": [347, 349, 350, 360],
          "summary": {
            "covered_lines": 4,
            "num_statements": 4,
            "percent_covered": 100.0,
            "percent_covered_display": "100",
            "missing_lines": 0,
            "excluded_lines": 0
          },
          "missing_lines": [],
          "excluded_lines": []
        },
        "_timing_decorator.wrapper": {
          "executed_lines": [351, 352, 353, 356, 358],
          "summary": {
            "covered_lines": 5,
            "num_statements": 5,
            "percent_covered": 100.0,
            "percent_covered_display": "100",
            "missing_lines": 0,
            "excluded_lines": 0
          },
          "missing_lines": [],
          "excluded_lines": []
        },
        "_validate_input_decorator": {
          "executed_lines": [],
          "summary": {
            "covered_lines": 0,
            "num_statements": 3,
            "percent_covered": 0.0,
            "percent_covered_display": "0",
            "missing_lines": 3,
            "excluded_lines": 0
          },
          "missing_lines": [376, 377, 390],
          "excluded_lines": []
        },
        "_validate_input_decorator.decorator": {
          "executed_lines": [],
          "summary": {
            "covered_lines": 0,
            "num_statements": 2,
            "percent_covered": 0.0,
            "percent_covered_display": "0",
            "missing_lines": 2,
            "excluded_lines": 0
          },
          "missing_lines": [378, 388],
          "excluded_lines": []
        },
        "_validate_input_decorator.decorator.wrapper": {
          "executed_lines": [],
          "summary": {
            "covered_lines": 0,
            "num_statements": 4,
            "percent_covered": 0.0,
            "percent_covered_display": "0",
            "missing_lines": 4,
            "excluded_lines": 0
          },
          "missing_lines": [380, 381, 382, 386],
          "excluded_lines": []
        },
        "_BaseDecoratorFactory.create_cache_decorator": {
          "executed_lines": [],
          "summary": {
            "covered_lines": 0,
            "num_statements": 1,
            "percent_covered": 0.0,
            "percent_covered_display": "0",
            "missing_lines": 1,
            "excluded_lines": 0
          },
          "missing_lines": [401],
          "excluded_lines": []
        },
        "_BaseDecoratorFactory.create_safe_decorator": {
          "executed_lines": [],
          "summary": {
            "covered_lines": 0,
            "num_statements": 1,
            "percent_covered": 0.0,
            "percent_covered_display": "0",
            "missing_lines": 1,
            "excluded_lines": 0
          },
          "missing_lines": [408],
          "excluded_lines": []
        },
        "_BaseDecoratorFactory.create_timing_decorator": {
          "executed_lines": [],
          "summary": {
            "covered_lines": 0,
            "num_statements": 1,
            "percent_covered": 0.0,
            "percent_covered_display": "0",
            "missing_lines": 1,
            "excluded_lines": 0
          },
          "missing_lines": [413],
          "excluded_lines": []
        },
        "_BaseDecoratorFactory.create_validation_decorator": {
          "executed_lines": [],
          "summary": {
            "covered_lines": 0,
            "num_statements": 1,
            "percent_covered": 0.0,
            "percent_covered_display": "0",
            "missing_lines": 1,
            "excluded_lines": 0
          },
          "missing_lines": [420],
          "excluded_lines": []
        },
        "_cache_decorator": {
          "executed_lines": [436, 460],
          "summary": {
            "covered_lines": 2,
            "num_statements": 2,
            "percent_covered": 100.0,
            "percent_covered_display": "100",
            "missing_lines": 0,
            "excluded_lines": 0
          },
          "missing_lines": [],
          "excluded_lines": []
        },
        "_cache_decorator.decorator": {
          "executed_lines": [437, 439, 440, 458],
          "summary": {
            "covered_lines": 4,
            "num_statements": 4,
            "percent_covered": 100.0,
            "percent_covered_display": "100",
            "missing_lines": 0,
            "excluded_lines": 0
          },
          "missing_lines": [],
          "excluded_lines": []
        },
        "_cache_decorator.decorator.wrapper": {
          "executed_lines": [442, 444, 445, 447, 450, 452, 453, 455, 456],
          "summary": {
            "covered_lines": 9,
            "num_statements": 9,
            "percent_covered": 100.0,
            "percent_covered_display": "100",
            "missing_lines": 0,
            "excluded_lines": 0
          },
          "missing_lines": [],
          "excluded_lines": []
        },
        "": {
          "executed_lines": [
            1, 80, 82, 83, 84, 86, 87, 88, 90, 96, 97, 99, 104, 105, 107, 108,
            127, 128, 130, 131, 137, 138, 143, 144, 146, 147, 153, 154, 158,
            159, 164, 165, 167, 168, 174, 175, 179, 180, 185, 186, 188, 189,
            242, 243, 270, 271, 273, 274, 278, 279, 284, 285, 287, 288, 292,
            293, 298, 336, 363, 393, 394, 396, 397, 403, 404, 410, 411, 415,
            416, 423, 464
          ],
          "summary": {
            "covered_lines": 61,
            "num_statements": 63,
            "percent_covered": 96.82539682539682,
            "percent_covered_display": "97",
            "missing_lines": 2,
            "excluded_lines": 3
          },
          "missing_lines": [91, 93],
          "excluded_lines": [100, 102, 103]
        }
      },
      "classes": {
        "_DecoratedFunction": {
          "executed_lines": [101],
          "summary": {
            "covered_lines": 0,
            "num_statements": 0,
            "percent_covered": 100.0,
            "percent_covered_display": "100",
            "missing_lines": 0,
            "excluded_lines": 1
          },
          "missing_lines": [],
          "excluded_lines": [101]
        },
        "_BaseDecoratorUtils": {
          "executed_lines": [113, 114, 115, 116, 117, 118, 119],
          "summary": {
            "covered_lines": 7,
            "num_statements": 7,
            "percent_covered": 100.0,
            "percent_covered_display": "100",
            "missing_lines": 0,
            "excluded_lines": 0
          },
          "missing_lines": [],
          "excluded_lines": []
        },
        "_BaseValidationDecorators": {
          "executed_lines": [],
          "summary": {
            "covered_lines": 0,
            "num_statements": 2,
            "percent_covered": 0.0,
            "percent_covered_display": "0",
            "missing_lines": 2,
            "excluded_lines": 0
          },
          "missing_lines": [135, 140],
          "excluded_lines": []
        },
        "_BaseErrorHandlingDecorators": {
          "executed_lines": [156],
          "summary": {
            "covered_lines": 1,
            "num_statements": 3,
            "percent_covered": 33.333333333333336,
            "percent_covered_display": "33",
            "missing_lines": 2,
            "excluded_lines": 0
          },
          "missing_lines": [151, 161],
          "excluded_lines": []
        },
        "_BasePerformanceDecorators": {
          "executed_lines": [172, 177],
          "summary": {
            "covered_lines": 2,
            "num_statements": 3,
            "percent_covered": 66.66666666666667,
            "percent_covered_display": "67",
            "missing_lines": 1,
            "excluded_lines": 0
          },
          "missing_lines": [182],
          "excluded_lines": []
        },
        "_BaseLoggingDecorators": {
          "executed_lines": [
            192, 193, 194, 197, 207, 209, 210, 211, 214, 238, 240
          ],
          "summary": {
            "covered_lines": 11,
            "num_statements": 24,
            "percent_covered": 45.833333333333336,
            "percent_covered_display": "46",
            "missing_lines": 13,
            "excluded_lines": 0
          },
          "missing_lines": [
            222, 223, 226, 236, 246, 247, 248, 250, 251, 252, 254, 265, 267
          ],
          "excluded_lines": []
        },
        "_BaseImmutabilityDecorators": {
          "executed_lines": [],
          "summary": {
            "covered_lines": 0,
            "num_statements": 2,
            "percent_covered": 0.0,
            "percent_covered_display": "0",
            "missing_lines": 2,
            "excluded_lines": 0
          },
          "missing_lines": [276, 281],
          "excluded_lines": []
        },
        "_BaseFunctionalDecorators": {
          "executed_lines": [],
          "summary": {
            "covered_lines": 0,
            "num_statements": 2,
            "percent_covered": 0.0,
            "percent_covered_display": "0",
            "missing_lines": 2,
            "excluded_lines": 0
          },
          "missing_lines": [290, 295],
          "excluded_lines": []
        },
        "_BaseDecoratorFactory": {
          "executed_lines": [],
          "summary": {
            "covered_lines": 0,
            "num_statements": 4,
            "percent_covered": 0.0,
            "percent_covered_display": "0",
            "missing_lines": 4,
            "excluded_lines": 0
          },
          "missing_lines": [401, 408, 413, 420],
          "excluded_lines": []
        },
        "": {
          "executed_lines": [
            1, 80, 82, 83, 84, 86, 87, 88, 90, 96, 97, 99, 104, 105, 107, 108,
            127, 128, 130, 131, 137, 138, 143, 144, 146, 147, 153, 154, 158,
            159, 164, 165, 167, 168, 174, 175, 179, 180, 185, 186, 188, 189,
            242, 243, 270, 271, 273, 274, 278, 279, 284, 285, 287, 288, 292,
            293, 298, 315, 316, 317, 318, 319, 321, 324, 329, 331, 333, 336,
            347, 349, 350, 351, 352, 353, 356, 358, 360, 363, 393, 394, 396,
            397, 403, 404, 410, 411, 415, 416, 423, 436, 437, 439, 440, 442,
            444, 445, 447, 450, 452, 453, 455, 456, 458, 460, 464
          ],
          "summary": {
            "covered_lines": 95,
            "num_statements": 108,
            "percent_covered": 87.96296296296296,
            "percent_covered_display": "88",
            "missing_lines": 13,
            "excluded_lines": 3
          },
          "missing_lines": [
            91, 93, 325, 326, 376, 377, 378, 380, 381, 382, 386, 388, 390
          ],
          "excluded_lines": [100, 102, 103]
        }
      }
    },
    "src/flext_core/_delegation_system.py": {
      "executed_lines": [
        1, 26, 28, 29, 31, 36, 37, 40, 41, 57, 59, 67, 68, 69, 70, 73, 74, 77,
        80, 82, 84, 86, 87, 90, 101, 102, 113, 120, 122, 123, 125, 126, 128,
        131, 132, 135, 141, 149, 150, 151, 165, 166, 167, 168, 174, 177, 178,
        179, 185, 217, 219, 222, 223, 226, 227, 233, 234, 237, 238, 242, 244,
        246, 248, 250, 258, 275, 356
      ],
      "summary": {
        "covered_lines": 65,
        "num_statements": 135,
        "percent_covered": 48.148148148148145,
        "percent_covered_display": "48",
        "missing_lines": 70,
        "excluded_lines": 0
      },
      "missing_lines": [
        32, 34, 103, 104, 105, 108, 109, 110, 115, 116, 117, 118, 139, 152, 154,
        158, 169, 171, 180, 182, 183, 191, 193, 194, 196, 197, 198, 200, 201,
        208, 209, 211, 214, 215, 235, 272, 283, 289, 290, 291, 297, 299, 301,
        303, 304, 306, 307, 310, 311, 312, 313, 314, 315, 316, 319, 320, 321,
        324, 325, 326, 327, 330, 331, 332, 333, 335, 343, 351, 352, 353
      ],
      "excluded_lines": [],
      "functions": {
        "FlextMixinDelegator.__init__": {
          "executed_lines": [67, 68, 69, 70, 73, 74, 77, 80],
          "summary": {
            "covered_lines": 8,
            "num_statements": 8,
            "percent_covered": 100.0,
            "percent_covered_display": "100",
            "missing_lines": 0,
            "excluded_lines": 0
          },
          "missing_lines": [],
          "excluded_lines": []
        },
        "FlextMixinDelegator._register_mixin": {
          "executed_lines": [84, 86, 87, 90, 101, 102, 113],
          "summary": {
            "covered_lines": 7,
            "num_statements": 17,
            "percent_covered": 41.1764705882353,
            "percent_covered_display": "41",
            "missing_lines": 10,
            "excluded_lines": 0
          },
          "missing_lines": [103, 104, 105, 108, 109, 110, 115, 116, 117, 118],
          "excluded_lines": []
        },
        "FlextMixinDelegator._auto_delegate_methods": {
          "executed_lines": [122, 123, 125, 126, 128, 131, 132, 135],
          "summary": {
            "covered_lines": 8,
            "num_statements": 9,
            "percent_covered": 88.88888888888889,
            "percent_covered_display": "89",
            "missing_lines": 1,
            "excluded_lines": 0
          },
          "missing_lines": [139],
          "excluded_lines": []
        },
        "FlextMixinDelegator._create_delegated_method": {
          "executed_lines": [149, 165, 166, 167, 168, 174, 177, 178, 179],
          "summary": {
            "covered_lines": 9,
            "num_statements": 14,
            "percent_covered": 64.28571428571429,
            "percent_covered_display": "64",
            "missing_lines": 5,
            "excluded_lines": 0
          },
          "missing_lines": [169, 171, 180, 182, 183],
          "excluded_lines": []
        },
        "FlextMixinDelegator._create_delegated_method.delegated_method": {
          "executed_lines": [150, 151],
          "summary": {
            "covered_lines": 2,
            "num_statements": 5,
            "percent_covered": 40.0,
            "percent_covered_display": "40",
            "missing_lines": 3,
            "excluded_lines": 0
          },
          "missing_lines": [152, 154, 158],
          "excluded_lines": []
        },
        "FlextMixinDelegator._create_delegated_property": {
          "executed_lines": [],
          "summary": {
            "covered_lines": 0,
            "num_statements": 8,
            "percent_covered": 0.0,
            "percent_covered_display": "0",
            "missing_lines": 8,
            "excluded_lines": 0
          },
          "missing_lines": [191, 193, 196, 208, 209, 211, 214, 215],
          "excluded_lines": []
        },
        "FlextMixinDelegator._create_delegated_property.getter": {
          "executed_lines": [],
          "summary": {
            "covered_lines": 0,
            "num_statements": 1,
            "percent_covered": 0.0,
            "percent_covered_display": "0",
            "missing_lines": 1,
            "excluded_lines": 0
          },
          "missing_lines": [194],
          "excluded_lines": []
        },
        "FlextMixinDelegator._create_delegated_property.setter": {
          "executed_lines": [],
          "summary": {
            "covered_lines": 0,
            "num_statements": 4,
            "percent_covered": 0.0,
            "percent_covered_display": "0",
            "missing_lines": 4,
            "excluded_lines": 0
          },
          "missing_lines": [197, 198, 200, 201],
          "excluded_lines": []
        },
        "FlextMixinDelegator._validate_delegation": {
          "executed_lines": [219, 222, 223, 226, 227, 233, 234, 237, 238, 242],
          "summary": {
            "covered_lines": 10,
            "num_statements": 11,
            "percent_covered": 90.9090909090909,
            "percent_covered_display": "91",
            "missing_lines": 1,
            "excluded_lines": 0
          },
          "missing_lines": [235],
          "excluded_lines": []
        },
        "FlextMixinDelegator.get_mixin_instance": {
          "executed_lines": [246],
          "summary": {
            "covered_lines": 1,
            "num_statements": 1,
            "percent_covered": 100.0,
            "percent_covered_display": "100",
            "missing_lines": 0,
            "excluded_lines": 0
          },
          "missing_lines": [],
          "excluded_lines": []
        },
        "FlextMixinDelegator.get_delegation_info": {
          "executed_lines": [250],
          "summary": {
            "covered_lines": 1,
            "num_statements": 1,
            "percent_covered": 100.0,
            "percent_covered_display": "100",
            "missing_lines": 0,
            "excluded_lines": 0
          },
          "missing_lines": [],
          "excluded_lines": []
        },
        "create_mixin_delegator": {
          "executed_lines": [],
          "summary": {
            "covered_lines": 0,
            "num_statements": 1,
            "percent_covered": 0.0,
            "percent_covered_display": "0",
            "missing_lines": 1,
            "excluded_lines": 0
          },
          "missing_lines": [272],
          "excluded_lines": []
        },
        "validate_delegation_system": {
          "executed_lines": [],
          "summary": {
            "covered_lines": 0,
            "num_statements": 31,
            "percent_covered": 0.0,
            "percent_covered_display": "0",
            "missing_lines": 31,
            "excluded_lines": 0
          },
          "missing_lines": [
            283, 289, 290, 297, 299, 301, 303, 306, 310, 311, 312, 313, 314,
            315, 316, 319, 320, 321, 324, 325, 326, 327, 330, 331, 332, 333,
            335, 343, 351, 352, 353
          ],
          "excluded_lines": []
        },
        "validate_delegation_system.TestHost.__init__": {
          "executed_lines": [],
          "summary": {
            "covered_lines": 0,
            "num_statements": 1,
            "percent_covered": 0.0,
            "percent_covered_display": "0",
            "missing_lines": 1,
            "excluded_lines": 0
          },
          "missing_lines": [291],
          "excluded_lines": []
        },
        "validate_delegation_system._raise_delegation_error": {
          "executed_lines": [],
          "summary": {
            "covered_lines": 0,
            "num_statements": 1,
            "percent_covered": 0.0,
            "percent_covered_display": "0",
            "missing_lines": 1,
            "excluded_lines": 0
          },
          "missing_lines": [304],
          "excluded_lines": []
        },
        "validate_delegation_system._raise_type_error": {
          "executed_lines": [],
          "summary": {
            "covered_lines": 0,
            "num_statements": 1,
            "percent_covered": 0.0,
            "percent_covered_display": "0",
            "missing_lines": 1,
            "excluded_lines": 0
          },
          "missing_lines": [307],
          "excluded_lines": []
        },
        "": {
          "executed_lines": [
            1, 26, 28, 29, 31, 36, 37, 40, 41, 57, 59, 82, 120, 141, 185, 217,
            244, 248, 258, 275, 356
          ],
          "summary": {
            "covered_lines": 19,
            "num_statements": 21,
            "percent_covered": 90.47619047619048,
            "percent_covered_display": "90",
            "missing_lines": 2,
            "excluded_lines": 0
          },
          "missing_lines": [32, 34],
          "excluded_lines": []
        }
      },
      "classes": {
        "FlextMixinDelegator": {
          "executed_lines": [
            67, 68, 69, 70, 73, 74, 77, 80, 84, 86, 87, 90, 101, 102, 113, 122,
            123, 125, 126, 128, 131, 132, 135, 149, 150, 151, 165, 166, 167,
            168, 174, 177, 178, 179, 219, 222, 223, 226, 227, 233, 234, 237,
            238, 242, 246, 250
          ],
          "summary": {
            "covered_lines": 46,
            "num_statements": 79,
            "percent_covered": 58.22784810126582,
            "percent_covered_display": "58",
            "missing_lines": 33,
            "excluded_lines": 0
          },
          "missing_lines": [
            103, 104, 105, 108, 109, 110, 115, 116, 117, 118, 139, 152, 154,
            158, 169, 171, 180, 182, 183, 191, 193, 194, 196, 197, 198, 200,
            201, 208, 209, 211, 214, 215, 235
          ],
          "excluded_lines": []
        },
        "validate_delegation_system.TestHost": {
          "executed_lines": [],
          "summary": {
            "covered_lines": 0,
            "num_statements": 1,
            "percent_covered": 0.0,
            "percent_covered_display": "0",
            "missing_lines": 1,
            "excluded_lines": 0
          },
          "missing_lines": [291],
          "excluded_lines": []
        },
        "": {
          "executed_lines": [
            1, 26, 28, 29, 31, 36, 37, 40, 41, 57, 59, 82, 120, 141, 185, 217,
            244, 248, 258, 275, 356
          ],
          "summary": {
            "covered_lines": 19,
            "num_statements": 55,
            "percent_covered": 34.54545454545455,
            "percent_covered_display": "35",
            "missing_lines": 36,
            "excluded_lines": 0
          },
          "missing_lines": [
            32, 34, 272, 283, 289, 290, 297, 299, 301, 303, 304, 306, 307, 310,
            311, 312, 313, 314, 315, 316, 319, 320, 321, 324, 325, 326, 327,
            330, 331, 332, 333, 335, 343, 351, 352, 353
          ],
          "excluded_lines": []
        }
      }
    },
    "src/flext_core/_handlers_base.py": {
      "executed_lines": [
        1, 10, 12, 13, 15, 16, 17, 18, 21, 22, 24, 28, 32, 36, 40, 44, 49, 50,
        63, 65, 67, 68, 75, 84, 86, 87, 88, 90, 91, 93, 99, 100, 111, 113, 119,
        120, 121, 122, 124, 129, 138, 143, 145, 151, 165, 167, 170, 171, 172,
        184, 186, 188, 190, 197, 203, 204, 212, 213, 216, 219, 220, 221, 223,
        231, 233, 235, 236, 237, 242, 250, 251, 253, 258, 268, 269, 271, 276,
        277, 281, 282, 284, 289, 299
      ],
      "summary": {
        "covered_lines": 77,
        "num_statements": 103,
        "percent_covered": 74.75728155339806,
        "percent_covered_display": "75",
        "missing_lines": 26,
        "excluded_lines": 13
      },
      "missing_lines": [
        141, 152, 153, 157, 161, 177, 178, 198, 199, 200, 205, 209, 255, 256,
        260, 261, 262, 265, 273, 274, 286, 287, 291, 292, 293, 296
      ],
      "excluded_lines": [26, 27, 30, 31, 34, 35, 38, 39, 42, 43, 46, 47, 48],
      "functions": {
        "_LoggerProtocol.debug": {
          "executed_lines": [],
          "summary": {
            "covered_lines": 0,
            "num_statements": 0,
            "percent_covered": 100.0,
            "percent_covered_display": "100",
            "missing_lines": 0,
            "excluded_lines": 1
          },
          "missing_lines": [],
          "excluded_lines": [26]
        },
        "_LoggerProtocol.info": {
          "executed_lines": [],
          "summary": {
            "covered_lines": 0,
            "num_statements": 0,
            "percent_covered": 100.0,
            "percent_covered_display": "100",
            "missing_lines": 0,
            "excluded_lines": 1
          },
          "missing_lines": [],
          "excluded_lines": [30]
        },
        "_LoggerProtocol.warning": {
          "executed_lines": [],
          "summary": {
            "covered_lines": 0,
            "num_statements": 0,
            "percent_covered": 100.0,
            "percent_covered_display": "100",
            "missing_lines": 0,
            "excluded_lines": 1
          },
          "missing_lines": [],
          "excluded_lines": [34]
        },
        "_LoggerProtocol.error": {
          "executed_lines": [],
          "summary": {
            "covered_lines": 0,
            "num_statements": 0,
            "percent_covered": 100.0,
            "percent_covered_display": "100",
            "missing_lines": 0,
            "excluded_lines": 1
          },
          "missing_lines": [],
          "excluded_lines": [38]
        },
        "_LoggerProtocol.critical": {
          "executed_lines": [],
          "summary": {
            "covered_lines": 0,
            "num_statements": 0,
            "percent_covered": 100.0,
            "percent_covered_display": "100",
            "missing_lines": 0,
            "excluded_lines": 1
          },
          "missing_lines": [],
          "excluded_lines": [42]
        },
        "_LoggerProtocol.exception": {
          "executed_lines": [],
          "summary": {
            "covered_lines": 0,
            "num_statements": 0,
            "percent_covered": 100.0,
            "percent_covered_display": "100",
            "missing_lines": 0,
            "excluded_lines": 1
          },
          "missing_lines": [],
          "excluded_lines": [46]
        },
        "_BaseHandler.__init__": {
          "executed_lines": [65, 67, 68, 75],
          "summary": {
            "covered_lines": 4,
            "num_statements": 4,
            "percent_covered": 100.0,
            "percent_covered_display": "100",
            "missing_lines": 0,
            "excluded_lines": 0
          },
          "missing_lines": [],
          "excluded_lines": []
        },
        "_BaseHandler._get_logger": {
          "executed_lines": [86, 87, 88],
          "summary": {
            "covered_lines": 3,
            "num_statements": 3,
            "percent_covered": 100.0,
            "percent_covered_display": "100",
            "missing_lines": 0,
            "excluded_lines": 0
          },
          "missing_lines": [],
          "excluded_lines": []
        },
        "_BaseHandler.logger": {
          "executed_lines": [93],
          "summary": {
            "covered_lines": 1,
            "num_statements": 1,
            "percent_covered": 100.0,
            "percent_covered_display": "100",
            "missing_lines": 0,
            "excluded_lines": 0
          },
          "missing_lines": [],
          "excluded_lines": []
        },
        "_BaseHandler.handle": {
          "executed_lines": [],
          "summary": {
            "covered_lines": 0,
            "num_statements": 0,
            "percent_covered": 100.0,
            "percent_covered_display": "100",
            "missing_lines": 0,
            "excluded_lines": 0
          },
          "missing_lines": [],
          "excluded_lines": []
        },
        "_BaseHandler.can_handle": {
          "executed_lines": [113, 119, 120, 121, 122, 124, 129, 138],
          "summary": {
            "covered_lines": 8,
            "num_statements": 9,
            "percent_covered": 88.88888888888889,
            "percent_covered_display": "89",
            "missing_lines": 1,
            "excluded_lines": 0
          },
          "missing_lines": [141],
          "excluded_lines": []
        },
        "_BaseHandler.pre_handle": {
          "executed_lines": [145, 151, 165],
          "summary": {
            "covered_lines": 3,
            "num_statements": 7,
            "percent_covered": 42.857142857142854,
            "percent_covered_display": "43",
            "missing_lines": 4,
            "excluded_lines": 0
          },
          "missing_lines": [152, 153, 157, 161],
          "excluded_lines": []
        },
        "_BaseHandler.post_handle": {
          "executed_lines": [170, 171, 172, 184],
          "summary": {
            "covered_lines": 4,
            "num_statements": 6,
            "percent_covered": 66.66666666666667,
            "percent_covered_display": "67",
            "missing_lines": 2,
            "excluded_lines": 0
          },
          "missing_lines": [177, 178],
          "excluded_lines": []
        },
        "_BaseHandler.handle_with_hooks": {
          "executed_lines": [
            188, 190, 197, 203, 204, 212, 213, 216, 219, 220, 221, 223, 231
          ],
          "summary": {
            "covered_lines": 13,
            "num_statements": 18,
            "percent_covered": 72.22222222222223,
            "percent_covered_display": "72",
            "missing_lines": 5,
            "excluded_lines": 0
          },
          "missing_lines": [198, 199, 200, 205, 209],
          "excluded_lines": []
        },
        "_BaseHandler.get_metrics": {
          "executed_lines": [235, 236, 237, 242],
          "summary": {
            "covered_lines": 4,
            "num_statements": 4,
            "percent_covered": 100.0,
            "percent_covered_display": "100",
            "missing_lines": 0,
            "excluded_lines": 0
          },
          "missing_lines": [],
          "excluded_lines": []
        },
        "_BaseCommandHandler.validate_command": {
          "executed_lines": [],
          "summary": {
            "covered_lines": 0,
            "num_statements": 2,
            "percent_covered": 0.0,
            "percent_covered_display": "0",
            "missing_lines": 2,
            "excluded_lines": 0
          },
          "missing_lines": [255, 256],
          "excluded_lines": []
        },
        "_BaseCommandHandler.pre_handle": {
          "executed_lines": [],
          "summary": {
            "covered_lines": 0,
            "num_statements": 4,
            "percent_covered": 0.0,
            "percent_covered_display": "0",
            "missing_lines": 4,
            "excluded_lines": 0
          },
          "missing_lines": [260, 261, 262, 265],
          "excluded_lines": []
        },
        "_BaseEventHandler.handle": {
          "executed_lines": [],
          "summary": {
            "covered_lines": 0,
            "num_statements": 2,
            "percent_covered": 0.0,
            "percent_covered_display": "0",
            "missing_lines": 2,
            "excluded_lines": 0
          },
          "missing_lines": [273, 274],
          "excluded_lines": []
        },
        "_BaseEventHandler.process_event": {
          "executed_lines": [],
          "summary": {
            "covered_lines": 0,
            "num_statements": 0,
            "percent_covered": 100.0,
            "percent_covered_display": "100",
            "missing_lines": 0,
            "excluded_lines": 0
          },
          "missing_lines": [],
          "excluded_lines": []
        },
        "_BaseQueryHandler.authorize_query": {
          "executed_lines": [],
          "summary": {
            "covered_lines": 0,
            "num_statements": 2,
            "percent_covered": 0.0,
            "percent_covered_display": "0",
            "missing_lines": 2,
            "excluded_lines": 0
          },
          "missing_lines": [286, 287],
          "excluded_lines": []
        },
        "_BaseQueryHandler.pre_handle": {
          "executed_lines": [],
          "summary": {
            "covered_lines": 0,
            "num_statements": 4,
            "percent_covered": 0.0,
            "percent_covered_display": "0",
            "missing_lines": 4,
            "excluded_lines": 0
          },
          "missing_lines": [291, 292, 293, 296],
          "excluded_lines": []
        },
        "": {
          "executed_lines": [
            1, 10, 12, 13, 15, 16, 17, 18, 21, 22, 24, 28, 32, 36, 40, 44, 49,
            50, 63, 84, 90, 91, 99, 100, 111, 143, 167, 186, 233, 250, 251, 253,
            258, 268, 269, 271, 276, 277, 281, 282, 284, 289, 299
          ],
          "summary": {
            "covered_lines": 37,
            "num_statements": 37,
            "percent_covered": 100.0,
            "percent_covered_display": "100",
            "missing_lines": 0,
            "excluded_lines": 7
          },
          "missing_lines": [],
          "excluded_lines": [27, 31, 35, 39, 43, 47, 48]
        }
      },
      "classes": {
        "_LoggerProtocol": {
          "executed_lines": [],
          "summary": {
            "covered_lines": 0,
            "num_statements": 0,
            "percent_covered": 100.0,
            "percent_covered_display": "100",
            "missing_lines": 0,
            "excluded_lines": 6
          },
          "missing_lines": [],
          "excluded_lines": [26, 30, 34, 38, 42, 46]
        },
        "_BaseHandler": {
          "executed_lines": [
            65, 67, 68, 75, 86, 87, 88, 93, 113, 119, 120, 121, 122, 124, 129,
            138, 145, 151, 165, 170, 171, 172, 184, 188, 190, 197, 203, 204,
            212, 213, 216, 219, 220, 221, 223, 231, 235, 236, 237, 242
          ],
          "summary": {
            "covered_lines": 40,
            "num_statements": 52,
            "percent_covered": 76.92307692307692,
            "percent_covered_display": "77",
            "missing_lines": 12,
            "excluded_lines": 0
          },
          "missing_lines": [
            141, 152, 153, 157, 161, 177, 178, 198, 199, 200, 205, 209
          ],
          "excluded_lines": []
        },
        "_BaseCommandHandler": {
          "executed_lines": [],
          "summary": {
            "covered_lines": 0,
            "num_statements": 6,
            "percent_covered": 0.0,
            "percent_covered_display": "0",
            "missing_lines": 6,
            "excluded_lines": 0
          },
          "missing_lines": [255, 256, 260, 261, 262, 265],
          "excluded_lines": []
        },
        "_BaseEventHandler": {
          "executed_lines": [],
          "summary": {
            "covered_lines": 0,
            "num_statements": 2,
            "percent_covered": 0.0,
            "percent_covered_display": "0",
            "missing_lines": 2,
            "excluded_lines": 0
          },
          "missing_lines": [273, 274],
          "excluded_lines": []
        },
        "_BaseQueryHandler": {
          "executed_lines": [],
          "summary": {
            "covered_lines": 0,
            "num_statements": 6,
            "percent_covered": 0.0,
            "percent_covered_display": "0",
            "missing_lines": 6,
            "excluded_lines": 0
          },
          "missing_lines": [286, 287, 291, 292, 293, 296],
          "excluded_lines": []
        },
        "": {
          "executed_lines": [
            1, 10, 12, 13, 15, 16, 17, 18, 21, 22, 24, 28, 32, 36, 40, 44, 49,
            50, 63, 84, 90, 91, 99, 100, 111, 143, 167, 186, 233, 250, 251, 253,
            258, 268, 269, 271, 276, 277, 281, 282, 284, 289, 299
          ],
          "summary": {
            "covered_lines": 37,
            "num_statements": 37,
            "percent_covered": 100.0,
            "percent_covered_display": "100",
            "missing_lines": 0,
            "excluded_lines": 7
          },
          "missing_lines": [],
          "excluded_lines": [27, 31, 35, 39, 43, 47, 48]
        }
      }
    },
    "src/flext_core/_mixins_base.py": {
      "executed_lines": [
        1, 96, 98, 99, 101, 102, 103, 104, 106, 111, 112, 118, 120, 121, 122,
        123, 124, 126, 128, 129, 131, 132, 134, 135, 137, 138, 140, 141, 143,
        149, 150, 156, 158, 159, 167, 169, 170, 172, 173, 175, 176, 177, 179,
        184, 185, 190, 192, 193, 194, 196, 198, 199, 200, 201, 203, 205, 206,
        207, 209, 215, 216, 218, 219, 221, 222, 224, 225, 227, 229, 230, 233,
        234, 236, 238, 241, 242, 245, 246, 247, 248, 249, 254, 256, 259, 260,
        263, 264, 266, 267, 270, 276, 278, 283, 284, 293, 295, 297, 298, 299,
        300, 301, 303, 316, 317, 322, 323, 325, 326, 327, 328, 331, 332, 334,
        341, 345, 346, 349, 351, 353, 354, 356, 357, 362, 364, 365, 367, 368,
        369, 370, 373, 375, 377, 379, 381, 383, 385, 387, 390, 391, 393, 395,
        397, 401, 403, 405, 411, 414, 415, 418, 419, 421, 423, 426, 427, 428,
        429, 431, 436, 438, 442, 444, 447, 448, 449, 452, 453, 457, 459, 461,
        464, 465, 466, 468, 470, 471, 472, 474, 476, 477, 478, 480, 482, 483,
        487, 493, 499, 506, 511, 517, 523, 528, 534
      ],
      "summary": {
        "covered_lines": 181,
        "num_statements": 230,
        "percent_covered": 78.69565217391305,
        "percent_covered_display": "79",
        "missing_lines": 49,
        "excluded_lines": 0
      },
      "missing_lines": [
        107, 108, 145, 146, 161, 162, 181, 211, 212, 213, 250, 252, 271, 272,
        273, 274, 285, 286, 287, 288, 289, 290, 291, 292, 306, 307, 308, 309,
        310, 312, 313, 342, 358, 359, 360, 371, 399, 433, 434, 439, 440, 445,
        454, 455, 462, 501, 502, 525, 530
      ],
      "excluded_lines": [],
      "functions": {
        "_BaseTimestampMixin.__ensure_timestamp_state": {
          "executed_lines": [120, 121, 122, 123, 124],
          "summary": {
            "covered_lines": 5,
            "num_statements": 5,
            "percent_covered": 100.0,
            "percent_covered_display": "100",
            "missing_lines": 0,
            "excluded_lines": 0
          },
          "missing_lines": [],
          "excluded_lines": []
        },
        "_BaseTimestampMixin._update_timestamp": {
          "executed_lines": [128, 129],
          "summary": {
            "covered_lines": 2,
            "num_statements": 2,
            "percent_covered": 100.0,
            "percent_covered_display": "100",
            "missing_lines": 0,
            "excluded_lines": 0
          },
          "missing_lines": [],
          "excluded_lines": []
        },
        "_BaseTimestampMixin.created_at": {
          "executed_lines": [134, 135],
          "summary": {
            "covered_lines": 2,
            "num_statements": 2,
            "percent_covered": 100.0,
            "percent_covered_display": "100",
            "missing_lines": 0,
            "excluded_lines": 0
          },
          "missing_lines": [],
          "excluded_lines": []
        },
        "_BaseTimestampMixin.updated_at": {
          "executed_lines": [140, 141],
          "summary": {
            "covered_lines": 2,
            "num_statements": 2,
            "percent_covered": 100.0,
            "percent_covered_display": "100",
            "missing_lines": 0,
            "excluded_lines": 0
          },
          "missing_lines": [],
          "excluded_lines": []
        },
        "_BaseTimestampMixin.get_age_seconds": {
          "executed_lines": [],
          "summary": {
            "covered_lines": 0,
            "num_statements": 2,
            "percent_covered": 0.0,
            "percent_covered_display": "0",
            "missing_lines": 2,
            "excluded_lines": 0
          },
          "missing_lines": [145, 146],
          "excluded_lines": []
        },
        "_BaseIdentifiableMixin.set_id": {
          "executed_lines": [158, 159],
          "summary": {
            "covered_lines": 2,
            "num_statements": 4,
            "percent_covered": 50.0,
            "percent_covered_display": "50",
            "missing_lines": 2,
            "excluded_lines": 0
          },
          "missing_lines": [161, 162],
          "excluded_lines": []
        },
        "_BaseIdentifiableMixin.generate_id": {
          "executed_lines": [169, 170],
          "summary": {
            "covered_lines": 2,
            "num_statements": 2,
            "percent_covered": 100.0,
            "percent_covered_display": "100",
            "missing_lines": 0,
            "excluded_lines": 0
          },
          "missing_lines": [],
          "excluded_lines": []
        },
        "_BaseIdentifiableMixin.id": {
          "executed_lines": [175, 176, 177],
          "summary": {
            "covered_lines": 3,
            "num_statements": 3,
            "percent_covered": 100.0,
            "percent_covered_display": "100",
            "missing_lines": 0,
            "excluded_lines": 0
          },
          "missing_lines": [],
          "excluded_lines": []
        },
        "_BaseIdentifiableMixin.has_id": {
          "executed_lines": [],
          "summary": {
            "covered_lines": 0,
            "num_statements": 1,
            "percent_covered": 0.0,
            "percent_covered_display": "0",
            "missing_lines": 1,
            "excluded_lines": 0
          },
          "missing_lines": [181],
          "excluded_lines": []
        },
        "_BaseValidatableMixin.__ensure_validation_state": {
          "executed_lines": [192, 193, 194],
          "summary": {
            "covered_lines": 3,
            "num_statements": 3,
            "percent_covered": 100.0,
            "percent_covered_display": "100",
            "missing_lines": 0,
            "excluded_lines": 0
          },
          "missing_lines": [],
          "excluded_lines": []
        },
        "_BaseValidatableMixin.add_validation_error": {
          "executed_lines": [198, 199, 200, 201],
          "summary": {
            "covered_lines": 4,
            "num_statements": 4,
            "percent_covered": 100.0,
            "percent_covered_display": "100",
            "missing_lines": 0,
            "excluded_lines": 0
          },
          "missing_lines": [],
          "excluded_lines": []
        },
        "_BaseValidatableMixin.clear_validation_errors": {
          "executed_lines": [205, 206, 207],
          "summary": {
            "covered_lines": 3,
            "num_statements": 3,
            "percent_covered": 100.0,
            "percent_covered_display": "100",
            "missing_lines": 0,
            "excluded_lines": 0
          },
          "missing_lines": [],
          "excluded_lines": []
        },
        "_BaseValidatableMixin.mark_valid": {
          "executed_lines": [],
          "summary": {
            "covered_lines": 0,
            "num_statements": 3,
            "percent_covered": 0.0,
            "percent_covered_display": "0",
            "missing_lines": 3,
            "excluded_lines": 0
          },
          "missing_lines": [211, 212, 213],
          "excluded_lines": []
        },
        "_BaseValidatableMixin.validation_errors": {
          "executed_lines": [218, 219],
          "summary": {
            "covered_lines": 2,
            "num_statements": 2,
            "percent_covered": 100.0,
            "percent_covered_display": "100",
            "missing_lines": 0,
            "excluded_lines": 0
          },
          "missing_lines": [],
          "excluded_lines": []
        },
        "_BaseValidatableMixin.is_valid": {
          "executed_lines": [224, 225],
          "summary": {
            "covered_lines": 2,
            "num_statements": 2,
            "percent_covered": 100.0,
            "percent_covered_display": "100",
            "missing_lines": 0,
            "excluded_lines": 0
          },
          "missing_lines": [],
          "excluded_lines": []
        },
[...]
            64, 65, 66, 69, 70, 72, 73, 77, 78, 82, 83, 87, 88, 95, 96, 103,
            104, 110, 111, 117, 118, 124, 125, 131, 132, 136, 137, 141, 142,
            146, 147, 152, 153, 155, 156, 160, 161, 165, 166, 176, 190, 225,
            257, 271, 276, 281, 291, 292, 293, 294, 295, 296, 297, 298, 301,
            302, 303, 304, 307, 308, 315, 316, 323, 330, 337, 338, 339, 340,
            347, 348, 355, 356, 406, 407, 408, 409, 410, 411, 412, 414, 415,
            432, 433, 449, 450, 466, 467, 489, 490, 530, 555, 584, 613, 640,
            675, 680, 689
          ],
          "summary": {
            "covered_lines": 108,
            "num_statements": 109,
            "percent_covered": 99.08256880733946,
            "percent_covered_display": "99",
            "missing_lines": 1,
            "excluded_lines": 0
          },
          "missing_lines": [42],
          "excluded_lines": []
        }
      },
      "classes": {
        "_ValidationConfig": {
          "executed_lines": [],
          "summary": {
            "covered_lines": 0,
            "num_statements": 0,
            "percent_covered": 100.0,
            "percent_covered_display": "100",
            "missing_lines": 0,
            "excluded_lines": 0
          },
          "missing_lines": [],
          "excluded_lines": []
        },
        "_ValidationResult": {
          "executed_lines": [],
          "summary": {
            "covered_lines": 0,
            "num_statements": 0,
            "percent_covered": 100.0,
            "percent_covered_display": "100",
            "missing_lines": 0,
            "excluded_lines": 0
          },
          "missing_lines": [],
          "excluded_lines": []
        },
        "_BaseValidators": {
          "executed_lines": [75, 85, 113, 115, 120, 122, 127, 129, 134, 144],
          "summary": {
            "covered_lines": 10,
            "num_statements": 27,
            "percent_covered": 37.03703703703704,
            "percent_covered_display": "37",
            "missing_lines": 17,
            "excluded_lines": 0
          },
          "missing_lines": [
            80, 90, 91, 92, 93, 98, 99, 100, 101, 106, 107, 108, 114, 121, 128,
            139, 149
          ],
          "excluded_lines": []
        },
        "_BasePredicates": {
          "executed_lines": [],
          "summary": {
            "covered_lines": 0,
            "num_statements": 3,
            "percent_covered": 0.0,
            "percent_covered_display": "0",
            "missing_lines": 3,
            "excluded_lines": 0
          },
          "missing_lines": [158, 163, 168],
          "excluded_lines": []
        },
        "FlextValidation": {
          "executed_lines": [],
          "summary": {
            "covered_lines": 0,
            "num_statements": 21,
            "percent_covered": 0.0,
            "percent_covered_display": "0",
            "missing_lines": 21,
            "excluded_lines": 0
          },
          "missing_lines": [
            417, 418, 423, 424, 425, 427, 428, 430, 444, 445, 447, 461, 462,
            464, 483, 509, 510, 511, 512, 513, 514
          ],
          "excluded_lines": []
        },
        "": {
          "executed_lines": [
            1, 31, 33, 34, 35, 37, 39, 41, 49, 50, 52, 54, 55, 56, 59, 60, 62,
            64, 65, 66, 69, 70, 72, 73, 77, 78, 82, 83, 87, 88, 95, 96, 103,
            104, 110, 111, 117, 118, 124, 125, 131, 132, 136, 137, 141, 142,
            146, 147, 152, 153, 155, 156, 160, 161, 165, 166, 176, 190, 225,
            257, 271, 276, 281, 283, 291, 292, 293, 294, 295, 296, 297, 298,
            301, 302, 303, 304, 307, 308, 315, 316, 323, 330, 337, 338, 339,
            340, 347, 348, 355, 356, 406, 407, 408, 409, 410, 411, 412, 414,
            415, 432, 433, 449, 450, 466, 467, 489, 490, 530, 555, 584, 613,
            640, 667, 675, 680, 689
          ],
          "summary": {
            "covered_lines": 110,
            "num_statements": 141,
            "percent_covered": 78.01418439716312,
            "percent_covered_display": "78",
            "missing_lines": 31,
            "excluded_lines": 0
          },
          "missing_lines": [
            42, 181, 182, 187, 197, 198, 204, 205, 206, 212, 216, 222, 232, 233,
            239, 240, 241, 247, 248, 254, 262, 263, 268, 273, 278, 552, 581,
            610, 637, 677, 682
          ],
          "excluded_lines": []
        }
      }
    },
    "src/flext_core/value_objects.py": {
      "executed_lines": [
        1, 64, 66, 67, 69, 71, 72, 73, 74, 75, 76, 77, 79, 90, 98, 192, 199,
        206, 208, 210, 212, 214, 217, 218, 219, 220, 222, 224, 231, 233, 234,
        240, 241, 247, 257, 258, 259, 264, 266, 270, 272, 283, 285, 286, 296,
        300, 310, 313, 315, 317, 320, 321, 324, 327, 329, 331, 332, 333, 334,
        337, 339, 342, 343, 345, 354, 355, 363, 371, 372, 375, 385, 390, 402,
        410, 411, 490, 491, 506, 509, 510, 511, 512, 513, 517, 518, 519, 523,
        527
      ],
      "summary": {
        "covered_lines": 85,
        "num_statements": 105,
        "percent_covered": 80.95238095238095,
        "percent_covered_display": "81",
        "missing_lines": 20,
        "excluded_lines": 0
      },
      "missing_lines": [
        80, 209, 211, 213, 287, 288, 289, 290, 291, 297, 298, 318, 322, 325,
        336, 356, 391, 396, 400, 514
      ],
      "excluded_lines": [],
      "functions": {
        "FlextValueObject.__hash__": {
          "executed_lines": [206, 217, 218, 219, 220, 222],
          "summary": {
            "covered_lines": 6,
            "num_statements": 6,
            "percent_covered": 100.0,
            "percent_covered_display": "100",
            "missing_lines": 0,
            "excluded_lines": 0
          },
          "missing_lines": [],
          "excluded_lines": []
        },
        "FlextValueObject.__hash__.make_hashable": {
          "executed_lines": [208, 210, 212, 214],
          "summary": {
            "covered_lines": 4,
            "num_statements": 7,
            "percent_covered": 57.142857142857146,
            "percent_covered_display": "57",
            "missing_lines": 3,
            "excluded_lines": 0
          },
          "missing_lines": [209, 211, 213],
          "excluded_lines": []
        },
        "FlextValueObject.__init_subclass__": {
          "executed_lines": [231, 233, 234],
          "summary": {
            "covered_lines": 3,
            "num_statements": 3,
            "percent_covered": 100.0,
            "percent_covered_display": "100",
            "missing_lines": 0,
            "excluded_lines": 0
          },
          "missing_lines": [],
          "excluded_lines": []
        },
        "FlextValueObject.validate_domain_rules": {
          "executed_lines": [],
          "summary": {
            "covered_lines": 0,
            "num_statements": 0,
            "percent_covered": 100.0,
            "percent_covered_display": "100",
            "missing_lines": 0,
            "excluded_lines": 0
          },
          "missing_lines": [],
          "excluded_lines": []
        },
        "FlextValueObject.validate_flext": {
          "executed_lines": [257, 258, 259, 264, 266, 270],
          "summary": {
            "covered_lines": 6,
            "num_statements": 6,
            "percent_covered": 100.0,
            "percent_covered_display": "100",
            "missing_lines": 0,
            "excluded_lines": 0
          },
          "missing_lines": [],
          "excluded_lines": []
        },
        "FlextValueObject.validate_field": {
          "executed_lines": [283, 285, 286, 296],
          "summary": {
            "covered_lines": 4,
            "num_statements": 11,
            "percent_covered": 36.36363636363637,
            "percent_covered_display": "36",
            "missing_lines": 7,
            "excluded_lines": 0
          },
          "missing_lines": [287, 288, 289, 290, 291, 297, 298],
          "excluded_lines": []
        },
        "FlextValueObject.validate_all_fields": {
          "executed_lines": [310, 313, 315, 317, 320, 321, 324, 327],
          "summary": {
            "covered_lines": 8,
            "num_statements": 11,
            "percent_covered": 72.72727272727273,
            "percent_covered_display": "73",
            "missing_lines": 3,
            "excluded_lines": 0
          },
          "missing_lines": [318, 322, 325],
          "excluded_lines": []
        },
        "FlextValueObject.format_dict": {
          "executed_lines": [331, 332, 333, 334, 337],
          "summary": {
            "covered_lines": 5,
            "num_statements": 6,
            "percent_covered": 83.33333333333333,
            "percent_covered_display": "83",
            "missing_lines": 1,
            "excluded_lines": 0
          },
          "missing_lines": [336],
          "excluded_lines": []
        },
        "FlextValueObject.__str__": {
          "executed_lines": [342, 343],
          "summary": {
            "covered_lines": 2,
            "num_statements": 2,
            "percent_covered": 100.0,
            "percent_covered_display": "100",
            "missing_lines": 0,
            "excluded_lines": 0
          },
          "missing_lines": [],
          "excluded_lines": []
        },
        "FlextValueObject.to_payload": {
          "executed_lines": [354, 355, 363, 371, 372, 375, 385, 390, 402],
          "summary": {
            "covered_lines": 9,
            "num_statements": 13,
            "percent_covered": 69.23076923076923,
            "percent_covered_display": "69",
            "missing_lines": 4,
            "excluded_lines": 0
          },
          "missing_lines": [356, 391, 396, 400],
          "excluded_lines": []
        },
        "FlextValueObjectFactory.create_value_object_factory": {
          "executed_lines": [506, 523],
          "summary": {
            "covered_lines": 2,
            "num_statements": 2,
            "percent_covered": 100.0,
            "percent_covered_display": "100",
            "missing_lines": 0,
            "excluded_lines": 0
          },
          "missing_lines": [],
          "excluded_lines": []
        },
        "FlextValueObjectFactory.create_value_object_factory.factory": {
          "executed_lines": [509, 510, 511, 512, 513, 517, 518, 519],
          "summary": {
            "covered_lines": 8,
            "num_statements": 9,
            "percent_covered": 88.88888888888889,
            "percent_covered_display": "89",
            "missing_lines": 1,
            "excluded_lines": 0
          },
          "missing_lines": [514],
          "excluded_lines": []
        },
        "": {
          "executed_lines": [
            1, 64, 66, 67, 69, 71, 72, 73, 74, 75, 76, 77, 79, 90, 98, 192, 199,
            224, 240, 241, 247, 272, 300, 329, 339, 345, 410, 411, 490, 491, 527
          ],
          "summary": {
            "covered_lines": 28,
            "num_statements": 29,
            "percent_covered": 96.55172413793103,
            "percent_covered_display": "97",
            "missing_lines": 1,
            "excluded_lines": 0
          },
          "missing_lines": [80],
          "excluded_lines": []
        }
      },
      "classes": {
        "FlextValueObject": {
          "executed_lines": [
            206, 208, 210, 212, 214, 217, 218, 219, 220, 222, 231, 233, 234,
            257, 258, 259, 264, 266, 270, 283, 285, 286, 296, 310, 313, 315,
            317, 320, 321, 324, 327, 331, 332, 333, 334, 337, 342, 343, 354,
            355, 363, 371, 372, 375, 385, 390, 402
          ],
          "summary": {
            "covered_lines": 47,
            "num_statements": 65,
            "percent_covered": 72.3076923076923,
            "percent_covered_display": "72",
            "missing_lines": 18,
            "excluded_lines": 0
          },
          "missing_lines": [
            209, 211, 213, 287, 288, 289, 290, 291, 297, 298, 318, 322, 325,
            336, 356, 391, 396, 400
          ],
          "excluded_lines": []
        },
        "FlextValueObjectFactory": {
          "executed_lines": [506, 509, 510, 511, 512, 513, 517, 518, 519, 523],
          "summary": {
            "covered_lines": 10,
            "num_statements": 11,
            "percent_covered": 90.9090909090909,
            "percent_covered_display": "91",
            "missing_lines": 1,
            "excluded_lines": 0
          },
          "missing_lines": [514],
          "excluded_lines": []
        },
        "": {
          "executed_lines": [
            1, 64, 66, 67, 69, 71, 72, 73, 74, 75, 76, 77, 79, 90, 98, 192, 199,
            224, 240, 241, 247, 272, 300, 329, 339, 345, 410, 411, 490, 491, 527
          ],
          "summary": {
            "covered_lines": 28,
            "num_statements": 29,
            "percent_covered": 96.55172413793103,
            "percent_covered_display": "97",
            "missing_lines": 1,
            "excluded_lines": 0
          },
          "missing_lines": [80],
          "excluded_lines": []
        }
      }
    },
    "src/flext_core/version.py": {
      "executed_lines": [
        1, 28, 30, 31, 33, 40, 43, 44, 45, 48, 51, 52, 53, 56, 57, 60, 81, 82,
        105, 106, 107, 108, 109, 110, 113, 114, 134, 135, 136, 137, 138, 141,
        161, 178, 188, 203, 204, 207, 274, 296, 315, 349, 396
      ],
      "summary": {
        "covered_lines": 40,
        "num_statements": 71,
        "percent_covered": 56.33802816901409,
        "percent_covered_display": "56",
        "missing_lines": 31,
        "excluded_lines": 0
      },
      "missing_lines": [
        34, 158, 230, 232, 233, 248, 249, 265, 293, 312, 335, 337, 339, 340,
        342, 343, 344, 345, 346, 376, 377, 378, 379, 381, 382, 383, 384, 385,
        386, 387, 389
      ],
      "excluded_lines": [],
      "functions": {
        "get_version_tuple": {
          "executed_lines": [],
          "summary": {
            "covered_lines": 0,
            "num_statements": 1,
            "percent_covered": 0.0,
            "percent_covered_display": "0",
            "missing_lines": 1,
            "excluded_lines": 0
          },
          "missing_lines": [158],
          "excluded_lines": []
        },
        "get_version_info": {
          "executed_lines": [178],
          "summary": {
            "covered_lines": 1,
            "num_statements": 1,
            "percent_covered": 100.0,
            "percent_covered_display": "100",
            "missing_lines": 0,
            "excluded_lines": 0
          },
          "missing_lines": [],
          "excluded_lines": []
        },
        "get_version_string": {
          "executed_lines": [203, 204],
          "summary": {
            "covered_lines": 2,
            "num_statements": 2,
            "percent_covered": 100.0,
            "percent_covered_display": "100",
            "missing_lines": 0,
            "excluded_lines": 0
          },
          "missing_lines": [],
          "excluded_lines": []
        },
        "check_python_compatibility": {
          "executed_lines": [],
          "summary": {
            "covered_lines": 0,
            "num_statements": 6,
            "percent_covered": 0.0,
            "percent_covered_display": "0",
            "missing_lines": 6,
            "excluded_lines": 0
          },
          "missing_lines": [230, 232, 233, 248, 249, 265],
          "excluded_lines": []
        },
        "is_feature_available": {
          "executed_lines": [],
          "summary": {
            "covered_lines": 0,
            "num_statements": 1,
            "percent_covered": 0.0,
            "percent_covered_display": "0",
            "missing_lines": 1,
            "excluded_lines": 0
          },
          "missing_lines": [293],
          "excluded_lines": []
        },
        "get_available_features": {
          "executed_lines": [],
          "summary": {
            "covered_lines": 0,
            "num_statements": 1,
            "percent_covered": 0.0,
            "percent_covered_display": "0",
            "missing_lines": 1,
            "excluded_lines": 0
          },
          "missing_lines": [312],
          "excluded_lines": []
        },
        "compare_versions": {
          "executed_lines": [],
          "summary": {
            "covered_lines": 0,
            "num_statements": 8,
            "percent_covered": 0.0,
            "percent_covered_display": "0",
            "missing_lines": 8,
            "excluded_lines": 0
          },
          "missing_lines": [335, 339, 340, 342, 343, 344, 345, 346],
          "excluded_lines": []
        },
        "compare_versions.parse_version": {
          "executed_lines": [],
          "summary": {
            "covered_lines": 0,
            "num_statements": 1,
            "percent_covered": 0.0,
            "percent_covered_display": "0",
            "missing_lines": 1,
            "excluded_lines": 0
          },
          "missing_lines": [337],
          "excluded_lines": []
        },
        "validate_version_format": {
          "executed_lines": [],
          "summary": {
            "covered_lines": 0,
            "num_statements": 12,
            "percent_covered": 0.0,
            "percent_covered_display": "0",
            "missing_lines": 12,
            "excluded_lines": 0
          },
          "missing_lines": [
            376, 377, 378, 379, 381, 382, 383, 384, 385, 386, 387, 389
          ],
          "excluded_lines": []
        },
        "": {
          "executed_lines": [
            1, 28, 30, 31, 33, 40, 43, 44, 45, 48, 51, 52, 53, 56, 57, 60, 81,
            82, 105, 106, 107, 108, 109, 110, 113, 114, 134, 135, 136, 137, 138,
            141, 161, 188, 207, 274, 296, 315, 349, 396
          ],
          "summary": {
            "covered_lines": 37,
            "num_statements": 38,
            "percent_covered": 97.36842105263158,
            "percent_covered_display": "97",
            "missing_lines": 1,
            "excluded_lines": 0
          },
          "missing_lines": [34],
          "excluded_lines": []
        }
      },
      "classes": {
        "FlextVersionInfo": {
          "executed_lines": [],
          "summary": {
            "covered_lines": 0,
            "num_statements": 0,
            "percent_covered": 100.0,
            "percent_covered_display": "100",
            "missing_lines": 0,
            "excluded_lines": 0
          },
          "missing_lines": [],
          "excluded_lines": []
        },
        "FlextCompatibilityResult": {
          "executed_lines": [],
          "summary": {
            "covered_lines": 0,
            "num_statements": 0,
            "percent_covered": 100.0,
            "percent_covered_display": "100",
            "missing_lines": 0,
            "excluded_lines": 0
          },
          "missing_lines": [],
          "excluded_lines": []
        },
        "": {
          "executed_lines": [
            1, 28, 30, 31, 33, 40, 43, 44, 45, 48, 51, 52, 53, 56, 57, 60, 81,
            82, 105, 106, 107, 108, 109, 110, 113, 114, 134, 135, 136, 137, 138,
            141, 161, 178, 188, 203, 204, 207, 274, 296, 315, 349, 396
          ],
          "summary": {
            "covered_lines": 40,
            "num_statements": 71,
            "percent_covered": 56.33802816901409,
            "percent_covered_display": "56",
            "missing_lines": 31,
            "excluded_lines": 0
          },
          "missing_lines": [
            34, 158, 230, 232, 233, 248, 249, 265, 293, 312, 335, 337, 339, 340,
            342, 343, 344, 345, 346, 376, 377, 378, 379, 381, 382, 383, 384,
            385, 386, 387, 389
          ],
          "excluded_lines": []
        }
      }
    }
  },
  "totals": {
    "covered_lines": 3161,
    "num_statements": 4368,
    "percent_covered": 72.36721611721612,
    "percent_covered_display": "72",
    "missing_lines": 1207,
    "excluded_lines": 93
  }
}
