{"meta": {"format": 3, "version": "7.10.1", "timestamp": "2025-08-09T13:58:24.640434", "branch_coverage": false, "show_contexts": false}, "files": {"src/flext_core/__init__.py": {"executed_lines": [1, 19, 29, 30, 43, 60, 75, 83, 89, 97, 98, 116, 132, 136, 146, 164, 168, 169, 175, 190, 196, 208, 214, 234, 245, 255, 262, 268, 293, 309, 310, 313, 314, 316, 318, 323, 328, 339, 340, 341, 349, 388], "summary": {"covered_lines": 40, "num_statements": 45, "percent_covered": 88.88888888888889, "percent_covered_display": "89", "missing_lines": 5, "excluded_lines": 0}, "missing_lines": [319, 320, 321, 324, 325], "excluded_lines": [], "functions": {"_LegacyProxy._load": {"executed_lines": [], "summary": {"covered_lines": 0, "num_statements": 3, "percent_covered": 0.0, "percent_covered_display": "0", "missing_lines": 3, "excluded_lines": 0}, "missing_lines": [319, 320, 321], "excluded_lines": []}, "_LegacyProxy.__getattr__": {"executed_lines": [], "summary": {"covered_lines": 0, "num_statements": 2, "percent_covered": 0.0, "percent_covered_display": "0", "missing_lines": 2, "excluded_lines": 0}, "missing_lines": [324, 325], "excluded_lines": []}, "": {"executed_lines": [1, 19, 29, 30, 43, 60, 75, 83, 89, 97, 98, 116, 132, 136, 146, 164, 168, 169, 175, 190, 196, 208, 214, 234, 245, 255, 262, 268, 293, 309, 310, 313, 314, 316, 318, 323, 328, 339, 340, 341, 349, 388], "summary": {"covered_lines": 40, "num_statements": 40, "percent_covered": 100.0, "percent_covered_display": "100", "missing_lines": 0, "excluded_lines": 0}, "missing_lines": [], "excluded_lines": []}}, "classes": {"_LegacyProxy": {"executed_lines": [], "summary": {"covered_lines": 0, "num_statements": 5, "percent_covered": 0.0, "percent_covered_display": "0", "missing_lines": 5, "excluded_lines": 0}, "missing_lines": [319, 320, 321, 324, 325], "excluded_lines": []}, "": {"executed_lines": [1, 19, 29, 30, 43, 60, 75, 83, 89, 97, 98, 116, 132, 136, 146, 164, 168, 169, 175, 190, 196, 208, 214, 234, 245, 255, 262, 268, 293, 309, 310, 313, 314, 316, 318, 323, 328, 339, 340, 341, 349, 388], "summary": {"covered_lines": 40, "num_statements": 40, "percent_covered": 100.0, "percent_covered_display": "100", "missing_lines": 0, "excluded_lines": 0}, "missing_lines": [], "excluded_lines": []}}}, "src/flext_core/__version__.py": {"executed_lines": [1, 17, 19, 20, 22, 24, 32, 33, 35, 41, 42, 43, 46, 49, 50, 51, 54, 55, 58, 79, 80, 86, 87, 88, 89, 90, 91, 94, 95, 101, 102, 103, 104, 105, 108, 115, 118, 125, 135, 142, 143, 146, 153, 155, 171, 188, 197, 210, 213, 223, 226, 241, 243, 245, 246, 248, 249, 250, 251, 252, 255, 268, 269, 270, 271, 273, 274, 276, 284, 291], "summary": {"covered_lines": 66, "num_statements": 76, "percent_covered": 86.84210526315789, "percent_covered_display": "87", "missing_lines": 10, "excluded_lines": 2}, "missing_lines": [36, 38, 156, 172, 275, 277, 278, 280, 281, 282], "excluded_lines": [24, 25], "functions": {"get_version_tuple": {"executed_lines": [115], "summary": {"covered_lines": 1, "num_statements": 1, "percent_covered": 100.0, "percent_covered_display": "100", "missing_lines": 0, "excluded_lines": 0}, "missing_lines": [], "excluded_lines": []}, "get_version_info": {"executed_lines": [125], "summary": {"covered_lines": 1, "num_statements": 1, "percent_covered": 100.0, "percent_covered_display": "100", "missing_lines": 0, "excluded_lines": 0}, "missing_lines": [], "excluded_lines": []}, "get_version_string": {"executed_lines": [142, 143], "summary": {"covered_lines": 2, "num_statements": 2, "percent_covered": 100.0, "percent_covered_display": "100", "missing_lines": 0, "excluded_lines": 0}, "missing_lines": [], "excluded_lines": []}, "check_python_compatibility": {"executed_lines": [153, 155, 171, 188], "summary": {"covered_lines": 4, "num_statements": 6, "percent_covered": 66.66666666666667, "percent_covered_display": "67", "missing_lines": 2, "excluded_lines": 0}, "missing_lines": [156, 172], "excluded_lines": []}, "is_feature_available": {"executed_lines": [210], "summary": {"covered_lines": 1, "num_statements": 1, "percent_covered": 100.0, "percent_covered_display": "100", "missing_lines": 0, "excluded_lines": 0}, "missing_lines": [], "excluded_lines": []}, "get_available_features": {"executed_lines": [223], "summary": {"covered_lines": 1, "num_statements": 1, "percent_covered": 100.0, "percent_covered_display": "100", "missing_lines": 0, "excluded_lines": 0}, "missing_lines": [], "excluded_lines": []}, "compare_versions": {"executed_lines": [241, 245, 246, 248, 249, 250, 251, 252], "summary": {"covered_lines": 8, "num_statements": 8, "percent_covered": 100.0, "percent_covered_display": "100", "missing_lines": 0, "excluded_lines": 0}, "missing_lines": [], "excluded_lines": []}, "compare_versions.parse_version": {"executed_lines": [243], "summary": {"covered_lines": 1, "num_statements": 1, "percent_covered": 100.0, "percent_covered_display": "100", "missing_lines": 0, "excluded_lines": 0}, "missing_lines": [], "excluded_lines": []}, "validate_version_format": {"executed_lines": [268, 269, 270, 271, 273, 274, 276, 284], "summary": {"covered_lines": 8, "num_statements": 14, "percent_covered": 57.142857142857146, "percent_covered_display": "57", "missing_lines": 6, "excluded_lines": 0}, "missing_lines": [275, 277, 278, 280, 281, 282], "excluded_lines": []}, "": {"executed_lines": [1, 17, 19, 20, 22, 24, 32, 33, 35, 41, 42, 43, 46, 49, 50, 51, 54, 55, 58, 79, 80, 86, 87, 88, 89, 90, 91, 94, 95, 101, 102, 103, 104, 105, 108, 118, 135, 146, 197, 213, 226, 255, 291], "summary": {"covered_lines": 39, "num_statements": 41, "percent_covered": 95.1219512195122, "percent_covered_display": "95", "missing_lines": 2, "excluded_lines": 2}, "missing_lines": [36, 38], "excluded_lines": [24, 25]}}, "classes": {"FlextVersionInfo": {"executed_lines": [], "summary": {"covered_lines": 0, "num_statements": 0, "percent_covered": 100.0, "percent_covered_display": "100", "missing_lines": 0, "excluded_lines": 0}, "missing_lines": [], "excluded_lines": []}, "FlextCompatibilityResult": {"executed_lines": [], "summary": {"covered_lines": 0, "num_statements": 0, "percent_covered": 100.0, "percent_covered_display": "100", "missing_lines": 0, "excluded_lines": 0}, "missing_lines": [], "excluded_lines": []}, "": {"executed_lines": [1, 17, 19, 20, 22, 24, 32, 33, 35, 41, 42, 43, 46, 49, 50, 51, 54, 55, 58, 79, 80, 86, 87, 88, 89, 90, 91, 94, 95, 101, 102, 103, 104, 105, 108, 115, 118, 125, 135, 142, 143, 146, 153, 155, 171, 188, 197, 210, 213, 223, 226, 241, 243, 245, 246, 248, 249, 250, 251, 252, 255, 268, 269, 270, 271, 273, 274, 276, 284, 291], "summary": {"covered_lines": 66, "num_statements": 76, "percent_covered": 86.84210526315789, "percent_covered_display": "87", "missing_lines": 10, "excluded_lines": 2}, "missing_lines": [36, 38, 156, 172, 275, 277, 278, 280, 281, 282], "excluded_lines": [24, 25]}}}, "src/flext_core/_config_base.py": {"executed_lines": [1, 8, 10, 22], "summary": {"covered_lines": 3, "num_statements": 3, "percent_covered": 100.0, "percent_covered_display": "100", "missing_lines": 0, "excluded_lines": 0}, "missing_lines": [], "excluded_lines": [], "functions": {"": {"executed_lines": [1, 8, 10, 22], "summary": {"covered_lines": 3, "num_statements": 3, "percent_covered": 100.0, "percent_covered_display": "100", "missing_lines": 0, "excluded_lines": 0}, "missing_lines": [], "excluded_lines": []}}, "classes": {"": {"executed_lines": [1, 8, 10, 22], "summary": {"covered_lines": 3, "num_statements": 3, "percent_covered": 100.0, "percent_covered_display": "100", "missing_lines": 0, "excluded_lines": 0}, "missing_lines": [], "excluded_lines": []}}}, "src/flext_core/aggregate_root.py": {"executed_lines": [1, 8, 10, 12, 14, 15, 16, 17, 18, 20, 26, 27, 33, 46, 54, 56, 57, 64, 66, 69, 70, 71, 74, 78, 85, 86, 89, 91, 94, 98, 111, 117, 118, 123, 129, 130, 135, 141, 142, 145, 148, 149, 150, 152, 153, 154, 155, 156, 157, 159, 191, 200, 201, 202, 204, 205, 206, 208, 215, 216, 219, 226, 227, 229, 230, 231, 234, 236, 250], "summary": {"covered_lines": 66, "num_statements": 87, "percent_covered": 75.86206896551724, "percent_covered_display": "76", "missing_lines": 21, "excluded_lines": 3}, "missing_lines": [58, 59, 61, 99, 101, 102, 120, 121, 122, 132, 174, 175, 181, 182, 185, 186, 187, 188, 189, 217, 232], "excluded_lines": [20, 21, 23], "functions": {"FlextAggregateRoot.__init__": {"executed_lines": [54, 56, 57, 64, 66, 69, 70, 71, 74, 78, 85, 86, 89, 91, 94, 98], "summary": {"covered_lines": 16, "num_statements": 22, "percent_covered": 72.72727272727273, "percent_covered_display": "73", "missing_lines": 6, "excluded_lines": 0}, "missing_lines": [58, 59, 61, 99, 101, 102], "excluded_lines": []}, "FlextAggregateRoot.add_domain_event": {"executed_lines": [117, 118, 123, 129, 130, 135, 141, 142, 145, 148, 149, 150, 152, 153, 154, 155, 156, 157], "summary": {"covered_lines": 18, "num_statements": 22, "percent_covered": 81.81818181818181, "percent_covered_display": "82", "missing_lines": 4, "excluded_lines": 0}, "missing_lines": [120, 121, 122, 132], "excluded_lines": []}, "FlextAggregateRoot.add_typed_domain_event": {"executed_lines": [], "summary": {"covered_lines": 0, "num_statements": 9, "percent_covered": 0.0, "percent_covered_display": "0", "missing_lines": 9, "excluded_lines": 0}, "missing_lines": [174, 175, 181, 182, 185, 186, 187, 188, 189], "excluded_lines": []}, "FlextAggregateRoot.add_event_object": {"executed_lines": [200, 201, 202, 204, 205, 206], "summary": {"covered_lines": 6, "num_statements": 6, "percent_covered": 100.0, "percent_covered_display": "100", "missing_lines": 0, "excluded_lines": 0}, "missing_lines": [], "excluded_lines": []}, "FlextAggregateRoot.get_domain_events": {"executed_lines": [215, 216], "summary": {"covered_lines": 2, "num_statements": 3, "percent_covered": 66.66666666666667, "percent_covered_display": "67", "missing_lines": 1, "excluded_lines": 0}, "missing_lines": [217], "excluded_lines": []}, "FlextAggregateRoot.clear_domain_events": {"executed_lines": [226, 227, 229, 230, 231], "summary": {"covered_lines": 5, "num_statements": 6, "percent_covered": 83.33333333333333, "percent_covered_display": "83", "missing_lines": 1, "excluded_lines": 0}, "missing_lines": [232], "excluded_lines": []}, "FlextAggregateRoot.has_domain_events": {"executed_lines": [236], "summary": {"covered_lines": 1, "num_statements": 1, "percent_covered": 100.0, "percent_covered_display": "100", "missing_lines": 0, "excluded_lines": 0}, "missing_lines": [], "excluded_lines": []}, "": {"executed_lines": [1, 8, 10, 12, 14, 15, 16, 17, 18, 20, 26, 27, 33, 46, 111, 159, 191, 208, 219, 234, 250], "summary": {"covered_lines": 18, "num_statements": 18, "percent_covered": 100.0, "percent_covered_display": "100", "missing_lines": 0, "excluded_lines": 3}, "missing_lines": [], "excluded_lines": [20, 21, 23]}}, "classes": {"FlextAggregateRoot": {"executed_lines": [54, 56, 57, 64, 66, 69, 70, 71, 74, 78, 85, 86, 89, 91, 94, 98, 117, 118, 123, 129, 130, 135, 141, 142, 145, 148, 149, 150, 152, 153, 154, 155, 156, 157, 200, 201, 202, 204, 205, 206, 215, 216, 226, 227, 229, 230, 231, 236], "summary": {"covered_lines": 48, "num_statements": 69, "percent_covered": 69.56521739130434, "percent_covered_display": "70", "missing_lines": 21, "excluded_lines": 0}, "missing_lines": [58, 59, 61, 99, 101, 102, 120, 121, 122, 132, 174, 175, 181, 182, 185, 186, 187, 188, 189, 217, 232], "excluded_lines": []}, "": {"executed_lines": [1, 8, 10, 12, 14, 15, 16, 17, 18, 20, 26, 27, 33, 46, 111, 159, 191, 208, 219, 234, 250], "summary": {"covered_lines": 18, "num_statements": 18, "percent_covered": 100.0, "percent_covered_display": "100", "missing_lines": 0, "excluded_lines": 3}, "missing_lines": [], "excluded_lines": [20, 21, 23]}}}, "src/flext_core/base_commands.py": {"executed_lines": [1, 16, 18, 19, 21, 25, 26, 27, 28, 35, 36, 44, 45, 55, 56, 62, 63, 64, 68, 69, 73, 74, 78, 79, 89, 90, 96, 97, 98, 102, 103, 107, 108, 112, 113, 123, 124, 130, 131, 139, 140, 144, 145, 149, 150, 159], "summary": {"covered_lines": 40, "num_statements": 40, "percent_covered": 100.0, "percent_covered_display": "100", "missing_lines": 0, "excluded_lines": 36}, "missing_lines": [], "excluded_lines": [21, 22, 47, 48, 49, 50, 66, 67, 71, 72, 76, 77, 81, 82, 83, 84, 100, 101, 105, 106, 110, 111, 115, 116, 117, 118, 137, 138, 142, 143, 147, 148, 152, 153, 154, 155], "functions": {"FlextAbstractCommand.validate_command": {"executed_lines": [], "summary": {"covered_lines": 0, "num_statements": 0, "percent_covered": 100.0, "percent_covered_display": "100", "missing_lines": 0, "excluded_lines": 1}, "missing_lines": [], "excluded_lines": [47]}, "FlextAbstractCommandHandler.handler_name": {"executed_lines": [], "summary": {"covered_lines": 0, "num_statements": 0, "percent_covered": 100.0, "percent_covered_display": "100", "missing_lines": 0, "excluded_lines": 1}, "missing_lines": [], "excluded_lines": [66]}, "FlextAbstractCommandHandler.can_handle": {"executed_lines": [], "summary": {"covered_lines": 0, "num_statements": 0, "percent_covered": 100.0, "percent_covered_display": "100", "missing_lines": 0, "excluded_lines": 1}, "missing_lines": [], "excluded_lines": [71]}, "FlextAbstractCommandHandler.validate_command": {"executed_lines": [], "summary": {"covered_lines": 0, "num_statements": 0, "percent_covered": 100.0, "percent_covered_display": "100", "missing_lines": 0, "excluded_lines": 1}, "missing_lines": [], "excluded_lines": [76]}, "FlextAbstractCommandHandler.handle": {"executed_lines": [], "summary": {"covered_lines": 0, "num_statements": 0, "percent_covered": 100.0, "percent_covered_display": "100", "missing_lines": 0, "excluded_lines": 1}, "missing_lines": [], "excluded_lines": [81]}, "FlextAbstractQueryHandler.handler_name": {"executed_lines": [], "summary": {"covered_lines": 0, "num_statements": 0, "percent_covered": 100.0, "percent_covered_display": "100", "missing_lines": 0, "excluded_lines": 1}, "missing_lines": [], "excluded_lines": [100]}, "FlextAbstractQueryHandler.can_handle": {"executed_lines": [], "summary": {"covered_lines": 0, "num_statements": 0, "percent_covered": 100.0, "percent_covered_display": "100", "missing_lines": 0, "excluded_lines": 1}, "missing_lines": [], "excluded_lines": [105]}, "FlextAbstractQueryHandler.validate_query": {"executed_lines": [], "summary": {"covered_lines": 0, "num_statements": 0, "percent_covered": 100.0, "percent_covered_display": "100", "missing_lines": 0, "excluded_lines": 1}, "missing_lines": [], "excluded_lines": [110]}, "FlextAbstractQueryHandler.handle": {"executed_lines": [], "summary": {"covered_lines": 0, "num_statements": 0, "percent_covered": 100.0, "percent_covered_display": "100", "missing_lines": 0, "excluded_lines": 1}, "missing_lines": [], "excluded_lines": [115]}, "FlextAbstractCommandBus.register_handler": {"executed_lines": [], "summary": {"covered_lines": 0, "num_statements": 0, "percent_covered": 100.0, "percent_covered_display": "100", "missing_lines": 0, "excluded_lines": 1}, "missing_lines": [], "excluded_lines": [137]}, "FlextAbstractCommandBus.unregister_handler": {"executed_lines": [], "summary": {"covered_lines": 0, "num_statements": 0, "percent_covered": 100.0, "percent_covered_display": "100", "missing_lines": 0, "excluded_lines": 1}, "missing_lines": [], "excluded_lines": [142]}, "FlextAbstractCommandBus.send_command": {"executed_lines": [], "summary": {"covered_lines": 0, "num_statements": 0, "percent_covered": 100.0, "percent_covered_display": "100", "missing_lines": 0, "excluded_lines": 1}, "missing_lines": [], "excluded_lines": [147]}, "FlextAbstractCommandBus.get_registered_handlers": {"executed_lines": [], "summary": {"covered_lines": 0, "num_statements": 0, "percent_covered": 100.0, "percent_covered_display": "100", "missing_lines": 0, "excluded_lines": 1}, "missing_lines": [], "excluded_lines": [152]}, "": {"executed_lines": [1, 16, 18, 19, 21, 25, 26, 27, 28, 35, 36, 44, 45, 55, 56, 62, 63, 64, 68, 69, 73, 74, 78, 79, 89, 90, 96, 97, 98, 102, 103, 107, 108, 112, 113, 123, 124, 130, 131, 139, 140, 144, 145, 149, 150, 159], "summary": {"covered_lines": 40, "num_statements": 40, "percent_covered": 100.0, "percent_covered_display": "100", "missing_lines": 0, "excluded_lines": 23}, "missing_lines": [], "excluded_lines": [21, 22, 48, 49, 50, 67, 72, 77, 82, 83, 84, 101, 106, 111, 116, 117, 118, 138, 143, 148, 153, 154, 155]}}, "classes": {"FlextAbstractCommand": {"executed_lines": [], "summary": {"covered_lines": 0, "num_statements": 0, "percent_covered": 100.0, "percent_covered_display": "100", "missing_lines": 0, "excluded_lines": 1}, "missing_lines": [], "excluded_lines": [47]}, "FlextAbstractCommandHandler": {"executed_lines": [], "summary": {"covered_lines": 0, "num_statements": 0, "percent_covered": 100.0, "percent_covered_display": "100", "missing_lines": 0, "excluded_lines": 4}, "missing_lines": [], "excluded_lines": [66, 71, 76, 81]}, "FlextAbstractQueryHandler": {"executed_lines": [], "summary": {"covered_lines": 0, "num_statements": 0, "percent_covered": 100.0, "percent_covered_display": "100", "missing_lines": 0, "excluded_lines": 4}, "missing_lines": [], "excluded_lines": [100, 105, 110, 115]}, "FlextAbstractCommandBus": {"executed_lines": [], "summary": {"covered_lines": 0, "num_statements": 0, "percent_covered": 100.0, "percent_covered_display": "100", "missing_lines": 0, "excluded_lines": 4}, "missing_lines": [], "excluded_lines": [137, 142, 147, 152]}, "": {"executed_lines": [1, 16, 18, 19, 21, 25, 26, 27, 28, 35, 36, 44, 45, 55, 56, 62, 63, 64, 68, 69, 73, 74, 78, 79, 89, 90, 96, 97, 98, 102, 103, 107, 108, 112, 113, 123, 124, 130, 131, 139, 140, 144, 145, 149, 150, 159], "summary": {"covered_lines": 40, "num_statements": 40, "percent_covered": 100.0, "percent_covered_display": "100", "missing_lines": 0, "excluded_lines": 23}, "missing_lines": [], "excluded_lines": [21, 22, 48, 49, 50, 67, 72, 77, 82, 83, 84, 101, 106, 111, 116, 117, 118, 138, 143, 148, 153, 154, 155]}}}, "src/flext_core/base_decorators.py": {"executed_lines": [1, 16, 18, 19, 20, 22, 27, 28, 29, 36, 37, 43, 45, 47, 48, 52, 53, 57, 59, 64, 72, 73, 79, 80, 88, 89, 93, 103, 104, 110, 116, 117, 121, 122, 126, 127, 136, 146, 147, 153, 158, 159, 160, 164, 165, 174, 175, 179, 180, 184, 194, 195, 201, 210, 211, 215, 216, 220, 221, 225, 235, 236, 242, 251, 252, 256, 257, 261, 262, 269, 281, 282, 288, 289, 296, 297, 304, 305, 312, 313, 325, 344, 349, 350, 351, 353, 355, 356, 358, 361, 362, 363, 366, 367, 369, 371, 372, 375, 376, 378, 381, 382, 383, 388, 389, 390, 394, 395, 397, 400, 401, 402, 412, 413, 422, 423, 432, 433, 445, 448, 449, 451, 453, 455, 456, 457, 459, 461, 464, 467, 468, 469, 470, 471, 472, 473, 476, 478, 484, 485, 486, 498, 499, 500, 501, 503, 506, 508, 509, 510, 516, 518, 519, 520, 526, 528, 529, 532, 538, 541, 542, 543, 544, 545, 547, 550, 551, 552, 559, 560, 561], "summary": {"covered_lines": 126, "num_statements": 163, "percent_covered": 77.30061349693251, "percent_covered_display": "77", "missing_lines": 37, "excluded_lines": 133}, "missing_lines": [60, 63, 95, 112, 113, 114, 138, 155, 156, 186, 207, 208, 227, 248, 249, 271, 474, 490, 495, 504, 511, 512, 514, 521, 522, 524, 533, 534, 536, 553, 554, 556, 562, 563, 564, 566, 568], "excluded_lines": [22, 23, 24, 50, 51, 55, 56, 86, 87, 91, 92, 119, 120, 124, 125, 134, 135, 162, 163, 172, 173, 177, 178, 182, 183, 213, 214, 218, 219, 223, 224, 254, 255, 259, 260, 267, 268, 294, 295, 302, 303, 310, 311, 318, 319, 320, 321, 349, 350, 351, 352, 353, 354, 355, 356, 357, 358, 361, 362, 363, 364, 365, 366, 367, 368, 369, 370, 371, 372, 373, 374, 375, 376, 377, 378, 381, 382, 383, 384, 385, 388, 389, 390, 391, 392, 393, 394, 395, 396, 397, 400, 401, 402, 403, 404, 405, 406, 407, 408, 409, 410, 411, 412, 413, 414, 415, 416, 417, 418, 419, 420, 421, 422, 423, 424, 425, 426, 427, 428, 429, 430, 431, 432, 433, 434, 435, 436, 437, 438, 439, 440, 441, 442], "functions": {"FlextAbstractDecorator.__init__": {"executed_lines": [45], "summary": {"covered_lines": 1, "num_statements": 1, "percent_covered": 100.0, "percent_covered_display": "100", "missing_lines": 0, "excluded_lines": 0}, "missing_lines": [], "excluded_lines": []}, "FlextAbstractDecorator.apply_decoration": {"executed_lines": [], "summary": {"covered_lines": 0, "num_statements": 0, "percent_covered": 100.0, "percent_covered_display": "100", "missing_lines": 0, "excluded_lines": 1}, "missing_lines": [], "excluded_lines": [50]}, "FlextAbstractDecorator.validate_function": {"executed_lines": [], "summary": {"covered_lines": 0, "num_statements": 0, "percent_covered": 100.0, "percent_covered_display": "100", "missing_lines": 0, "excluded_lines": 1}, "missing_lines": [], "excluded_lines": [55]}, "FlextAbstractDecorator.__call__": {"executed_lines": [59, 64], "summary": {"covered_lines": 2, "num_statements": 4, "percent_covered": 50.0, "percent_covered_display": "50", "missing_lines": 2, "excluded_lines": 0}, "missing_lines": [60, 63], "excluded_lines": []}, "FlextAbstractValidationDecorator.validate_input": {"executed_lines": [], "summary": {"covered_lines": 0, "num_statements": 0, "percent_covered": 100.0, "percent_covered_display": "100", "missing_lines": 0, "excluded_lines": 1}, "missing_lines": [], "excluded_lines": [86]}, "FlextAbstractValidationDecorator.validate_output": {"executed_lines": [], "summary": {"covered_lines": 0, "num_statements": 0, "percent_covered": 100.0, "percent_covered_display": "100", "missing_lines": 0, "excluded_lines": 1}, "missing_lines": [], "excluded_lines": [91]}, "FlextAbstractValidationDecorator.validate_function": {"executed_lines": [], "summary": {"covered_lines": 0, "num_statements": 1, "percent_covered": 0.0, "percent_covered_display": "0", "missing_lines": 1, "excluded_lines": 0}, "missing_lines": [95], "excluded_lines": []}, "FlextAbstractPerformanceDecorator.__init__": {"executed_lines": [], "summary": {"covered_lines": 0, "num_statements": 3, "percent_covered": 0.0, "percent_covered_display": "0", "missing_lines": 3, "excluded_lines": 0}, "missing_lines": [112, 113, 114], "excluded_lines": []}, "FlextAbstractPerformanceDecorator.start_timing": {"executed_lines": [], "summary": {"covered_lines": 0, "num_statements": 0, "percent_covered": 100.0, "percent_covered_display": "100", "missing_lines": 0, "excluded_lines": 1}, "missing_lines": [], "excluded_lines": [119]}, "FlextAbstractPerformanceDecorator.stop_timing": {"executed_lines": [], "summary": {"covered_lines": 0, "num_statements": 0, "percent_covered": 100.0, "percent_covered_display": "100", "missing_lines": 0, "excluded_lines": 1}, "missing_lines": [], "excluded_lines": [124]}, "FlextAbstractPerformanceDecorator.record_metrics": {"executed_lines": [], "summary": {"covered_lines": 0, "num_statements": 0, "percent_covered": 100.0, "percent_covered_display": "100", "missing_lines": 0, "excluded_lines": 1}, "missing_lines": [], "excluded_lines": [134]}, "FlextAbstractPerformanceDecorator.validate_function": {"executed_lines": [], "summary": {"covered_lines": 0, "num_statements": 1, "percent_covered": 0.0, "percent_covered_display": "0", "missing_lines": 1, "excluded_lines": 0}, "missing_lines": [138], "excluded_lines": []}, "FlextAbstractLoggingDecorator.__init__": {"executed_lines": [], "summary": {"covered_lines": 0, "num_statements": 2, "percent_covered": 0.0, "percent_covered_display": "0", "missing_lines": 2, "excluded_lines": 0}, "missing_lines": [155, 156], "excluded_lines": []}, "FlextAbstractLoggingDecorator.logger": {"executed_lines": [], "summary": {"covered_lines": 0, "num_statements": 0, "percent_covered": 100.0, "percent_covered_display": "100", "missing_lines": 0, "excluded_lines": 1}, "missing_lines": [], "excluded_lines": [162]}, "FlextAbstractLoggingDecorator.log_entry": {"executed_lines": [], "summary": {"covered_lines": 0, "num_statements": 0, "percent_covered": 100.0, "percent_covered_display": "100", "missing_lines": 0, "excluded_lines": 1}, "missing_lines": [], "excluded_lines": [172]}, "FlextAbstractLoggingDecorator.log_exit": {"executed_lines": [], "summary": {"covered_lines": 0, "num_statements": 0, "percent_covered": 100.0, "percent_covered_display": "100", "missing_lines": 0, "excluded_lines": 1}, "missing_lines": [], "excluded_lines": [177]}, "FlextAbstractLoggingDecorator.log_error": {"executed_lines": [], "summary": {"covered_lines": 0, "num_statements": 0, "percent_covered": 100.0, "percent_covered_display": "100", "missing_lines": 0, "excluded_lines": 1}, "missing_lines": [], "excluded_lines": [182]}, "FlextAbstractLoggingDecorator.validate_function": {"executed_lines": [], "summary": {"covered_lines": 0, "num_statements": 1, "percent_covered": 0.0, "percent_covered_display": "0", "missing_lines": 1, "excluded_lines": 0}, "missing_lines": [186], "excluded_lines": []}, "FlextAbstractErrorHandlingDecorator.__init__": {"executed_lines": [], "summary": {"covered_lines": 0, "num_statements": 2, "percent_covered": 0.0, "percent_covered_display": "0", "missing_lines": 2, "excluded_lines": 0}, "missing_lines": [207, 208], "excluded_lines": []}, "FlextAbstractErrorHandlingDecorator.handle_error": {"executed_lines": [], "summary": {"covered_lines": 0, "num_statements": 0, "percent_covered": 100.0, "percent_covered_display": "100", "missing_lines": 0, "excluded_lines": 1}, "missing_lines": [], "excluded_lines": [213]}, "FlextAbstractErrorHandlingDecorator.should_handle_error": {"executed_lines": [], "summary": {"covered_lines": 0, "num_statements": 0, "percent_covered": 100.0, "percent_covered_display": "100", "missing_lines": 0, "excluded_lines": 1}, "missing_lines": [], "excluded_lines": [218]}, "FlextAbstractErrorHandlingDecorator.create_error_result": {"executed_lines": [], "summary": {"covered_lines": 0, "num_statements": 0, "percent_covered": 100.0, "percent_covered_display": "100", "missing_lines": 0, "excluded_lines": 1}, "missing_lines": [], "excluded_lines": [223]}, "FlextAbstractErrorHandlingDecorator.validate_function": {"executed_lines": [], "summary": {"covered_lines": 0, "num_statements": 1, "percent_covered": 0.0, "percent_covered_display": "0", "missing_lines": 1, "excluded_lines": 0}, "missing_lines": [227], "excluded_lines": []}, "FlextAbstractCompositeDecorator.__init__": {"executed_lines": [], "summary": {"covered_lines": 0, "num_statements": 2, "percent_covered": 0.0, "percent_covered_display": "0", "missing_lines": 2, "excluded_lines": 0}, "missing_lines": [248, 249], "excluded_lines": []}, "FlextAbstractCompositeDecorator.add_decorator": {"executed_lines": [], "summary": {"covered_lines": 0, "num_statements": 0, "percent_covered": 100.0, "percent_covered_display": "100", "missing_lines": 0, "excluded_lines": 1}, "missing_lines": [], "excluded_lines": [254]}, "FlextAbstractCompositeDecorator.remove_decorator": {"executed_lines": [], "summary": {"covered_lines": 0, "num_statements": 0, "percent_covered": 100.0, "percent_covered_display": "100", "missing_lines": 0, "excluded_lines": 1}, "missing_lines": [], "excluded_lines": [259]}, "FlextAbstractCompositeDecorator.apply_all_decorators": {"executed_lines": [], "summary": {"covered_lines": 0, "num_statements": 0, "percent_covered": 100.0, "percent_covered_display": "100", "missing_lines": 0, "excluded_lines": 1}, "missing_lines": [], "excluded_lines": [267]}, "FlextAbstractCompositeDecorator.validate_function": {"executed_lines": [], "summary": {"covered_lines": 0, "num_statements": 1, "percent_covered": 0.0, "percent_covered_display": "0", "missing_lines": 1, "excluded_lines": 0}, "missing_lines": [271], "excluded_lines": []}, "FlextAbstractDecoratorFactory.create_validation_decorator": {"executed_lines": [], "summary": {"covered_lines": 0, "num_statements": 0, "percent_covered": 100.0, "percent_covered_display": "100", "missing_lines": 0, "excluded_lines": 1}, "missing_lines": [], "excluded_lines": [294]}, "FlextAbstractDecoratorFactory.create_performance_decorator": {"executed_lines": [], "summary": {"covered_lines": 0, "num_statements": 0, "percent_covered": 100.0, "percent_covered_display": "100", "missing_lines": 0, "excluded_lines": 1}, "missing_lines": [], "excluded_lines": [302]}, "FlextAbstractDecoratorFactory.create_logging_decorator": {"executed_lines": [], "summary": {"covered_lines": 0, "num_statements": 0, "percent_covered": 100.0, "percent_covered_display": "100", "missing_lines": 0, "excluded_lines": 1}, "missing_lines": [], "excluded_lines": [310]}, "FlextAbstractDecoratorFactory.create_error_handling_decorator": {"executed_lines": [], "summary": {"covered_lines": 0, "num_statements": 0, "percent_covered": 100.0, "percent_covered_display": "100", "missing_lines": 0, "excluded_lines": 1}, "missing_lines": [], "excluded_lines": [318]}, "FlextFunctionalDecorators.curry_decorator": {"executed_lines": [353], "summary": {"covered_lines": 0, "num_statements": 0, "percent_covered": 100.0, "percent_covered_display": "100", "missing_lines": 0, "excluded_lines": 2}, "missing_lines": [], "excluded_lines": [352, 353]}, "FlextFunctionalDecorators.compose_decorator": {"executed_lines": [358], "summary": {"covered_lines": 0, "num_statements": 0, "percent_covered": 100.0, "percent_covered_display": "100", "missing_lines": 0, "excluded_lines": 2}, "missing_lines": [], "excluded_lines": [357, 358]}, "FlextLoggingDecorators.log_calls_decorator": {"executed_lines": [366, 369], "summary": {"covered_lines": 0, "num_statements": 0, "percent_covered": 100.0, "percent_covered_display": "100", "missing_lines": 0, "excluded_lines": 5}, "missing_lines": [], "excluded_lines": [364, 365, 366, 368, 369]}, "FlextLoggingDecorators.log_calls_decorator.wrapper": {"executed_lines": [367], "summary": {"covered_lines": 0, "num_statements": 0, "percent_covered": 100.0, "percent_covered_display": "100", "missing_lines": 0, "excluded_lines": 1}, "missing_lines": [], "excluded_lines": [367]}, "FlextLoggingDecorators.log_exceptions_decorator": {"executed_lines": [375, 378], "summary": {"covered_lines": 0, "num_statements": 0, "percent_covered": 100.0, "percent_covered_display": "100", "missing_lines": 0, "excluded_lines": 5}, "missing_lines": [], "excluded_lines": [373, 374, 375, 377, 378]}, "FlextLoggingDecorators.log_exceptions_decorator.wrapper": {"executed_lines": [376], "summary": {"covered_lines": 0, "num_statements": 0, "percent_covered": 100.0, "percent_covered_display": "100", "missing_lines": 0, "excluded_lines": 1}, "missing_lines": [], "excluded_lines": [376]}, "FlextImmutabilityDecorators.immutable_decorator": {"executed_lines": [], "summary": {"covered_lines": 0, "num_statements": 0, "percent_covered": 100.0, "percent_covered_display": "100", "missing_lines": 0, "excluded_lines": 2}, "missing_lines": [], "excluded_lines": [384, 385]}, "FlextErrorHandlingDecorators.get_safe_call_decorator": {"executed_lines": [], "summary": {"covered_lines": 0, "num_statements": 0, "percent_covered": 100.0, "percent_covered_display": "100", "missing_lines": 0, "excluded_lines": 2}, "missing_lines": [], "excluded_lines": [391, 392]}, "FlextErrorHandlingDecorators.retry_decorator": {"executed_lines": [397], "summary": {"covered_lines": 0, "num_statements": 0, "percent_covered": 100.0, "percent_covered_display": "100", "missing_lines": 0, "excluded_lines": 2}, "missing_lines": [], "excluded_lines": [396, 397]}, "FlextDecoratorFactory.create_cache_decorator": {"executed_lines": [], "summary": {"covered_lines": 0, "num_statements": 0, "percent_covered": 100.0, "percent_covered_display": "100", "missing_lines": 0, "excluded_lines": 5}, "missing_lines": [], "excluded_lines": [405, 406, 407, 409, 410]}, "FlextDecoratorFactory.create_cache_decorator.decorator": {"executed_lines": [], "summary": {"covered_lines": 0, "num_statements": 0, "percent_covered": 100.0, "percent_covered_display": "100", "missing_lines": 0, "excluded_lines": 1}, "missing_lines": [], "excluded_lines": [408]}, "FlextDecoratorFactory.create_safe_decorator": {"executed_lines": [], "summary": {"covered_lines": 0, "num_statements": 0, "percent_covered": 100.0, "percent_covered_display": "100", "missing_lines": 0, "excluded_lines": 3}, "missing_lines": [], "excluded_lines": [414, 419, 420]}, "FlextDecoratorFactory.create_safe_decorator.decorator": {"executed_lines": [], "summary": {"covered_lines": 0, "num_statements": 0, "percent_covered": 100.0, "percent_covered_display": "100", "missing_lines": 0, "excluded_lines": 3}, "missing_lines": [], "excluded_lines": [415, 417, 418]}, "FlextDecoratorFactory.create_safe_decorator.decorator.wrapper": {"executed_lines": [], "summary": {"covered_lines": 0, "num_statements": 0, "percent_covered": 100.0, "percent_covered_display": "100", "missing_lines": 0, "excluded_lines": 1}, "missing_lines": [], "excluded_lines": [416]}, "FlextDecoratorFactory.create_timing_decorator": {"executed_lines": [], "summary": {"covered_lines": 0, "num_statements": 0, "percent_covered": 100.0, "percent_covered_display": "100", "missing_lines": 0, "excluded_lines": 3}, "missing_lines": [], "excluded_lines": [424, 429, 430]}, "FlextDecoratorFactory.create_timing_decorator.decorator": {"executed_lines": [], "summary": {"covered_lines": 0, "num_statements": 0, "percent_covered": 100.0, "percent_covered_display": "100", "missing_lines": 0, "excluded_lines": 3}, "missing_lines": [], "excluded_lines": [425, 427, 428]}, "FlextDecoratorFactory.create_timing_decorator.decorator.wrapper": {"executed_lines": [], "summary": {"covered_lines": 0, "num_statements": 0, "percent_covered": 100.0, "percent_covered_display": "100", "missing_lines": 0, "excluded_lines": 1}, "missing_lines": [], "excluded_lines": [426]}, "FlextDecoratorFactory.create_validation_decorator": {"executed_lines": [], "summary": {"covered_lines": 0, "num_statements": 0, "percent_covered": 100.0, "percent_covered_display": "100", "missing_lines": 0, "excluded_lines": 3}, "missing_lines": [], "excluded_lines": [436, 441, 442]}, "FlextDecoratorFactory.create_validation_decorator.decorator": {"executed_lines": [], "summary": {"covered_lines": 0, "num_statements": 0, "percent_covered": 100.0, "percent_covered_display": "100", "missing_lines": 0, "excluded_lines": 3}, "missing_lines": [], "excluded_lines": [437, 439, 440]}, "FlextDecoratorFactory.create_validation_decorator.decorator.wrapper": {"executed_lines": [], "summary": {"covered_lines": 0, "num_statements": 0, "percent_covered": 100.0, "percent_covered_display": "100", "missing_lines": 0, "excluded_lines": 1}, "missing_lines": [], "excluded_lines": [438]}, "_validate_input_decorator": {"executed_lines": [448, 461], "summary": {"covered_lines": 2, "num_statements": 2, "percent_covered": 100.0, "percent_covered_display": "100", "missing_lines": 0, "excluded_lines": 0}, "missing_lines": [], "excluded_lines": []}, "_validate_input_decorator.decorator": {"executed_lines": [449, 459], "summary": {"covered_lines": 2, "num_statements": 2, "percent_covered": 100.0, "percent_covered_display": "100", "missing_lines": 0, "excluded_lines": 0}, "missing_lines": [], "excluded_lines": []}, "_validate_input_decorator.decorator.wrapper": {"executed_lines": [451, 453, 455, 456, 457], "summary": {"covered_lines": 5, "num_statements": 5, "percent_covered": 100.0, "percent_covered_display": "100", "missing_lines": 0, "excluded_lines": 0}, "missing_lines": [], "excluded_lines": []}, "_safe_call_decorator": {"executed_lines": [467, 478], "summary": {"covered_lines": 2, "num_statements": 2, "percent_covered": 100.0, "percent_covered_display": "100", "missing_lines": 0, "excluded_lines": 0}, "missing_lines": [], "excluded_lines": []}, "_safe_call_decorator.decorator": {"executed_lines": [468, 476], "summary": {"covered_lines": 2, "num_statements": 2, "percent_covered": 100.0, "percent_covered_display": "100", "missing_lines": 0, "excluded_lines": 0}, "missing_lines": [], "excluded_lines": []}, "_safe_call_decorator.decorator.wrapper": {"executed_lines": [469, 470, 471, 472, 473], "summary": {"covered_lines": 5, "num_statements": 6, "percent_covered": 83.33333333333333, "percent_covered_display": "83", "missing_lines": 1, "excluded_lines": 0}, "missing_lines": [474], "excluded_lines": []}, "_BaseDecoratorUtils.preserve_metadata": {"executed_lines": [], "summary": {"covered_lines": 0, "num_statements": 2, "percent_covered": 0.0, "percent_covered_display": "0", "missing_lines": 2, "excluded_lines": 0}, "missing_lines": [490, 495], "excluded_lines": []}, "_BaseDecoratorFactory.create_cache_decorator": {"executed_lines": [501, 503, 506], "summary": {"covered_lines": 3, "num_statements": 3, "percent_covered": 100.0, "percent_covered_display": "100", "missing_lines": 0, "excluded_lines": 0}, "missing_lines": [], "excluded_lines": []}, "_BaseDecoratorFactory.create_cache_decorator.decorator": {"executed_lines": [], "summary": {"covered_lines": 0, "num_statements": 1, "percent_covered": 0.0, "percent_covered_display": "0", "missing_lines": 1, "excluded_lines": 0}, "missing_lines": [504], "excluded_lines": []}, "_BaseDecoratorFactory.create_safe_decorator": {"executed_lines": [510, 516], "summary": {"covered_lines": 2, "num_statements": 2, "percent_covered": 100.0, "percent_covered_display": "100", "missing_lines": 0, "excluded_lines": 0}, "missing_lines": [], "excluded_lines": []}, "_BaseDecoratorFactory.create_safe_decorator.decorator": {"executed_lines": [], "summary": {"covered_lines": 0, "num_statements": 2, "percent_covered": 0.0, "percent_covered_display": "0", "missing_lines": 2, "excluded_lines": 0}, "missing_lines": [511, 514], "excluded_lines": []}, "_BaseDecoratorFactory.create_safe_decorator.decorator.wrapper": {"executed_lines": [], "summary": {"covered_lines": 0, "num_statements": 1, "percent_covered": 0.0, "percent_covered_display": "0", "missing_lines": 1, "excluded_lines": 0}, "missing_lines": [512], "excluded_lines": []}, "_BaseDecoratorFactory.create_timing_decorator": {"executed_lines": [520, 526], "summary": {"covered_lines": 2, "num_statements": 2, "percent_covered": 100.0, "percent_covered_display": "100", "missing_lines": 0, "excluded_lines": 0}, "missing_lines": [], "excluded_lines": []}, "_BaseDecoratorFactory.create_timing_decorator.decorator": {"executed_lines": [], "summary": {"covered_lines": 0, "num_statements": 2, "percent_covered": 0.0, "percent_covered_display": "0", "missing_lines": 2, "excluded_lines": 0}, "missing_lines": [521, 524], "excluded_lines": []}, "_BaseDecoratorFactory.create_timing_decorator.decorator.wrapper": {"executed_lines": [], "summary": {"covered_lines": 0, "num_statements": 1, "percent_covered": 0.0, "percent_covered_display": "0", "missing_lines": 1, "excluded_lines": 0}, "missing_lines": [522], "excluded_lines": []}, "_BaseDecoratorFactory.create_validation_decorator": {"executed_lines": [532, 538], "summary": {"covered_lines": 2, "num_statements": 2, "percent_covered": 100.0, "percent_covered_display": "100", "missing_lines": 0, "excluded_lines": 0}, "missing_lines": [], "excluded_lines": []}, "_BaseDecoratorFactory.create_validation_decorator.decorator": {"executed_lines": [], "summary": {"covered_lines": 0, "num_statements": 2, "percent_covered": 0.0, "percent_covered_display": "0", "missing_lines": 2, "excluded_lines": 0}, "missing_lines": [533, 536], "excluded_lines": []}, "_BaseDecoratorFactory.create_validation_decorator.decorator.wrapper": {"executed_lines": [], "summary": {"covered_lines": 0, "num_statements": 1, "percent_covered": 0.0, "percent_covered_display": "0", "missing_lines": 1, "excluded_lines": 0}, "missing_lines": [534], "excluded_lines": []}, "_BaseImmutabilityDecorators.freeze_args_decorator": {"executed_lines": [544, 547], "summary": {"covered_lines": 2, "num_statements": 2, "percent_covered": 100.0, "percent_covered_display": "100", "missing_lines": 0, "excluded_lines": 0}, "missing_lines": [], "excluded_lines": []}, "_BaseImmutabilityDecorators.freeze_args_decorator.decorator": {"executed_lines": [545], "summary": {"covered_lines": 1, "num_statements": 1, "percent_covered": 100.0, "percent_covered_display": "100", "missing_lines": 0, "excluded_lines": 0}, "missing_lines": [], "excluded_lines": []}, "_BaseFunctionalDecorators.compose_decorator": {"executed_lines": [], "summary": {"covered_lines": 0, "num_statements": 2, "percent_covered": 0.0, "percent_covered_display": "0", "missing_lines": 2, "excluded_lines": 0}, "missing_lines": [553, 556], "excluded_lines": []}, "_BaseFunctionalDecorators.compose_decorator.decorator": {"executed_lines": [], "summary": {"covered_lines": 0, "num_statements": 1, "percent_covered": 0.0, "percent_covered_display": "0", "missing_lines": 1, "excluded_lines": 0}, "missing_lines": [554], "excluded_lines": []}, "_BasePerformanceDecorators.get_timing_decorator": {"executed_lines": [], "summary": {"covered_lines": 0, "num_statements": 2, "percent_covered": 0.0, "percent_covered_display": "0", "missing_lines": 2, "excluded_lines": 0}, "missing_lines": [562, 568], "excluded_lines": []}, "_BasePerformanceDecorators.get_timing_decorator.decorator": {"executed_lines": [], "summary": {"covered_lines": 0, "num_statements": 2, "percent_covered": 0.0, "percent_covered_display": "0", "missing_lines": 2, "excluded_lines": 0}, "missing_lines": [563, 566], "excluded_lines": []}, "_BasePerformanceDecorators.get_timing_decorator.decorator.wrapper": {"executed_lines": [], "summary": {"covered_lines": 0, "num_statements": 1, "percent_covered": 0.0, "percent_covered_display": "0", "missing_lines": 1, "excluded_lines": 0}, "missing_lines": [564], "excluded_lines": []}, "": {"executed_lines": [1, 16, 18, 19, 20, 22, 27, 28, 29, 36, 37, 43, 47, 48, 52, 53, 57, 72, 73, 79, 80, 88, 89, 93, 103, 104, 110, 116, 117, 121, 122, 126, 127, 136, 146, 147, 153, 158, 159, 160, 164, 165, 174, 175, 179, 180, 184, 194, 195, 201, 210, 211, 215, 216, 220, 221, 225, 235, 236, 242, 251, 252, 256, 257, 261, 262, 269, 281, 282, 288, 289, 296, 297, 304, 305, 312, 313, 325, 344, 349, 350, 351, 355, 356, 361, 362, 363, 371, 372, 381, 382, 383, 388, 389, 390, 394, 395, 400, 401, 402, 412, 413, 422, 423, 432, 433, 445, 464, 484, 485, 486, 498, 499, 500, 508, 509, 518, 519, 528, 529, 541, 542, 543, 550, 551, 552, 559, 560, 561], "summary": {"covered_lines": 93, "num_statements": 93, "percent_covered": 100.0, "percent_covered_display": "100", "missing_lines": 0, "excluded_lines": 63}, "missing_lines": [], "excluded_lines": [22, 23, 24, 51, 56, 87, 92, 120, 125, 135, 163, 173, 178, 183, 214, 219, 224, 255, 260, 268, 295, 303, 311, 319, 320, 321, 349, 350, 351, 354, 355, 356, 361, 362, 363, 370, 371, 372, 381, 382, 383, 388, 389, 390, 393, 394, 395, 400, 401, 402, 403, 404, 411, 412, 413, 421, 422, 423, 431, 432, 433, 434, 435]}}, "classes": {"FlextAbstractDecorator": {"executed_lines": [45, 59, 64], "summary": {"covered_lines": 3, "num_statements": 5, "percent_covered": 60.0, "percent_covered_display": "60", "missing_lines": 2, "excluded_lines": 2}, "missing_lines": [60, 63], "excluded_lines": [50, 55]}, "FlextAbstractValidationDecorator": {"executed_lines": [], "summary": {"covered_lines": 0, "num_statements": 1, "percent_covered": 0.0, "percent_covered_display": "0", "missing_lines": 1, "excluded_lines": 2}, "missing_lines": [95], "excluded_lines": [86, 91]}, "FlextAbstractPerformanceDecorator": {"executed_lines": [], "summary": {"covered_lines": 0, "num_statements": 4, "percent_covered": 0.0, "percent_covered_display": "0", "missing_lines": 4, "excluded_lines": 3}, "missing_lines": [112, 113, 114, 138], "excluded_lines": [119, 124, 134]}, "FlextAbstractLoggingDecorator": {"executed_lines": [], "summary": {"covered_lines": 0, "num_statements": 3, "percent_covered": 0.0, "percent_covered_display": "0", "missing_lines": 3, "excluded_lines": 4}, "missing_lines": [155, 156, 186], "excluded_lines": [162, 172, 177, 182]}, "FlextAbstractErrorHandlingDecorator": {"executed_lines": [], "summary": {"covered_lines": 0, "num_statements": 3, "percent_covered": 0.0, "percent_covered_display": "0", "missing_lines": 3, "excluded_lines": 3}, "missing_lines": [207, 208, 227], "excluded_lines": [213, 218, 223]}, "FlextAbstractCompositeDecorator": {"executed_lines": [], "summary": {"covered_lines": 0, "num_statements": 3, "percent_covered": 0.0, "percent_covered_display": "0", "missing_lines": 3, "excluded_lines": 3}, "missing_lines": [248, 249, 271], "excluded_lines": [254, 259, 267]}, "FlextAbstractDecoratorFactory": {"executed_lines": [], "summary": {"covered_lines": 0, "num_statements": 0, "percent_covered": 100.0, "percent_covered_display": "100", "missing_lines": 0, "excluded_lines": 4}, "missing_lines": [], "excluded_lines": [294, 302, 310, 318]}, "FlextFunctionalDecorators": {"executed_lines": [353, 358], "summary": {"covered_lines": 0, "num_statements": 0, "percent_covered": 100.0, "percent_covered_display": "100", "missing_lines": 0, "excluded_lines": 4}, "missing_lines": [], "excluded_lines": [352, 353, 357, 358]}, "FlextLoggingDecorators": {"executed_lines": [366, 367, 369, 375, 376, 378], "summary": {"covered_lines": 0, "num_statements": 0, "percent_covered": 100.0, "percent_covered_display": "100", "missing_lines": 0, "excluded_lines": 12}, "missing_lines": [], "excluded_lines": [364, 365, 366, 367, 368, 369, 373, 374, 375, 376, 377, 378]}, "FlextImmutabilityDecorators": {"executed_lines": [], "summary": {"covered_lines": 0, "num_statements": 0, "percent_covered": 100.0, "percent_covered_display": "100", "missing_lines": 0, "excluded_lines": 2}, "missing_lines": [], "excluded_lines": [384, 385]}, "FlextErrorHandlingDecorators": {"executed_lines": [397], "summary": {"covered_lines": 0, "num_statements": 0, "percent_covered": 100.0, "percent_covered_display": "100", "missing_lines": 0, "excluded_lines": 4}, "missing_lines": [], "excluded_lines": [391, 392, 396, 397]}, "FlextDecoratorFactory": {"executed_lines": [], "summary": {"covered_lines": 0, "num_statements": 0, "percent_covered": 100.0, "percent_covered_display": "100", "missing_lines": 0, "excluded_lines": 27}, "missing_lines": [], "excluded_lines": [405, 406, 407, 408, 409, 410, 414, 415, 416, 417, 418, 419, 420, 424, 425, 426, 427, 428, 429, 430, 436, 437, 438, 439, 440, 441, 442]}, "_BaseDecoratorUtils": {"executed_lines": [], "summary": {"covered_lines": 0, "num_statements": 2, "percent_covered": 0.0, "percent_covered_display": "0", "missing_lines": 2, "excluded_lines": 0}, "missing_lines": [490, 495], "excluded_lines": []}, "_BaseDecoratorFactory": {"executed_lines": [501, 503, 506, 510, 516, 520, 526, 532, 538], "summary": {"covered_lines": 9, "num_statements": 19, "percent_covered": 47.36842105263158, "percent_covered_display": "47", "missing_lines": 10, "excluded_lines": 0}, "missing_lines": [504, 511, 512, 514, 521, 522, 524, 533, 534, 536], "excluded_lines": []}, "_BaseImmutabilityDecorators": {"executed_lines": [544, 545, 547], "summary": {"covered_lines": 3, "num_statements": 3, "percent_covered": 100.0, "percent_covered_display": "100", "missing_lines": 0, "excluded_lines": 0}, "missing_lines": [], "excluded_lines": []}, "_BaseFunctionalDecorators": {"executed_lines": [], "summary": {"covered_lines": 0, "num_statements": 3, "percent_covered": 0.0, "percent_covered_display": "0", "missing_lines": 3, "excluded_lines": 0}, "missing_lines": [553, 554, 556], "excluded_lines": []}, "_BasePerformanceDecorators": {"executed_lines": [], "summary": {"covered_lines": 0, "num_statements": 5, "percent_covered": 0.0, "percent_covered_display": "0", "missing_lines": 5, "excluded_lines": 0}, "missing_lines": [562, 563, 564, 566, 568], "excluded_lines": []}, "": {"executed_lines": [1, 16, 18, 19, 20, 22, 27, 28, 29, 36, 37, 43, 47, 48, 52, 53, 57, 72, 73, 79, 80, 88, 89, 93, 103, 104, 110, 116, 117, 121, 122, 126, 127, 136, 146, 147, 153, 158, 159, 160, 164, 165, 174, 175, 179, 180, 184, 194, 195, 201, 210, 211, 215, 216, 220, 221, 225, 235, 236, 242, 251, 252, 256, 257, 261, 262, 269, 281, 282, 288, 289, 296, 297, 304, 305, 312, 313, 325, 344, 349, 350, 351, 355, 356, 361, 362, 363, 371, 372, 381, 382, 383, 388, 389, 390, 394, 395, 400, 401, 402, 412, 413, 422, 423, 432, 433, 445, 448, 449, 451, 453, 455, 456, 457, 459, 461, 464, 467, 468, 469, 470, 471, 472, 473, 476, 478, 484, 485, 486, 498, 499, 500, 508, 509, 518, 519, 528, 529, 541, 542, 543, 550, 551, 552, 559, 560, 561], "summary": {"covered_lines": 111, "num_statements": 112, "percent_covered": 99.10714285714286, "percent_covered_display": "99", "missing_lines": 1, "excluded_lines": 63}, "missing_lines": [474], "excluded_lines": [22, 23, 24, 51, 56, 87, 92, 120, 125, 135, 163, 173, 178, 183, 214, 219, 224, 255, 260, 268, 295, 303, 311, 319, 320, 321, 349, 350, 351, 354, 355, 356, 361, 362, 363, 370, 371, 372, 381, 382, 383, 388, 389, 390, 393, 394, 395, 400, 401, 402, 403, 404, 411, 412, 413, 421, 422, 423, 431, 432, 433, 434, 435]}}}, "src/flext_core/base_exceptions.py": {"executed_lines": [1, 17, 19, 20, 22, 30, 31, 37, 44, 45, 46, 47, 49, 51, 52, 53, 55, 56, 57, 61, 62, 66, 67, 72, 73, 75, 84, 85, 86, 88, 89, 91, 93, 98, 99, 101, 109, 110, 112, 113, 117, 122, 123, 125, 133, 134, 136, 137, 141, 146, 147, 149, 157, 158, 160, 161, 165, 170, 171, 173, 174, 182, 183, 191, 192, 200, 201, 214], "summary": {"covered_lines": 56, "num_statements": 63, "percent_covered": 88.88888888888889, "percent_covered_display": "89", "missing_lines": 7, "excluded_lines": 24}, "missing_lines": [95, 115, 119, 139, 143, 163, 167], "excluded_lines": [22, 23, 49, 50, 51, 52, 53, 59, 60, 64, 65, 69, 70, 71, 180, 181, 189, 190, 198, 199, 207, 208, 209, 210], "functions": {"FlextAbstractError.__init__": {"executed_lines": [44, 45, 46, 47], "summary": {"covered_lines": 4, "num_statements": 4, "percent_covered": 100.0, "percent_covered_display": "100", "missing_lines": 0, "excluded_lines": 0}, "missing_lines": [], "excluded_lines": []}, "FlextAbstractError.__str__": {"executed_lines": [51, 52, 53], "summary": {"covered_lines": 0, "num_statements": 0, "percent_covered": 100.0, "percent_covered_display": "100", "missing_lines": 0, "excluded_lines": 4}, "missing_lines": [], "excluded_lines": [50, 51, 52, 53]}, "FlextAbstractError.error_category": {"executed_lines": [], "summary": {"covered_lines": 0, "num_statements": 0, "percent_covered": 100.0, "percent_covered_display": "100", "missing_lines": 0, "excluded_lines": 1}, "missing_lines": [], "excluded_lines": [59]}, "FlextAbstractError._get_default_error_code": {"executed_lines": [], "summary": {"covered_lines": 0, "num_statements": 0, "percent_covered": 100.0, "percent_covered_display": "100", "missing_lines": 0, "excluded_lines": 1}, "missing_lines": [], "excluded_lines": [64]}, "FlextAbstractError.to_dict": {"executed_lines": [], "summary": {"covered_lines": 0, "num_statements": 0, "percent_covered": 100.0, "percent_covered_display": "100", "missing_lines": 0, "excluded_lines": 1}, "missing_lines": [], "excluded_lines": [69]}, "FlextAbstractValidationError.__init__": {"executed_lines": [84, 85, 86], "summary": {"covered_lines": 3, "num_statements": 3, "percent_covered": 100.0, "percent_covered_display": "100", "missing_lines": 0, "excluded_lines": 0}, "missing_lines": [], "excluded_lines": []}, "FlextAbstractValidationError.error_category": {"executed_lines": [91], "summary": {"covered_lines": 1, "num_statements": 1, "percent_covered": 100.0, "percent_covered_display": "100", "missing_lines": 0, "excluded_lines": 0}, "missing_lines": [], "excluded_lines": []}, "FlextAbstractValidationError._get_default_error_code": {"executed_lines": [], "summary": {"covered_lines": 0, "num_statements": 1, "percent_covered": 0.0, "percent_covered_display": "0", "missing_lines": 1, "excluded_lines": 0}, "missing_lines": [95], "excluded_lines": []}, "FlextAbstractBusinessError.__init__": {"executed_lines": [109, 110], "summary": {"covered_lines": 2, "num_statements": 2, "percent_covered": 100.0, "percent_covered_display": "100", "missing_lines": 0, "excluded_lines": 0}, "missing_lines": [], "excluded_lines": []}, "FlextAbstractBusinessError.error_category": {"executed_lines": [], "summary": {"covered_lines": 0, "num_statements": 1, "percent_covered": 0.0, "percent_covered_display": "0", "missing_lines": 1, "excluded_lines": 0}, "missing_lines": [115], "excluded_lines": []}, "FlextAbstractBusinessError._get_default_error_code": {"executed_lines": [], "summary": {"covered_lines": 0, "num_statements": 1, "percent_covered": 0.0, "percent_covered_display": "0", "missing_lines": 1, "excluded_lines": 0}, "missing_lines": [119], "excluded_lines": []}, "FlextAbstractInfrastructureError.__init__": {"executed_lines": [133, 134], "summary": {"covered_lines": 2, "num_statements": 2, "percent_covered": 100.0, "percent_covered_display": "100", "missing_lines": 0, "excluded_lines": 0}, "missing_lines": [], "excluded_lines": []}, "FlextAbstractInfrastructureError.error_category": {"executed_lines": [], "summary": {"covered_lines": 0, "num_statements": 1, "percent_covered": 0.0, "percent_covered_display": "0", "missing_lines": 1, "excluded_lines": 0}, "missing_lines": [139], "excluded_lines": []}, "FlextAbstractInfrastructureError._get_default_error_code": {"executed_lines": [], "summary": {"covered_lines": 0, "num_statements": 1, "percent_covered": 0.0, "percent_covered_display": "0", "missing_lines": 1, "excluded_lines": 0}, "missing_lines": [143], "excluded_lines": []}, "FlextAbstractConfigurationError.__init__": {"executed_lines": [157, 158], "summary": {"covered_lines": 2, "num_statements": 2, "percent_covered": 100.0, "percent_covered_display": "100", "missing_lines": 0, "excluded_lines": 0}, "missing_lines": [], "excluded_lines": []}, "FlextAbstractConfigurationError.error_category": {"executed_lines": [], "summary": {"covered_lines": 0, "num_statements": 1, "percent_covered": 0.0, "percent_covered_display": "0", "missing_lines": 1, "excluded_lines": 0}, "missing_lines": [163], "excluded_lines": []}, "FlextAbstractConfigurationError._get_default_error_code": {"executed_lines": [], "summary": {"covered_lines": 0, "num_statements": 1, "percent_covered": 0.0, "percent_covered_display": "0", "missing_lines": 1, "excluded_lines": 0}, "missing_lines": [167], "excluded_lines": []}, "FlextAbstractErrorFactory.create_validation_error": {"executed_lines": [], "summary": {"covered_lines": 0, "num_statements": 0, "percent_covered": 100.0, "percent_covered_display": "100", "missing_lines": 0, "excluded_lines": 1}, "missing_lines": [], "excluded_lines": [180]}, "FlextAbstractErrorFactory.create_business_error": {"executed_lines": [], "summary": {"covered_lines": 0, "num_statements": 0, "percent_covered": 100.0, "percent_covered_display": "100", "missing_lines": 0, "excluded_lines": 1}, "missing_lines": [], "excluded_lines": [189]}, "FlextAbstractErrorFactory.create_infrastructure_error": {"executed_lines": [], "summary": {"covered_lines": 0, "num_statements": 0, "percent_covered": 100.0, "percent_covered_display": "100", "missing_lines": 0, "excluded_lines": 1}, "missing_lines": [], "excluded_lines": [198]}, "FlextAbstractErrorFactory.create_configuration_error": {"executed_lines": [], "summary": {"covered_lines": 0, "num_statements": 0, "percent_covered": 100.0, "percent_covered_display": "100", "missing_lines": 0, "excluded_lines": 1}, "missing_lines": [], "excluded_lines": [207]}, "": {"executed_lines": [1, 17, 19, 20, 22, 30, 31, 37, 49, 55, 56, 57, 61, 62, 66, 67, 72, 73, 75, 88, 89, 93, 98, 99, 101, 112, 113, 117, 122, 123, 125, 136, 137, 141, 146, 147, 149, 160, 161, 165, 170, 171, 173, 174, 182, 183, 191, 192, 200, 201, 214], "summary": {"covered_lines": 42, "num_statements": 42, "percent_covered": 100.0, "percent_covered_display": "100", "missing_lines": 0, "excluded_lines": 13}, "missing_lines": [], "excluded_lines": [22, 23, 49, 60, 65, 70, 71, 181, 190, 199, 208, 209, 210]}}, "classes": {"FlextAbstractError": {"executed_lines": [44, 45, 46, 47, 51, 52, 53], "summary": {"covered_lines": 4, "num_statements": 4, "percent_covered": 100.0, "percent_covered_display": "100", "missing_lines": 0, "excluded_lines": 7}, "missing_lines": [], "excluded_lines": [50, 51, 52, 53, 59, 64, 69]}, "FlextAbstractValidationError": {"executed_lines": [84, 85, 86, 91], "summary": {"covered_lines": 4, "num_statements": 5, "percent_covered": 80.0, "percent_covered_display": "80", "missing_lines": 1, "excluded_lines": 0}, "missing_lines": [95], "excluded_lines": []}, "FlextAbstractBusinessError": {"executed_lines": [109, 110], "summary": {"covered_lines": 2, "num_statements": 4, "percent_covered": 50.0, "percent_covered_display": "50", "missing_lines": 2, "excluded_lines": 0}, "missing_lines": [115, 119], "excluded_lines": []}, "FlextAbstractInfrastructureError": {"executed_lines": [133, 134], "summary": {"covered_lines": 2, "num_statements": 4, "percent_covered": 50.0, "percent_covered_display": "50", "missing_lines": 2, "excluded_lines": 0}, "missing_lines": [139, 143], "excluded_lines": []}, "FlextAbstractConfigurationError": {"executed_lines": [157, 158], "summary": {"covered_lines": 2, "num_statements": 4, "percent_covered": 50.0, "percent_covered_display": "50", "missing_lines": 2, "excluded_lines": 0}, "missing_lines": [163, 167], "excluded_lines": []}, "FlextAbstractErrorFactory": {"executed_lines": [], "summary": {"covered_lines": 0, "num_statements": 0, "percent_covered": 100.0, "percent_covered_display": "100", "missing_lines": 0, "excluded_lines": 4}, "missing_lines": [], "excluded_lines": [180, 189, 198, 207]}, "": {"executed_lines": [1, 17, 19, 20, 22, 30, 31, 37, 49, 55, 56, 57, 61, 62, 66, 67, 72, 73, 75, 88, 89, 93, 98, 99, 101, 112, 113, 117, 122, 123, 125, 136, 137, 141, 146, 147, 149, 160, 161, 165, 170, 171, 173, 174, 182, 183, 191, 192, 200, 201, 214], "summary": {"covered_lines": 42, "num_statements": 42, "percent_covered": 100.0, "percent_covered_display": "100", "missing_lines": 0, "excluded_lines": 13}, "missing_lines": [], "excluded_lines": [22, 23, 49, 60, 65, 70, 71, 181, 190, 199, 208, 209, 210]}}}, "src/flext_core/base_handlers.py": {"executed_lines": [], "summary": {"covered_lines": 0, "num_statements": 51, "percent_covered": 0.0, "percent_covered_display": "0", "missing_lines": 51, "excluded_lines": 0}, "missing_lines": [7, 11, 12, 15, 16, 18, 19, 20, 21, 25, 28, 29, 31, 33, 35, 37, 39, 42, 48, 49, 52, 54, 56, 58, 60, 61, 63, 66, 69, 70, 73, 75, 77, 79, 81, 82, 84, 88, 92, 96, 100, 104, 108, 111, 113, 115, 117, 119, 121, 125, 127], "excluded_lines": [], "functions": {"FlextBaseHandler.handler_name": {"executed_lines": [], "summary": {"covered_lines": 0, "num_statements": 1, "percent_covered": 0.0, "percent_covered_display": "0", "missing_lines": 1, "excluded_lines": 0}, "missing_lines": [31], "excluded_lines": []}, "FlextBaseHandler.can_handle": {"executed_lines": [], "summary": {"covered_lines": 0, "num_statements": 1, "percent_covered": 0.0, "percent_covered_display": "0", "missing_lines": 1, "excluded_lines": 0}, "missing_lines": [35], "excluded_lines": []}, "FlextBaseHandler.process_request": {"executed_lines": [], "summary": {"covered_lines": 0, "num_statements": 1, "percent_covered": 0.0, "percent_covered_display": "0", "missing_lines": 1, "excluded_lines": 0}, "missing_lines": [39], "excluded_lines": []}, "FlextCommandHandler.handle_command": {"executed_lines": [], "summary": {"covered_lines": 0, "num_statements": 0, "percent_covered": 100.0, "percent_covered_display": "100", "missing_lines": 0, "excluded_lines": 0}, "missing_lines": [], "excluded_lines": []}, "FlextCommandHandler.can_handle": {"executed_lines": [], "summary": {"covered_lines": 0, "num_statements": 1, "percent_covered": 0.0, "percent_covered_display": "0", "missing_lines": 1, "excluded_lines": 0}, "missing_lines": [54], "excluded_lines": []}, "FlextCommandHandler.process_request": {"executed_lines": [], "summary": {"covered_lines": 0, "num_statements": 1, "percent_covered": 0.0, "percent_covered_display": "0", "missing_lines": 1, "excluded_lines": 0}, "missing_lines": [58], "excluded_lines": []}, "FlextCommandHandler.handler_name": {"executed_lines": [], "summary": {"covered_lines": 0, "num_statements": 1, "percent_covered": 0.0, "percent_covered_display": "0", "missing_lines": 1, "excluded_lines": 0}, "missing_lines": [63], "excluded_lines": []}, "FlextQueryHandler.handle_query": {"executed_lines": [], "summary": {"covered_lines": 0, "num_statements": 0, "percent_covered": 100.0, "percent_covered_display": "100", "missing_lines": 0, "excluded_lines": 0}, "missing_lines": [], "excluded_lines": []}, "FlextQueryHandler.can_handle": {"executed_lines": [], "summary": {"covered_lines": 0, "num_statements": 1, "percent_covered": 0.0, "percent_covered_display": "0", "missing_lines": 1, "excluded_lines": 0}, "missing_lines": [75], "excluded_lines": []}, "FlextQueryHandler.process_request": {"executed_lines": [], "summary": {"covered_lines": 0, "num_statements": 1, "percent_covered": 0.0, "percent_covered_display": "0", "missing_lines": 1, "excluded_lines": 0}, "missing_lines": [79], "excluded_lines": []}, "FlextQueryHandler.handler_name": {"executed_lines": [], "summary": {"covered_lines": 0, "num_statements": 1, "percent_covered": 0.0, "percent_covered_display": "0", "missing_lines": 1, "excluded_lines": 0}, "missing_lines": [84], "excluded_lines": []}, "FlextHandlerRegistry.__init__": {"executed_lines": [], "summary": {"covered_lines": 0, "num_statements": 1, "percent_covered": 0.0, "percent_covered_display": "0", "missing_lines": 1, "excluded_lines": 0}, "missing_lines": [113], "excluded_lines": []}, "FlextHandlerRegistry.register": {"executed_lines": [], "summary": {"covered_lines": 0, "num_statements": 1, "percent_covered": 0.0, "percent_covered_display": "0", "missing_lines": 1, "excluded_lines": 0}, "missing_lines": [117], "excluded_lines": []}, "FlextHandlerRegistry.get_handlers": {"executed_lines": [], "summary": {"covered_lines": 0, "num_statements": 1, "percent_covered": 0.0, "percent_covered_display": "0", "missing_lines": 1, "excluded_lines": 0}, "missing_lines": [121], "excluded_lines": []}, "": {"executed_lines": [], "summary": {"covered_lines": 0, "num_statements": 39, "percent_covered": 0.0, "percent_covered_display": "0", "missing_lines": 39, "excluded_lines": 0}, "missing_lines": [7, 11, 12, 15, 16, 18, 19, 20, 21, 25, 28, 29, 33, 37, 42, 48, 49, 52, 56, 60, 61, 66, 69, 70, 73, 77, 81, 82, 88, 92, 96, 100, 104, 108, 111, 115, 119, 125, 127], "excluded_lines": []}}, "classes": {"FlextBaseHandler": {"executed_lines": [], "summary": {"covered_lines": 0, "num_statements": 3, "percent_covered": 0.0, "percent_covered_display": "0", "missing_lines": 3, "excluded_lines": 0}, "missing_lines": [31, 35, 39], "excluded_lines": []}, "FlextCommandHandler": {"executed_lines": [], "summary": {"covered_lines": 0, "num_statements": 3, "percent_covered": 0.0, "percent_covered_display": "0", "missing_lines": 3, "excluded_lines": 0}, "missing_lines": [54, 58, 63], "excluded_lines": []}, "FlextQueryHandler": {"executed_lines": [], "summary": {"covered_lines": 0, "num_statements": 3, "percent_covered": 0.0, "percent_covered_display": "0", "missing_lines": 3, "excluded_lines": 0}, "missing_lines": [75, 79, 84], "excluded_lines": []}, "FlextValidatingHandler": {"executed_lines": [], "summary": {"covered_lines": 0, "num_statements": 0, "percent_covered": 100.0, "percent_covered_display": "100", "missing_lines": 0, "excluded_lines": 0}, "missing_lines": [], "excluded_lines": []}, "FlextAuthorizingHandler": {"executed_lines": [], "summary": {"covered_lines": 0, "num_statements": 0, "percent_covered": 100.0, "percent_covered_display": "100", "missing_lines": 0, "excluded_lines": 0}, "missing_lines": [], "excluded_lines": []}, "FlextEventHandler": {"executed_lines": [], "summary": {"covered_lines": 0, "num_statements": 0, "percent_covered": 100.0, "percent_covered_display": "100", "missing_lines": 0, "excluded_lines": 0}, "missing_lines": [], "excluded_lines": []}, "FlextMetricsHandler": {"executed_lines": [], "summary": {"covered_lines": 0, "num_statements": 0, "percent_covered": 100.0, "percent_covered_display": "100", "missing_lines": 0, "excluded_lines": 0}, "missing_lines": [], "excluded_lines": []}, "FlextHandlerChain": {"executed_lines": [], "summary": {"covered_lines": 0, "num_statements": 0, "percent_covered": 100.0, "percent_covered_display": "100", "missing_lines": 0, "excluded_lines": 0}, "missing_lines": [], "excluded_lines": []}, "FlextHandlerRegistry": {"executed_lines": [], "summary": {"covered_lines": 0, "num_statements": 3, "percent_covered": 0.0, "percent_covered_display": "0", "missing_lines": 3, "excluded_lines": 0}, "missing_lines": [113, 117, 121], "excluded_lines": []}, "": {"executed_lines": [], "summary": {"covered_lines": 0, "num_statements": 39, "percent_covered": 0.0, "percent_covered_display": "0", "missing_lines": 39, "excluded_lines": 0}, "missing_lines": [7, 11, 12, 15, 16, 18, 19, 20, 21, 25, 28, 29, 33, 37, 42, 48, 49, 52, 56, 60, 61, 66, 69, 70, 73, 77, 81, 82, 88, 92, 96, 100, 104, 108, 111, 115, 119, 125, 127], "excluded_lines": []}}}, "src/flext_core/base_mixins.py": {"executed_lines": [1, 17, 19, 20, 22, 32, 33, 39, 40, 44, 46, 54, 55, 57, 58, 62, 63, 67, 77, 78, 80, 81, 85, 86, 90, 99, 100, 102, 103, 104, 108, 109, 113, 122, 123, 125, 126, 130, 131, 132, 136, 145, 146, 148, 149, 153, 154, 158, 167, 168, 170, 171, 175, 176, 180, 189, 190, 192, 193, 197, 198, 202, 211, 212, 214, 215, 219, 220, 224, 232], "summary": {"covered_lines": 56, "num_statements": 57, "percent_covered": 98.24561403508773, "percent_covered_display": "98", "missing_lines": 1, "excluded_lines": 41}, "missing_lines": [69], "excluded_lines": [22, 23, 24, 25, 42, 43, 60, 61, 65, 66, 83, 84, 88, 89, 106, 107, 111, 112, 128, 129, 130, 131, 132, 133, 134, 151, 152, 156, 157, 173, 174, 178, 179, 195, 196, 200, 201, 217, 218, 222, 223], "functions": {"FlextAbstractMixin.mixin_setup": {"executed_lines": [], "summary": {"covered_lines": 0, "num_statements": 0, "percent_covered": 100.0, "percent_covered_display": "100", "missing_lines": 0, "excluded_lines": 1}, "missing_lines": [], "excluded_lines": [42]}, "FlextAbstractMixin.__init__": {"executed_lines": [46], "summary": {"covered_lines": 1, "num_statements": 1, "percent_covered": 100.0, "percent_covered_display": "100", "missing_lines": 0, "excluded_lines": 0}, "missing_lines": [], "excluded_lines": []}, "FlextAbstractTimestampMixin.update_timestamp": {"executed_lines": [], "summary": {"covered_lines": 0, "num_statements": 0, "percent_covered": 100.0, "percent_covered_display": "100", "missing_lines": 0, "excluded_lines": 1}, "missing_lines": [], "excluded_lines": [60]}, "FlextAbstractTimestampMixin.get_timestamp": {"executed_lines": [], "summary": {"covered_lines": 0, "num_statements": 0, "percent_covered": 100.0, "percent_covered_display": "100", "missing_lines": 0, "excluded_lines": 1}, "missing_lines": [], "excluded_lines": [65]}, "FlextAbstractTimestampMixin.mixin_setup": {"executed_lines": [], "summary": {"covered_lines": 0, "num_statements": 1, "percent_covered": 0.0, "percent_covered_display": "0", "missing_lines": 1, "excluded_lines": 0}, "missing_lines": [69], "excluded_lines": []}, "FlextAbstractIdentifiableMixin.get_id": {"executed_lines": [], "summary": {"covered_lines": 0, "num_statements": 0, "percent_covered": 100.0, "percent_covered_display": "100", "missing_lines": 0, "excluded_lines": 1}, "missing_lines": [], "excluded_lines": [83]}, "FlextAbstractIdentifiableMixin.set_id": {"executed_lines": [], "summary": {"covered_lines": 0, "num_statements": 0, "percent_covered": 100.0, "percent_covered_display": "100", "missing_lines": 0, "excluded_lines": 1}, "missing_lines": [], "excluded_lines": [88]}, "FlextAbstractIdentifiableMixin.mixin_setup": {"executed_lines": [], "summary": {"covered_lines": 0, "num_statements": 0, "percent_covered": 100.0, "percent_covered_display": "100", "missing_lines": 0, "excluded_lines": 0}, "missing_lines": [], "excluded_lines": []}, "FlextAbstractLoggableMixin.logger": {"executed_lines": [], "summary": {"covered_lines": 0, "num_statements": 0, "percent_covered": 100.0, "percent_covered_display": "100", "missing_lines": 0, "excluded_lines": 1}, "missing_lines": [], "excluded_lines": [106]}, "FlextAbstractLoggableMixin.log_operation": {"executed_lines": [], "summary": {"covered_lines": 0, "num_statements": 0, "percent_covered": 100.0, "percent_covered_display": "100", "missing_lines": 0, "excluded_lines": 1}, "missing_lines": [], "excluded_lines": [111]}, "FlextAbstractLoggableMixin.mixin_setup": {"executed_lines": [], "summary": {"covered_lines": 0, "num_statements": 0, "percent_covered": 100.0, "percent_covered_display": "100", "missing_lines": 0, "excluded_lines": 0}, "missing_lines": [], "excluded_lines": []}, "FlextAbstractValidatableMixin.validate": {"executed_lines": [], "summary": {"covered_lines": 0, "num_statements": 0, "percent_covered": 100.0, "percent_covered_display": "100", "missing_lines": 0, "excluded_lines": 1}, "missing_lines": [], "excluded_lines": [128]}, "FlextAbstractValidatableMixin.is_valid": {"executed_lines": [], "summary": {"covered_lines": 0, "num_statements": 0, "percent_covered": 100.0, "percent_covered_display": "100", "missing_lines": 0, "excluded_lines": 2}, "missing_lines": [], "excluded_lines": [133, 134]}, "FlextAbstractValidatableMixin.mixin_setup": {"executed_lines": [], "summary": {"covered_lines": 0, "num_statements": 0, "percent_covered": 100.0, "percent_covered_display": "100", "missing_lines": 0, "excluded_lines": 0}, "missing_lines": [], "excluded_lines": []}, "FlextAbstractSerializableMixin.to_dict": {"executed_lines": [], "summary": {"covered_lines": 0, "num_statements": 0, "percent_covered": 100.0, "percent_covered_display": "100", "missing_lines": 0, "excluded_lines": 1}, "missing_lines": [], "excluded_lines": [151]}, "FlextAbstractSerializableMixin.load_from_dict": {"executed_lines": [], "summary": {"covered_lines": 0, "num_statements": 0, "percent_covered": 100.0, "percent_covered_display": "100", "missing_lines": 0, "excluded_lines": 1}, "missing_lines": [], "excluded_lines": [156]}, "FlextAbstractSerializableMixin.mixin_setup": {"executed_lines": [], "summary": {"covered_lines": 0, "num_statements": 0, "percent_covered": 100.0, "percent_covered_display": "100", "missing_lines": 0, "excluded_lines": 0}, "missing_lines": [], "excluded_lines": []}, "FlextAbstractEntityMixin.get_domain_events": {"executed_lines": [], "summary": {"covered_lines": 0, "num_statements": 0, "percent_covered": 100.0, "percent_covered_display": "100", "missing_lines": 0, "excluded_lines": 1}, "missing_lines": [], "excluded_lines": [173]}, "FlextAbstractEntityMixin.clear_domain_events": {"executed_lines": [], "summary": {"covered_lines": 0, "num_statements": 0, "percent_covered": 100.0, "percent_covered_display": "100", "missing_lines": 0, "excluded_lines": 1}, "missing_lines": [], "excluded_lines": [178]}, "FlextAbstractEntityMixin.mixin_setup": {"executed_lines": [], "summary": {"covered_lines": 0, "num_statements": 0, "percent_covered": 100.0, "percent_covered_display": "100", "missing_lines": 0, "excluded_lines": 0}, "missing_lines": [], "excluded_lines": []}, "FlextAbstractServiceMixin.get_service_name": {"executed_lines": [], "summary": {"covered_lines": 0, "num_statements": 0, "percent_covered": 100.0, "percent_covered_display": "100", "missing_lines": 0, "excluded_lines": 1}, "missing_lines": [], "excluded_lines": [195]}, "FlextAbstractServiceMixin.initialize_service": {"executed_lines": [], "summary": {"covered_lines": 0, "num_statements": 0, "percent_covered": 100.0, "percent_covered_display": "100", "missing_lines": 0, "excluded_lines": 1}, "missing_lines": [], "excluded_lines": [200]}, "FlextAbstractServiceMixin.mixin_setup": {"executed_lines": [], "summary": {"covered_lines": 0, "num_statements": 0, "percent_covered": 100.0, "percent_covered_display": "100", "missing_lines": 0, "excluded_lines": 0}, "missing_lines": [], "excluded_lines": []}, "FlextAbstractTimingMixin.start_timing": {"executed_lines": [], "summary": {"covered_lines": 0, "num_statements": 0, "percent_covered": 100.0, "percent_covered_display": "100", "missing_lines": 0, "excluded_lines": 1}, "missing_lines": [], "excluded_lines": [217]}, "FlextAbstractTimingMixin.stop_timing": {"executed_lines": [], "summary": {"covered_lines": 0, "num_statements": 0, "percent_covered": 100.0, "percent_covered_display": "100", "missing_lines": 0, "excluded_lines": 1}, "missing_lines": [], "excluded_lines": [222]}, "FlextAbstractTimingMixin.mixin_setup": {"executed_lines": [], "summary": {"covered_lines": 0, "num_statements": 0, "percent_covered": 100.0, "percent_covered_display": "100", "missing_lines": 0, "excluded_lines": 0}, "missing_lines": [], "excluded_lines": []}, "": {"executed_lines": [1, 17, 19, 20, 22, 32, 33, 39, 40, 44, 54, 55, 57, 58, 62, 63, 67, 77, 78, 80, 81, 85, 86, 90, 99, 100, 102, 103, 104, 108, 109, 113, 122, 123, 125, 126, 130, 131, 132, 136, 145, 146, 148, 149, 153, 154, 158, 167, 168, 170, 171, 175, 176, 180, 189, 190, 192, 193, 197, 198, 202, 211, 212, 214, 215, 219, 220, 224, 232], "summary": {"covered_lines": 55, "num_statements": 55, "percent_covered": 100.0, "percent_covered_display": "100", "missing_lines": 0, "excluded_lines": 23}, "missing_lines": [], "excluded_lines": [22, 23, 24, 25, 43, 61, 66, 84, 89, 107, 112, 129, 130, 131, 132, 152, 157, 174, 179, 196, 201, 218, 223]}}, "classes": {"FlextAbstractMixin": {"executed_lines": [46], "summary": {"covered_lines": 1, "num_statements": 1, "percent_covered": 100.0, "percent_covered_display": "100", "missing_lines": 0, "excluded_lines": 1}, "missing_lines": [], "excluded_lines": [42]}, "FlextAbstractTimestampMixin": {"executed_lines": [], "summary": {"covered_lines": 0, "num_statements": 1, "percent_covered": 0.0, "percent_covered_display": "0", "missing_lines": 1, "excluded_lines": 2}, "missing_lines": [69], "excluded_lines": [60, 65]}, "FlextAbstractIdentifiableMixin": {"executed_lines": [], "summary": {"covered_lines": 0, "num_statements": 0, "percent_covered": 100.0, "percent_covered_display": "100", "missing_lines": 0, "excluded_lines": 2}, "missing_lines": [], "excluded_lines": [83, 88]}, "FlextAbstractLoggableMixin": {"executed_lines": [], "summary": {"covered_lines": 0, "num_statements": 0, "percent_covered": 100.0, "percent_covered_display": "100", "missing_lines": 0, "excluded_lines": 2}, "missing_lines": [], "excluded_lines": [106, 111]}, "FlextAbstractValidatableMixin": {"executed_lines": [], "summary": {"covered_lines": 0, "num_statements": 0, "percent_covered": 100.0, "percent_covered_display": "100", "missing_lines": 0, "excluded_lines": 3}, "missing_lines": [], "excluded_lines": [128, 133, 134]}, "FlextAbstractSerializableMixin": {"executed_lines": [], "summary": {"covered_lines": 0, "num_statements": 0, "percent_covered": 100.0, "percent_covered_display": "100", "missing_lines": 0, "excluded_lines": 2}, "missing_lines": [], "excluded_lines": [151, 156]}, "FlextAbstractEntityMixin": {"executed_lines": [], "summary": {"covered_lines": 0, "num_statements": 0, "percent_covered": 100.0, "percent_covered_display": "100", "missing_lines": 0, "excluded_lines": 2}, "missing_lines": [], "excluded_lines": [173, 178]}, "FlextAbstractServiceMixin": {"executed_lines": [], "summary": {"covered_lines": 0, "num_statements": 0, "percent_covered": 100.0, "percent_covered_display": "100", "missing_lines": 0, "excluded_lines": 2}, "missing_lines": [], "excluded_lines": [195, 200]}, "FlextAbstractTimingMixin": {"executed_lines": [], "summary": {"covered_lines": 0, "num_statements": 0, "percent_covered": 100.0, "percent_covered_display": "100", "missing_lines": 0, "excluded_lines": 2}, "missing_lines": [], "excluded_lines": [217, 222]}, "": {"executed_lines": [1, 17, 19, 20, 22, 32, 33, 39, 40, 44, 54, 55, 57, 58, 62, 63, 67, 77, 78, 80, 81, 85, 86, 90, 99, 100, 102, 103, 104, 108, 109, 113, 122, 123, 125, 126, 130, 131, 132, 136, 145, 146, 148, 149, 153, 154, 158, 167, 168, 170, 171, 175, 176, 180, 189, 190, 192, 193, 197, 198, 202, 211, 212, 214, 215, 219, 220, 224, 232], "summary": {"covered_lines": 55, "num_statements": 55, "percent_covered": 100.0, "percent_covered_display": "100", "missing_lines": 0, "excluded_lines": 23}, "missing_lines": [], "excluded_lines": [22, 23, 24, 25, 43, 61, 66, 84, 89, 107, 112, 129, 130, 131, 132, 152, 157, 174, 179, 196, 201, 218, 223]}}}, "src/flext_core/commands.py": {"executed_lines": [1, 7, 9, 10, 11, 12, 13, 15, 17, 23, 24, 30, 31, 32, 33, 35, 64, 65, 75, 82, 87, 95, 100, 105, 110, 115, 121, 123, 125, 127, 129, 132, 135, 136, 144, 146, 153, 154, 155, 157, 162, 163, 169, 170, 177, 178, 186, 189, 192, 195, 196, 199, 202, 203, 206, 207, 214, 227, 237, 238, 239, 240, 241, 245, 250, 252, 255, 257, 269, 283, 295, 297, 310, 311, 313, 320, 321, 323, 324, 330, 332, 333, 341, 342, 350, 355, 361, 366, 368, 374, 375, 378, 379, 381, 383, 386, 387, 393, 395, 396, 407, 418, 419, 420, 421, 422, 425, 426, 427, 428, 429, 430, 431, 433, 437, 438, 439, 440, 441, 442, 445, 446, 447, 450, 451, 453, 454, 455, 456, 457, 459, 460, 463, 467, 473, 479, 480, 481, 482, 483, 484, 486, 491, 500, 505, 507, 514, 521, 523, 524, 526, 541, 547, 548, 553, 555, 556, 557, 559, 564, 572, 573, 574, 575, 576, 579, 580, 581, 582, 583, 584, 591, 592, 598, 629, 699, 701, 702, 704, 707, 708, 709, 712, 713, 714, 717, 718, 722, 724, 726, 733, 739, 740, 741, 742, 743, 748, 751, 753, 755, 756, 757, 758, 759, 761, 763, 764, 769, 771, 777, 797, 799, 805, 811, 812, 813, 814, 829, 833, 835, 837, 839, 840, 841, 842, 843, 845, 857, 861, 869, 870, 872, 873, 913, 918, 920, 926, 927, 928, 929, 930, 931, 933, 959, 960, 965, 969, 970, 974, 978, 985, 986, 993, 994, 998, 999, 1031], "summary": {"covered_lines": 247, "num_statements": 392, "percent_covered": 63.01020408163265, "percent_covered_display": "63", "missing_lines": 145, "excluded_lines": 3}, "missing_lines": [137, 139, 140, 141, 142, 179, 197, 264, 265, 266, 267, 275, 280, 281, 290, 291, 292, 293, 343, 351, 352, 353, 388, 390, 391, 392, 434, 435, 464, 465, 502, 503, 515, 518, 519, 532, 533, 539, 577, 578, 585, 590, 600, 601, 602, 603, 604, 605, 606, 607, 608, 609, 610, 611, 616, 617, 618, 624, 626, 627, 645, 646, 647, 648, 651, 653, 654, 656, 662, 664, 665, 668, 669, 671, 672, 675, 676, 677, 682, 687, 689, 690, 697, 719, 778, 784, 785, 786, 787, 788, 793, 796, 819, 820, 821, 822, 827, 831, 848, 849, 850, 853, 854, 855, 859, 863, 886, 890, 891, 892, 893, 894, 895, 898, 899, 902, 903, 905, 907, 935, 938, 939, 940, 941, 942, 943, 946, 947, 948, 950, 967, 972, 976, 980, 981, 982, 983, 996, 1012, 1013, 1014, 1015, 1016, 1017, 1019], "excluded_lines": [35, 36, 38], "functions": {"FlextCommands.Command.model_post_init": {"executed_lines": [125, 127, 129, 132, 135, 136], "summary": {"covered_lines": 6, "num_statements": 11, "percent_covered": 54.54545454545455, "percent_covered_display": "55", "missing_lines": 5, "excluded_lines": 0}, "missing_lines": [137, 139, 140, 141, 142], "excluded_lines": []}, "FlextCommands.Command.to_payload": {"executed_lines": [146, 153, 154, 155, 157], "summary": {"covered_lines": 5, "num_statements": 5, "percent_covered": 100.0, "percent_covered_display": "100", "missing_lines": 0, "excluded_lines": 0}, "missing_lines": [], "excluded_lines": []}, "FlextCommands.Command.from_payload": {"executed_lines": [169, 170, 177, 178, 186, 189, 192, 195, 196, 199, 202, 203, 206, 207, 214, 227, 237, 238, 239, 240, 241, 245, 250], "summary": {"covered_lines": 23, "num_statements": 25, "percent_covered": 92.0, "percent_covered_display": "92", "missing_lines": 2, "excluded_lines": 0}, "missing_lines": [179, 197], "excluded_lines": []}, "FlextCommands.Command.validate_command": {"executed_lines": [255], "summary": {"covered_lines": 1, "num_statements": 1, "percent_covered": 100.0, "percent_covered_display": "100", "missing_lines": 0, "excluded_lines": 0}, "missing_lines": [], "excluded_lines": []}, "FlextCommands.Command.require_field": {"executed_lines": [], "summary": {"cover
[...]
": []}, "flext_validate_service_name": {"executed_lines": [561], "summary": {"covered_lines": 1, "num_statements": 1, "percent_covered": 100.0, "percent_covered_display": "100", "missing_lines": 0, "excluded_lines": 0}, "missing_lines": [], "excluded_lines": []}, "FlextDomainValidator.__init__": {"executed_lines": [], "summary": {"covered_lines": 0, "num_statements": 1, "percent_covered": 0.0, "percent_covered_display": "0", "missing_lines": 1, "excluded_lines": 0}, "missing_lines": [592], "excluded_lines": []}, "FlextDomainValidator.validate_value": {"executed_lines": [], "summary": {"covered_lines": 0, "num_statements": 4, "percent_covered": 0.0, "percent_covered_display": "0", "missing_lines": 4, "excluded_lines": 0}, "missing_lines": [596, 597, 598, 599], "excluded_lines": []}, "FlextDomainValidator.validate": {"executed_lines": [], "summary": {"covered_lines": 0, "num_statements": 1, "percent_covered": 0.0, "percent_covered_display": "0", "missing_lines": 1, "excluded_lines": 0}, "missing_lines": [604], "excluded_lines": []}, "": {"executed_lines": [1, 12, 14, 15, 17, 19, 20, 21, 23, 31, 32, 34, 36, 37, 38, 41, 42, 44, 46, 47, 48, 51, 52, 54, 55, 59, 60, 64, 65, 71, 72, 79, 80, 87, 88, 94, 95, 101, 102, 108, 109, 115, 116, 120, 121, 125, 126, 130, 131, 136, 137, 139, 140, 144, 145, 149, 150, 160, 174, 209, 241, 255, 260, 265, 285, 286, 293, 300, 307, 308, 309, 310, 317, 318, 325, 326, 337, 338, 339, 340, 341, 342, 343, 345, 346, 363, 364, 380, 381, 397, 398, 420, 421, 460, 480, 504, 528, 548, 584, 585, 590, 594, 602, 607, 633, 636], "summary": {"covered_lines": 98, "num_statements": 98, "percent_covered": 100.0, "percent_covered_display": "100", "missing_lines": 0, "excluded_lines": 2}, "missing_lines": [], "excluded_lines": [23, 24]}}, "classes": {"_ValidationConfig": {"executed_lines": [], "summary": {"covered_lines": 0, "num_statements": 0, "percent_covered": 100.0, "percent_covered_display": "100", "missing_lines": 0, "excluded_lines": 0}, "missing_lines": [], "excluded_lines": []}, "_ValidationResult": {"executed_lines": [], "summary": {"covered_lines": 0, "num_statements": 0, "percent_covered": 100.0, "percent_covered_display": "100", "missing_lines": 0, "excluded_lines": 0}, "missing_lines": [], "excluded_lines": []}, "_BaseValidators": {"executed_lines": [57, 62, 67, 68, 69, 74, 76, 77, 82, 84, 85, 90, 92, 97, 99, 104, 106, 111, 113, 118, 123, 128, 133], "summary": {"covered_lines": 23, "num_statements": 29, "percent_covered": 79.3103448275862, "percent_covered_display": "79", "missing_lines": 6, "excluded_lines": 0}, "missing_lines": [75, 83, 91, 98, 105, 112], "excluded_lines": []}, "_BasePredicates": {"executed_lines": [142, 147, 152], "summary": {"covered_lines": 3, "num_statements": 3, "percent_covered": 100.0, "percent_covered_display": "100", "missing_lines": 0, "excluded_lines": 0}, "missing_lines": [], "excluded_lines": []}, "FlextValidation": {"executed_lines": [], "summary": {"covered_lines": 0, "num_statements": 21, "percent_covered": 0.0, "percent_covered_display": "0", "missing_lines": 21, "excluded_lines": 0}, "missing_lines": [348, 349, 354, 355, 356, 358, 359, 361, 375, 376, 378, 392, 393, 395, 414, 440, 441, 442, 443, 444, 445], "excluded_lines": []}, "FlextDomainValidator": {"executed_lines": [], "summary": {"covered_lines": 0, "num_statements": 6, "percent_covered": 0.0, "percent_covered_display": "0", "missing_lines": 6, "excluded_lines": 0}, "missing_lines": [592, 596, 597, 598, 599, 604], "excluded_lines": []}, "": {"executed_lines": [1, 12, 14, 15, 17, 19, 20, 21, 23, 31, 32, 34, 36, 37, 38, 41, 42, 44, 46, 47, 48, 51, 52, 54, 55, 59, 60, 64, 65, 71, 72, 79, 80, 87, 88, 94, 95, 101, 102, 108, 109, 115, 116, 120, 121, 125, 126, 130, 131, 136, 137, 139, 140, 144, 145, 149, 150, 160, 174, 209, 241, 246, 247, 252, 255, 260, 262, 265, 267, 285, 286, 293, 300, 307, 308, 309, 310, 317, 318, 325, 326, 337, 338, 339, 340, 341, 342, 343, 345, 346, 363, 364, 380, 381, 397, 398, 420, 421, 460, 480, 504, 528, 545, 548, 561, 584, 585, 590, 594, 602, 607, 633, 636], "summary": {"covered_lines": 105, "num_statements": 128, "percent_covered": 82.03125, "percent_covered_display": "82", "missing_lines": 23, "excluded_lines": 2}, "missing_lines": [165, 166, 171, 181, 182, 188, 189, 190, 196, 200, 206, 216, 217, 223, 224, 225, 231, 232, 238, 257, 477, 501, 525], "excluded_lines": [23, 24]}}}, "src/flext_core/validation_base.py": {"executed_lines": [1, 21, 23, 24, 26, 28, 32, 33, 35, 36, 40, 45, 46, 48, 52, 61, 62, 70, 71, 75, 76, 81, 82, 84, 90, 94, 98, 102, 108, 115, 130, 138], "summary": {"covered_lines": 26, "num_statements": 52, "percent_covered": 50.0, "percent_covered_display": "50", "missing_lines": 26, "excluded_lines": 9}, "missing_lines": [42, 50, 54, 55, 56, 57, 58, 86, 87, 88, 92, 96, 100, 104, 105, 106, 110, 111, 112, 121, 122, 123, 124, 125, 127, 134], "excluded_lines": [28, 29, 38, 39, 73, 74, 78, 79, 80], "functions": {"FlextAbstractValidator.validate_value": {"executed_lines": [], "summary": {"covered_lines": 0, "num_statements": 0, "percent_covered": 100.0, "percent_covered_display": "100", "missing_lines": 0, "excluded_lines": 1}, "missing_lines": [], "excluded_lines": [38]}, "FlextAbstractValidator.__call__": {"executed_lines": [], "summary": {"covered_lines": 0, "num_statements": 1, "percent_covered": 0.0, "percent_covered_display": "0", "missing_lines": 1, "excluded_lines": 0}, "missing_lines": [42], "excluded_lines": []}, "FlextCompositeValidator.__init__": {"executed_lines": [], "summary": {"covered_lines": 0, "num_statements": 1, "percent_covered": 0.0, "percent_covered_display": "0", "missing_lines": 1, "excluded_lines": 0}, "missing_lines": [50], "excluded_lines": []}, "FlextCompositeValidator.validate_value": {"executed_lines": [], "summary": {"covered_lines": 0, "num_statements": 5, "percent_covered": 0.0, "percent_covered_display": "0", "missing_lines": 5, "excluded_lines": 0}, "missing_lines": [54, 55, 56, 57, 58], "excluded_lines": []}, "FlextAbstractValidationRule.apply": {"executed_lines": [], "summary": {"covered_lines": 0, "num_statements": 0, "percent_covered": 100.0, "percent_covered_display": "100", "missing_lines": 0, "excluded_lines": 1}, "missing_lines": [], "excluded_lines": [73]}, "FlextAbstractValidationRule.get_description": {"executed_lines": [], "summary": {"covered_lines": 0, "num_statements": 0, "percent_covered": 100.0, "percent_covered_display": "100", "missing_lines": 0, "excluded_lines": 1}, "missing_lines": [], "excluded_lines": [78]}, "FlextValidationContext.__init__": {"executed_lines": [], "summary": {"covered_lines": 0, "num_statements": 3, "percent_covered": 0.0, "percent_covered_display": "0", "missing_lines": 3, "excluded_lines": 0}, "missing_lines": [86, 87, 88], "excluded_lines": []}, "FlextValidationContext.add_error": {"executed_lines": [], "summary": {"covered_lines": 0, "num_statements": 1, "percent_covered": 0.0, "percent_covered_display": "0", "missing_lines": 1, "excluded_lines": 0}, "missing_lines": [92], "excluded_lines": []}, "FlextValidationContext.add_warning": {"executed_lines": [], "summary": {"covered_lines": 0, "num_statements": 1, "percent_covered": 0.0, "percent_covered_display": "0", "missing_lines": 1, "excluded_lines": 0}, "missing_lines": [96], "excluded_lines": []}, "FlextValidationContext.has_errors": {"executed_lines": [], "summary": {"covered_lines": 0, "num_statements": 1, "percent_covered": 0.0, "percent_covered_display": "0", "missing_lines": 1, "excluded_lines": 0}, "missing_lines": [100], "excluded_lines": []}, "FlextValidationContext.get_result": {"executed_lines": [], "summary": {"covered_lines": 0, "num_statements": 3, "percent_covered": 0.0, "percent_covered_display": "0", "missing_lines": 3, "excluded_lines": 0}, "missing_lines": [104, 105, 106], "excluded_lines": []}, "FlextValidationContext.clear": {"executed_lines": [], "summary": {"covered_lines": 0, "num_statements": 3, "percent_covered": 0.0, "percent_covered_display": "0", "missing_lines": 3, "excluded_lines": 0}, "missing_lines": [110, 111, 112], "excluded_lines": []}, "create_flext_validator": {"executed_lines": [], "summary": {"covered_lines": 0, "num_statements": 3, "percent_covered": 0.0, "percent_covered_display": "0", "missing_lines": 3, "excluded_lines": 0}, "missing_lines": [121, 122, 127], "excluded_lines": []}, "create_flext_validator.SimpleValidator.validate_value": {"executed_lines": [], "summary": {"covered_lines": 0, "num_statements": 3, "percent_covered": 0.0, "percent_covered_display": "0", "missing_lines": 3, "excluded_lines": 0}, "missing_lines": [123, 124, 125], "excluded_lines": []}, "chain_flext_validators": {"executed_lines": [], "summary": {"covered_lines": 0, "num_statements": 1, "percent_covered": 0.0, "percent_covered_display": "0", "missing_lines": 1, "excluded_lines": 0}, "missing_lines": [134], "excluded_lines": []}, "": {"executed_lines": [1, 21, 23, 24, 26, 28, 32, 33, 35, 36, 40, 45, 46, 48, 52, 61, 62, 70, 71, 75, 76, 81, 82, 84, 90, 94, 98, 102, 108, 115, 130, 138], "summary": {"covered_lines": 26, "num_statements": 26, "percent_covered": 100.0, "percent_covered_display": "100", "missing_lines": 0, "excluded_lines": 6}, "missing_lines": [], "excluded_lines": [28, 29, 39, 74, 79, 80]}}, "classes": {"FlextAbstractValidator": {"executed_lines": [], "summary": {"covered_lines": 0, "num_statements": 1, "percent_covered": 0.0, "percent_covered_display": "0", "missing_lines": 1, "excluded_lines": 1}, "missing_lines": [42], "excluded_lines": [38]}, "FlextCompositeValidator": {"executed_lines": [], "summary": {"covered_lines": 0, "num_statements": 6, "percent_covered": 0.0, "percent_covered_display": "0", "missing_lines": 6, "excluded_lines": 0}, "missing_lines": [50, 54, 55, 56, 57, 58], "excluded_lines": []}, "FlextAbstractValidationRule": {"executed_lines": [], "summary": {"covered_lines": 0, "num_statements": 0, "percent_covered": 100.0, "percent_covered_display": "100", "missing_lines": 0, "excluded_lines": 2}, "missing_lines": [], "excluded_lines": [73, 78]}, "FlextValidationContext": {"executed_lines": [], "summary": {"covered_lines": 0, "num_statements": 12, "percent_covered": 0.0, "percent_covered_display": "0", "missing_lines": 12, "excluded_lines": 0}, "missing_lines": [86, 87, 88, 92, 96, 100, 104, 105, 106, 110, 111, 112], "excluded_lines": []}, "create_flext_validator.SimpleValidator": {"executed_lines": [], "summary": {"covered_lines": 0, "num_statements": 3, "percent_covered": 0.0, "percent_covered_display": "0", "missing_lines": 3, "excluded_lines": 0}, "missing_lines": [123, 124, 125], "excluded_lines": []}, "": {"executed_lines": [1, 21, 23, 24, 26, 28, 32, 33, 35, 36, 40, 45, 46, 48, 52, 61, 62, 70, 71, 75, 76, 81, 82, 84, 90, 94, 98, 102, 108, 115, 130, 138], "summary": {"covered_lines": 26, "num_statements": 30, "percent_covered": 86.66666666666667, "percent_covered_display": "87", "missing_lines": 4, "excluded_lines": 6}, "missing_lines": [121, 122, 127, 134], "excluded_lines": [28, 29, 39, 74, 79, 80]}}}, "src/flext_core/value_objects.py": {"executed_lines": [1, 14, 16, 17, 19, 21, 22, 23, 24, 25, 26, 27, 28, 30, 39, 47, 54, 61, 68, 70, 71, 72, 73, 74, 75, 76, 79, 80, 81, 82, 84, 86, 93, 95, 96, 102, 103, 109, 119, 120, 121, 126, 128, 132, 134, 146, 147, 148, 149, 150, 152, 157, 159, 169, 172, 174, 176, 179, 180, 181, 183, 184, 186, 188, 190, 191, 192, 193, 195, 196, 198, 201, 202, 205, 209, 218, 219, 220, 227, 235, 236, 239, 240, 249, 256, 260, 261, 268, 269, 270, 272, 276, 277, 279, 281, 289, 290, 291, 297, 301, 304, 305, 306, 312, 316, 318, 319, 320, 321, 322, 324, 326, 331, 333, 334, 335, 338, 340, 342, 344, 348, 350, 351, 352, 353, 354, 355, 356, 357, 358, 360, 362, 364, 375, 376, 383, 384, 399, 402, 403, 404, 405, 406, 407, 410, 411, 412, 416, 427], "summary": {"covered_lines": 145, "num_statements": 155, "percent_covered": 93.54838709677419, "percent_covered_display": "94", "missing_lines": 10, "excluded_lines": 2}, "missing_lines": [151, 177, 207, 294, 295, 302, 307, 308, 309, 310], "excluded_lines": [30, 31], "functions": {"FlextValueObject.__hash__": {"executed_lines": [68, 79, 80, 81, 82, 84], "summary": {"covered_lines": 6, "num_statements": 6, "percent_covered": 100.0, "percent_covered_display": "100", "missing_lines": 0, "excluded_lines": 0}, "missing_lines": [], "excluded_lines": []}, "FlextValueObject.__hash__.make_hashable": {"executed_lines": [70, 71, 72, 73, 74, 75, 76], "summary": {"covered_lines": 7, "num_statements": 7, "percent_covered": 100.0, "percent_covered_display": "100", "missing_lines": 0, "excluded_lines": 0}, "missing_lines": [], "excluded_lines": []}, "FlextValueObject.__init_subclass__": {"executed_lines": [93, 95, 96], "summary": {"covered_lines": 3, "num_statements": 3, "percent_covered": 100.0, "percent_covered_display": "100", "missing_lines": 0, "excluded_lines": 0}, "missing_lines": [], "excluded_lines": []}, "FlextValueObject.validate_business_rules": {"executed_lines": [], "summary": {"covered_lines": 0, "num_statements": 0, "percent_covered": 100.0, "percent_covered_display": "100", "missing_lines": 0, "excluded_lines": 0}, "missing_lines": [], "excluded_lines": []}, "FlextValueObject.validate_flext": {"executed_lines": [119, 120, 121, 126, 128, 132], "summary": {"covered_lines": 6, "num_statements": 6, "percent_covered": 100.0, "percent_covered_display": "100", "missing_lines": 0, "excluded_lines": 0}, "missing_lines": [], "excluded_lines": []}, "FlextValueObject.validate_field": {"executed_lines": [146, 147, 148, 149, 150, 152, 157], "summary": {"covered_lines": 7, "num_statements": 8, "percent_covered": 87.5, "percent_covered_display": "88", "missing_lines": 1, "excluded_lines": 0}, "missing_lines": [151], "excluded_lines": []}, "FlextValueObject.validate_all_fields": {"executed_lines": [169, 172, 174, 176, 179, 180, 181, 183, 184, 186], "summary": {"covered_lines": 10, "num_statements": 11, "percent_covered": 90.9090909090909, "percent_covered_display": "91", "missing_lines": 1, "excluded_lines": 0}, "missing_lines": [177], "excluded_lines": []}, "FlextValueObject.format_dict": {"executed_lines": [190, 191, 192, 193, 195, 196], "summary": {"covered_lines": 6, "num_statements": 6, "percent_covered": 100.0, "percent_covered_display": "100", "missing_lines": 0, "excluded_lines": 0}, "missing_lines": [], "excluded_lines": []}, "FlextValueObject.__str__": {"executed_lines": [201, 202], "summary": {"covered_lines": 2, "num_statements": 2, "percent_covered": 100.0, "percent_covered_display": "100", "missing_lines": 0, "excluded_lines": 0}, "missing_lines": [], "excluded_lines": []}, "FlextValueObject.to_dict_basic": {"executed_lines": [], "summary": {"covered_lines": 0, "num_statements": 1, "percent_covered": 0.0, "percent_covered_display": "0", "missing_lines": 1, "excluded_lines": 0}, "missing_lines": [207], "excluded_lines": []}, "FlextValueObject.to_payload": {"executed_lines": [218, 219, 220, 227, 235, 236, 239, 240, 249, 256, 260, 261, 268, 269, 270, 272, 276, 277, 279], "summary": {"covered_lines": 19, "num_statements": 19, "percent_covered": 100.0, "percent_covered_display": "100", "missing_lines": 0, "excluded_lines": 0}, "missing_lines": [], "excluded_lines": []}, "FlextValueObject._extract_serializable_attributes": {"executed_lines": [289, 290, 291], "summary": {"covered_lines": 3, "num_statements": 5, "percent_covered": 60.0, "percent_covered_display": "60", "missing_lines": 2, "excluded_lines": 0}, "missing_lines": [294, 295], "excluded_lines": []}, "FlextValueObject._try_pydantic_serialization": {"executed_lines": [301, 304, 305, 306], "summary": {"covered_lines": 4, "num_statements": 9, "percent_covered": 44.44444444444444, "percent_covered_display": "44", "missing_lines": 5, "excluded_lines": 0}, "missing_lines": [302, 307, 308, 309, 310], "excluded_lines": []}, "FlextValueObject._try_manual_extraction": {"executed_lines": [316, 318, 319, 320, 321, 322, 324], "summary": {"covered_lines": 7, "num_statements": 7, "percent_covered": 100.0, "percent_covered_display": "100", "missing_lines": 0, "excluded_lines": 0}, "missing_lines": [], "excluded_lines": []}, "FlextValueObject._process_serializable_values": {"executed_lines": [331, 333, 334, 335, 338, 340], "summary": {"covered_lines": 6, "num_statements": 6, "percent_covered": 100.0, "percent_covered_display": "100", "missing_lines": 0, "excluded_lines": 0}, "missing_lines": [], "excluded_lines": []}, "FlextValueObject._should_include_attribute": {"executed_lines": [344], "summary": {"covered_lines": 1, "num_statements": 1, "percent_covered": 100.0, "percent_covered_display": "100", "missing_lines": 0, "excluded_lines": 0}, "missing_lines": [], "excluded_lines": []}, "FlextValueObject._safely_get_attribute": {"executed_lines": [350, 351, 352, 353, 354, 355, 356, 357, 358, 360], "summary": {"covered_lines": 10, "num_statements": 10, "percent_covered": 100.0, "percent_covered_display": "100", "missing_lines": 0, "excluded_lines": 0}, "missing_lines": [], "excluded_lines": []}, "FlextValueObject._get_fallback_info": {"executed_lines": [364], "summary": {"covered_lines": 1, "num_statements": 1, "percent_covered": 100.0, "percent_covered_display": "100", "missing_lines": 0, "excluded_lines": 0}, "missing_lines": [], "excluded_lines": []}, "FlextValueObjectFactory.create_value_object_factory": {"executed_lines": [399, 416], "summary": {"covered_lines": 2, "num_statements": 2, "percent_covered": 100.0, "percent_covered_display": "100", "missing_lines": 0, "excluded_lines": 0}, "missing_lines": [], "excluded_lines": []}, "FlextValueObjectFactory.create_value_object_factory.factory": {"executed_lines": [402, 403, 404, 405, 406, 407, 410, 411, 412], "summary": {"covered_lines": 9, "num_statements": 9, "percent_covered": 100.0, "percent_covered_display": "100", "missing_lines": 0, "excluded_lines": 0}, "missing_lines": [], "excluded_lines": []}, "": {"executed_lines": [1, 14, 16, 17, 19, 21, 22, 23, 24, 25, 26, 27, 28, 30, 39, 47, 54, 61, 86, 102, 103, 109, 134, 159, 188, 198, 205, 209, 281, 297, 312, 326, 342, 348, 362, 375, 376, 383, 384, 427], "summary": {"covered_lines": 36, "num_statements": 36, "percent_covered": 100.0, "percent_covered_display": "100", "missing_lines": 0, "excluded_lines": 2}, "missing_lines": [], "excluded_lines": [30, 31]}}, "classes": {"FlextValueObject": {"executed_lines": [68, 70, 71, 72, 73, 74, 75, 76, 79, 80, 81, 82, 84, 93, 95, 96, 119, 120, 121, 126, 128, 132, 146, 147, 148, 149, 150, 152, 157, 169, 172, 174, 176, 179, 180, 181, 183, 184, 186, 190, 191, 192, 193, 195, 196, 201, 202, 218, 219, 220, 227, 235, 236, 239, 240, 249, 256, 260, 261, 268, 269, 270, 272, 276, 277, 279, 289, 290, 291, 301, 304, 305, 306, 316, 318, 319, 320, 321, 322, 324, 331, 333, 334, 335, 338, 340, 344, 350, 351, 352, 353, 354, 355, 356, 357, 358, 360, 364], "summary": {"covered_lines": 98, "num_statements": 108, "percent_covered": 90.74074074074075, "percent_covered_display": "91", "missing_lines": 10, "excluded_lines": 0}, "missing_lines": [151, 177, 207, 294, 295, 302, 307, 308, 309, 310], "excluded_lines": []}, "FlextValueObjectFactory": {"executed_lines": [399, 402, 403, 404, 405, 406, 407, 410, 411, 412, 416], "summary": {"covered_lines": 11, "num_statements": 11, "percent_covered": 100.0, "percent_covered_display": "100", "missing_lines": 0, "excluded_lines": 0}, "missing_lines": [], "excluded_lines": []}, "": {"executed_lines": [1, 14, 16, 17, 19, 21, 22, 23, 24, 25, 26, 27, 28, 30, 39, 47, 54, 61, 86, 102, 103, 109, 134, 159, 188, 198, 205, 209, 281, 297, 312, 326, 342, 348, 362, 375, 376, 383, 384, 427], "summary": {"covered_lines": 36, "num_statements": 36, "percent_covered": 100.0, "percent_covered_display": "100", "missing_lines": 0, "excluded_lines": 2}, "missing_lines": [], "excluded_lines": [30, 31]}}}}, "totals": {"covered_lines": 7033, "num_statements": 9351, "percent_covered": 75.21120735750188, "percent_covered_display": "75", "missing_lines": 2318, "excluded_lines": 672}}
